--------------------------------------------------------------------------------
Release 14.7 Trace  (nt)
Copyright (c) 1995-2013 Xilinx, Inc.  All rights reserved.

D:\Xilinx\14.7\ISE_DS\ISE\bin\nt\unwrapped\trce.exe -intstyle ise -v 3 -s 3 -n
3 -fastpaths -xml vga_stripes_top.twx vga_stripes_top.ncd -o
vga_stripes_top.twr vga_stripes_top.pcf

Design file:              vga_stripes_top.ncd
Physical constraint file: vga_stripes_top.pcf
Device,package,speed:     xc6slx16,csg324,C,-3 (PRODUCTION 1.23 2013-10-13)
Report level:             verbose report

Environment Variable      Effect 
--------------------      ------ 
NONE                      No environment variables were set
--------------------------------------------------------------------------------

INFO:Timing:3412 - To improve timing, see the Timing Closure User Guide (UG612).
INFO:Timing:2752 - To get complete path coverage, use the unconstrained paths 
   option. All paths that are not constrained will be reported in the 
   unconstrained paths section(s) of the report.
INFO:Timing:3339 - The clock-to-out numbers in this timing report are based on 
   a 50 Ohm transmission line loading model.  For the details of this model, 
   and for more information on accounting for different loading conditions, 
   please see the device datasheet.

================================================================================
Timing constraint: TS_sys_clk_pin = PERIOD TIMEGRP "sys_clk_pin" 100 MHz HIGH 
50%;
For more information, see Period Analysis in the Timing Closure User Guide (UG612).

 3 paths analyzed, 3 endpoints analyzed, 0 failing endpoints
 0 timing errors detected. (0 setup errors, 0 hold errors, 0 component switching limit errors)
 Minimum period is   1.730ns.
--------------------------------------------------------------------------------

Paths for end point U1/p_1 (SLICE_X11Y24.B1), 1 path
--------------------------------------------------------------------------------
Slack (setup path):     8.825ns (requirement - (data path - clock path skew + uncertainty))
  Source:               U1/p_0 (FF)
  Destination:          U1/p_1 (FF)
  Requirement:          10.000ns
  Data Path Delay:      1.140ns (Levels of Logic = 1)
  Clock Path Skew:      0.000ns
  Source Clock:         mclk_BUFGP rising at 0.000ns
  Destination Clock:    mclk_BUFGP rising at 10.000ns
  Clock Uncertainty:    0.035ns

  Clock Uncertainty:          0.035ns  ((TSJ^2 + TIJ^2)^1/2 + DJ) / 2 + PE
    Total System Jitter (TSJ):  0.070ns
    Total Input Jitter (TIJ):   0.000ns
    Discrete Jitter (DJ):       0.000ns
    Phase Error (PE):           0.000ns

  Maximum Data Path at Slow Process Corner: U1/p_0 to U1/p_1
    Location             Delay type         Delay(ns)  Physical Resource
                                                       Logical Resource(s)
    -------------------------------------------------  -------------------
    SLICE_X11Y24.AQ      Tcko                  0.391   U1/p<1>
                                                       U1/p_0
    SLICE_X11Y24.B1      net (fanout=2)        0.427   U1/p<0>
    SLICE_X11Y24.CLK     Tas                   0.322   U1/p<1>
                                                       U1/Mcount_p_xor<1>11
                                                       U1/p_1
    -------------------------------------------------  ---------------------------
    Total                                      1.140ns (0.713ns logic, 0.427ns route)
                                                       (62.5% logic, 37.5% route)

--------------------------------------------------------------------------------

Paths for end point U1/p_1 (SLICE_X11Y24.B5), 1 path
--------------------------------------------------------------------------------
Slack (setup path):     9.051ns (requirement - (data path - clock path skew + uncertainty))
  Source:               U1/p_1 (FF)
  Destination:          U1/p_1 (FF)
  Requirement:          10.000ns
  Data Path Delay:      0.914ns (Levels of Logic = 1)
  Clock Path Skew:      0.000ns
  Source Clock:         mclk_BUFGP rising at 0.000ns
  Destination Clock:    mclk_BUFGP rising at 10.000ns
  Clock Uncertainty:    0.035ns

  Clock Uncertainty:          0.035ns  ((TSJ^2 + TIJ^2)^1/2 + DJ) / 2 + PE
    Total System Jitter (TSJ):  0.070ns
    Total Input Jitter (TIJ):   0.000ns
    Discrete Jitter (DJ):       0.000ns
    Phase Error (PE):           0.000ns

  Maximum Data Path at Slow Process Corner: U1/p_1 to U1/p_1
    Location             Delay type         Delay(ns)  Physical Resource
                                                       Logical Resource(s)
    -------------------------------------------------  -------------------
    SLICE_X11Y24.BQ      Tcko                  0.391   U1/p<1>
                                                       U1/p_1
    SLICE_X11Y24.B5      net (fanout=2)        0.201   U1/p<1>
    SLICE_X11Y24.CLK     Tas                   0.322   U1/p<1>
                                                       U1/Mcount_p_xor<1>11
                                                       U1/p_1
    -------------------------------------------------  ---------------------------
    Total                                      0.914ns (0.713ns logic, 0.201ns route)
                                                       (78.0% logic, 22.0% route)

--------------------------------------------------------------------------------

Paths for end point U1/p_0 (SLICE_X11Y24.A6), 1 path
--------------------------------------------------------------------------------
Slack (setup path):     9.127ns (requirement - (data path - clock path skew + uncertainty))
  Source:               U1/p_0 (FF)
  Destination:          U1/p_0 (FF)
  Requirement:          10.000ns
  Data Path Delay:      0.838ns (Levels of Logic = 1)
  Clock Path Skew:      0.000ns
  Source Clock:         mclk_BUFGP rising at 0.000ns
  Destination Clock:    mclk_BUFGP rising at 10.000ns
  Clock Uncertainty:    0.035ns

  Clock Uncertainty:          0.035ns  ((TSJ^2 + TIJ^2)^1/2 + DJ) / 2 + PE
    Total System Jitter (TSJ):  0.070ns
    Total Input Jitter (TIJ):   0.000ns
    Discrete Jitter (DJ):       0.000ns
    Phase Error (PE):           0.000ns

  Maximum Data Path at Slow Process Corner: U1/p_0 to U1/p_0
    Location             Delay type         Delay(ns)  Physical Resource
                                                       Logical Resource(s)
    -------------------------------------------------  -------------------
    SLICE_X11Y24.AQ      Tcko                  0.391   U1/p<1>
                                                       U1/p_0
    SLICE_X11Y24.A6      net (fanout=2)        0.125   U1/p<0>
    SLICE_X11Y24.CLK     Tas                   0.322   U1/p<1>
                                                       U1/Mcount_p_xor<0>11_INV_0
                                                       U1/p_0
    -------------------------------------------------  ---------------------------
    Total                                      0.838ns (0.713ns logic, 0.125ns route)
                                                       (85.1% logic, 14.9% route)

--------------------------------------------------------------------------------

Hold Paths: TS_sys_clk_pin = PERIOD TIMEGRP "sys_clk_pin" 100 MHz HIGH 50%;
--------------------------------------------------------------------------------

Paths for end point U1/p_0 (SLICE_X11Y24.A6), 1 path
--------------------------------------------------------------------------------
Slack (hold path):      0.436ns (requirement - (clock path skew + uncertainty - data path))
  Source:               U1/p_0 (FF)
  Destination:          U1/p_0 (FF)
  Requirement:          0.000ns
  Data Path Delay:      0.436ns (Levels of Logic = 1)
  Clock Path Skew:      0.000ns
  Source Clock:         mclk_BUFGP rising at 10.000ns
  Destination Clock:    mclk_BUFGP rising at 10.000ns
  Clock Uncertainty:    0.000ns

  Minimum Data Path at Fast Process Corner: U1/p_0 to U1/p_0
    Location             Delay type         Delay(ns)  Physical Resource
                                                       Logical Resource(s)
    -------------------------------------------------  -------------------
    SLICE_X11Y24.AQ      Tcko                  0.198   U1/p<1>
                                                       U1/p_0
    SLICE_X11Y24.A6      net (fanout=2)        0.023   U1/p<0>
    SLICE_X11Y24.CLK     Tah         (-Th)    -0.215   U1/p<1>
                                                       U1/Mcount_p_xor<0>11_INV_0
                                                       U1/p_0
    -------------------------------------------------  ---------------------------
    Total                                      0.436ns (0.413ns logic, 0.023ns route)
                                                       (94.7% logic, 5.3% route)

--------------------------------------------------------------------------------

Paths for end point U1/p_1 (SLICE_X11Y24.B5), 1 path
--------------------------------------------------------------------------------
Slack (hold path):      0.489ns (requirement - (clock path skew + uncertainty - data path))
  Source:               U1/p_1 (FF)
  Destination:          U1/p_1 (FF)
  Requirement:          0.000ns
  Data Path Delay:      0.489ns (Levels of Logic = 1)
  Clock Path Skew:      0.000ns
  Source Clock:         mclk_BUFGP rising at 10.000ns
  Destination Clock:    mclk_BUFGP rising at 10.000ns
  Clock Uncertainty:    0.000ns

  Minimum Data Path at Fast Process Corner: U1/p_1 to U1/p_1
    Location             Delay type         Delay(ns)  Physical Resource
                                                       Logical Resource(s)
    -------------------------------------------------  -------------------
    SLICE_X11Y24.BQ      Tcko                  0.198   U1/p<1>
                                                       U1/p_1
    SLICE_X11Y24.B5      net (fanout=2)        0.076   U1/p<1>
    SLICE_X11Y24.CLK     Tah         (-Th)    -0.215   U1/p<1>
                                                       U1/Mcount_p_xor<1>11
                                                       U1/p_1
    -------------------------------------------------  ---------------------------
    Total                                      0.489ns (0.413ns logic, 0.076ns route)
                                                       (84.5% logic, 15.5% route)

--------------------------------------------------------------------------------

Paths for end point U1/p_1 (SLICE_X11Y24.B1), 1 path
--------------------------------------------------------------------------------
Slack (hold path):      0.676ns (requirement - (clock path skew + uncertainty - data path))
  Source:               U1/p_0 (FF)
  Destination:          U1/p_1 (FF)
  Requirement:          0.000ns
  Data Path Delay:      0.676ns (Levels of Logic = 1)
  Clock Path Skew:      0.000ns
  Source Clock:         mclk_BUFGP rising at 10.000ns
  Destination Clock:    mclk_BUFGP rising at 10.000ns
  Clock Uncertainty:    0.000ns

  Minimum Data Path at Fast Process Corner: U1/p_0 to U1/p_1
    Location             Delay type         Delay(ns)  Physical Resource
                                                       Logical Resource(s)
    -------------------------------------------------  -------------------
    SLICE_X11Y24.AQ      Tcko                  0.198   U1/p<1>
                                                       U1/p_0
    SLICE_X11Y24.B1      net (fanout=2)        0.263   U1/p<0>
    SLICE_X11Y24.CLK     Tah         (-Th)    -0.215   U1/p<1>
                                                       U1/Mcount_p_xor<1>11
                                                       U1/p_1
    -------------------------------------------------  ---------------------------
    Total                                      0.676ns (0.413ns logic, 0.263ns route)
                                                       (61.1% logic, 38.9% route)

--------------------------------------------------------------------------------

Component Switching Limit Checks: TS_sys_clk_pin = PERIOD TIMEGRP "sys_clk_pin" 100 MHz HIGH 50%;
--------------------------------------------------------------------------------
Slack: 8.270ns (period - min period limit)
  Period: 10.000ns
  Min period limit: 1.730ns (578.035MHz) (Tbcper_I)
  Physical resource: mclk_BUFGP/BUFG/I0
  Logical resource: mclk_BUFGP/BUFG/I0
  Location pin: BUFGMUX_X3Y13.I0
  Clock network: mclk_BUFGP/IBUFG
--------------------------------------------------------------------------------
Slack: 9.606ns (period - min period limit)
  Period: 10.000ns
  Min period limit: 0.394ns (2538.071MHz) (Tcp)
  Physical resource: U1/p<1>/CLK
  Logical resource: U1/p_0/CK
  Location pin: SLICE_X11Y24.CLK
  Clock network: mclk_BUFGP
--------------------------------------------------------------------------------
Slack: 9.606ns (period - min period limit)
  Period: 10.000ns
  Min period limit: 0.394ns (2538.071MHz) (Tcp)
  Physical resource: U1/p<1>/CLK
  Logical resource: U1/p_1/CK
  Location pin: SLICE_X11Y24.CLK
  Clock network: mclk_BUFGP
--------------------------------------------------------------------------------


All constraints were met.


Data Sheet report:
-----------------
All values displayed in nanoseconds (ns)

Clock to Setup on destination clock mclk
---------------+---------+---------+---------+---------+
               | Src:Rise| Src:Fall| Src:Rise| Src:Fall|
Source Clock   |Dest:Rise|Dest:Rise|Dest:Fall|Dest:Fall|
---------------+---------+---------+---------+---------+
mclk           |    1.175|         |         |         |
---------------+---------+---------+---------+---------+


Timing summary:
---------------

Timing errors: 0  Score: 0  (Setup/Max: 0, Hold: 0)

Constraints cover 3 paths, 0 nets, and 5 connections

Design statistics:
   Minimum period:   1.730ns{1}   (Maximum frequency: 578.035MHz)


------------------------------------Footnotes-----------------------------------
1)  The minimum period statistic assumes all single cycle delays.

Analysis completed Sat Dec 06 12:30:04 2014 
--------------------------------------------------------------------------------

Trace Settings:
-------------------------
Trace Settings 

Peak Memory Usage: 170 MB



