Release 14.7 - xst P.20131013 (nt64)
Copyright (c) 1995-2013 Xilinx, Inc.  All rights reserved.
--> Parameter TMPDIR set to xst/projnav.tmp


Total REAL time to Xst completion: 0.00 secs
Total CPU time to Xst completion: 0.08 secs
 
--> Parameter xsthdpdir set to xst


Total REAL time to Xst completion: 0.00 secs
Total CPU time to Xst completion: 0.08 secs
 
--> Reading design: Framework.prj

TABLE OF CONTENTS
  1) Synthesis Options Summary
  2) HDL Parsing
  3) HDL Elaboration
  4) HDL Synthesis
       4.1) HDL Synthesis Report
  5) Advanced HDL Synthesis
       5.1) Advanced HDL Synthesis Report
  6) Low Level Synthesis
  7) Partition Report
  8) Design Summary
       8.1) Primitive and Black Box Usage
       8.2) Device utilization summary
       8.3) Partition Resource Summary
       8.4) Timing Report
            8.4.1) Clock Information
            8.4.2) Asynchronous Control Signals Information
            8.4.3) Timing Summary
            8.4.4) Timing Details
            8.4.5) Cross Clock Domains Report


=========================================================================
*                      Synthesis Options Summary                        *
=========================================================================
---- Source Parameters
Input File Name                    : "Framework.prj"
Ignore Synthesis Constraint File   : NO

---- Target Parameters
Output File Name                   : "Framework"
Output Format                      : NGC
Target Device                      : xc7k160t-2-ffg676

---- Source Options
Top Module Name                    : Framework
Automatic FSM Extraction           : YES
FSM Encoding Algorithm             : Auto
Safe Implementation                : No
FSM Style                          : LUT
RAM Extraction                     : Yes
RAM Style                          : Auto
ROM Extraction                     : Yes
Shift Register Extraction          : YES
ROM Style                          : Auto
Resource Sharing                   : YES
Asynchronous To Synchronous        : NO
Shift Register Minimum Size        : 2
Use DSP Block                      : Auto
Automatic Register Balancing       : No

---- Target Options
LUT Combining                      : Auto
Reduce Control Sets                : Auto
Add IO Buffers                     : YES
Global Maximum Fanout              : 100000
Add Generic Clock Buffer(BUFG)     : 32
Register Duplication               : YES
Optimize Instantiated Primitives   : NO
Use Clock Enable                   : Auto
Use Synchronous Set                : Auto
Use Synchronous Reset              : Auto
Pack IO Registers into IOBs        : Auto
Equivalent register Removal        : YES

---- General Options
Optimization Goal                  : Speed
Optimization Effort                : 1
Power Reduction                    : NO
Keep Hierarchy                     : No
Netlist Hierarchy                  : As_Optimized
RTL Output                         : Yes
Global Optimization                : AllClockNets
Read Cores                         : YES
Write Timing Constraints           : NO
Cross Clock Analysis               : NO
Hierarchy Separator                : /
Bus Delimiter                      : <>
Case Specifier                     : Maintain
Slice Utilization Ratio            : 100
BRAM Utilization Ratio             : 100
DSP48 Utilization Ratio            : 100
Auto BRAM Packing                  : NO
Slice Utilization Ratio Delta      : 5

=========================================================================


=========================================================================
*                          HDL Parsing                                  *
=========================================================================
Analyzing Verilog file "E:\FILES IMPORTANT\ISE14.7Files\FrameworkFORShifts\FrameWork\MUX4T1_4.vf" into library work
Parsing module <MUX4T1_4>.
Analyzing Verilog file "E:\FILES IMPORTANT\ISE14.7Files\FrameworkFORShifts\FrameWork\Mux441_LSH.vf" into library work
Parsing module <Mux441_LSH>.
Analyzing Verilog file "E:\FILES IMPORTANT\ISE14.7Files\FrameworkFORShifts\FrameWork\add_sch.vf" into library work
Parsing module <add_sch>.
Analyzing Verilog file "E:\FILES IMPORTANT\ISE14.7Files\FrameworkFORShifts\FrameWork\MUX8T1_8_sch.vf" into library work
Parsing module <MUX4T1_4_MUSER_MUX8T1_8_sch>.
Parsing module <MUX8T1_8_sch>.
Analyzing Verilog file "E:\FILES IMPORTANT\ISE14.7Files\FrameworkFORShifts\FrameWork\Mux881_LSH.vf" into library work
Parsing module <Mux881_LSH>.
Analyzing Verilog file "E:\FILES IMPORTANT\ISE14.7Files\FrameworkFORShifts\FrameWork\MC14495_LSH.vf" into library work
Parsing module <MC14495_LSH>.
Analyzing Verilog file "E:\FILES IMPORTANT\ISE14.7Files\FrameworkFORShifts\FrameWork\MB_DFF.vf" into library work
Parsing module <MB_DFF>.
Analyzing Verilog file "E:\FILES IMPORTANT\ISE14.7Files\FrameworkFORShifts\FrameWork\Decoder_38_sch.vf" into library work
Parsing module <Decoder_38_sch>.
Analyzing Verilog file "E:\FILES IMPORTANT\ISE14.7Files\FrameworkFORShifts\FrameWork\add4b.vf" into library work
Parsing module <CLA_MUSER_add4b>.
Parsing module <add_sch_MUSER_add4b>.
Parsing module <add4b>.
Analyzing Verilog file "E:\FILES IMPORTANT\ISE14.7Files\FrameworkFORShifts\FrameWork\Segmap.v" into library work
Parsing module <Segmap>.
Analyzing Verilog file "E:\FILES IMPORTANT\ISE14.7Files\FrameworkFORShifts\FrameWork\P2S_IO.v" into library work
Parsing module <P2S>.
Analyzing Verilog file "E:\FILES IMPORTANT\ISE14.7Files\FrameworkFORShifts\FrameWork\MUX8T1_32.vf" into library work
Parsing module <MUX4T1_4_MUSER_MUX8T1_32>.
Parsing module <MUX8T1_8_sch_MUSER_MUX8T1_32>.
Parsing module <MUX8T1_32>.
Analyzing Verilog file "E:\FILES IMPORTANT\ISE14.7Files\FrameworkFORShifts\FrameWork\Mux32881_LSH.vf" into library work
Parsing module <Mux32881_LSH>.
Analyzing Verilog file "E:\FILES IMPORTANT\ISE14.7Files\FrameworkFORShifts\FrameWork\LED_P2S_IO.v" into library work
Parsing module <LED_P2S>.
Analyzing Verilog file "E:\FILES IMPORTANT\ISE14.7Files\FrameworkFORShifts\FrameWork\HexTo8.v" into library work
Parsing module <HexTo8>.
Parsing module <Hex2Seg>.
Analyzing Verilog file "E:\FILES IMPORTANT\ISE14.7Files\FrameworkFORShifts\FrameWork\HCT138_sch.vf" into library work
Parsing module <Decoder_38_sch_MUSER_HCT138_sch>.
Parsing module <HCT138_sch>.
Analyzing Verilog file "E:\FILES IMPORTANT\ISE14.7Files\FrameworkFORShifts\FrameWork\DM74LS194.vf" into library work
Parsing module <MB_DFF_MUSER_DM74LS194>.
Parsing module <DM74LS194>.
Analyzing Verilog file "E:\FILES IMPORTANT\ISE14.7Files\FrameworkFORShifts\FrameWork\ADC32.vf" into library work
Parsing module <CLA_MUSER_ADC32>.
Parsing module <add_sch_MUSER_ADC32>.
Parsing module <add4b_MUSER_ADC32>.
Parsing module <ADC32>.
Analyzing Verilog file "E:\FILES IMPORTANT\ISE14.7Files\FrameworkFORShifts\FrameWork\SSeg_7withGraph.v" into library work
Parsing module <SSeg_7withGraph>.
Parsing module <Mux_6421>.
Analyzing Verilog file "E:\FILES IMPORTANT\ISE14.7Files\FrameworkFORShifts\FrameWork\Shift_32.v" into library work
Parsing module <Shift_32>.
Analyzing Verilog file "E:\FILES IMPORTANT\ISE14.7Files\FrameworkFORShifts\FrameWork\SEnter_2_32_IO.v" into library work
Parsing module <SEnter_2_32>.
Analyzing Verilog file "E:\FILES IMPORTANT\ISE14.7Files\FrameworkFORShifts\FrameWork\SAnti_jitter_IO.v" into library work
Parsing module <SAnti_jitter>.
Analyzing Verilog file "E:\FILES IMPORTANT\ISE14.7Files\FrameworkFORShifts\FrameWork\Reg_8_32.v" into library work
Parsing module <Regs_8_32>.
Parsing module <Reg32>.
Parsing module <Regs_8bit>.
Analyzing Verilog file "E:\FILES IMPORTANT\ISE14.7Files\FrameworkFORShifts\FrameWork\MUX2T1_32.v" into library work
Parsing module <MUX2T1_32>.
Analyzing Verilog file "E:\FILES IMPORTANT\ISE14.7Files\FrameworkFORShifts\FrameWork\Multi_8CH32.v" into library work
Parsing module <Multi_8CH32>.
Analyzing Verilog file "E:\FILES IMPORTANT\ISE14.7Files\FrameworkFORShifts\FrameWork\GPIO.v" into library work
Parsing module <GPIO>.
Analyzing Verilog file "E:\FILES IMPORTANT\ISE14.7Files\FrameworkFORShifts\FrameWork\Counter_4bit.vf" into library work
Parsing module <Counter_4bit>.
Analyzing Verilog file "E:\FILES IMPORTANT\ISE14.7Files\FrameworkFORShifts\FrameWork\counter_32bit_rev.v" into library work
Parsing module <counter_32bit_rev>.
Analyzing Verilog file "E:\FILES IMPORTANT\ISE14.7Files\FrameworkFORShifts\FrameWork\clkdiv.v" into library work
Parsing module <clkdiv>.
Analyzing Verilog file "E:\FILES IMPORTANT\ISE14.7Files\FrameworkFORShifts\FrameWork\ALU.v" into library work
Parsing module <ALU>.
Analyzing Verilog file "E:\FILES IMPORTANT\ISE14.7Files\FrameworkFORShifts\FrameWork\Framework.vf" into library work
Parsing module <Counter_4bit_MUSER_Framework>.
Parsing module <Framework>.

=========================================================================
*                            HDL Elaboration                            *
=========================================================================

Elaborating module <Framework>.

Elaborating module <SAnti_jitter>.
WARNING:HDLCompiler:1499 - "E:\FILES IMPORTANT\ISE14.7Files\FrameworkFORShifts\FrameWork\SAnti_jitter_IO.v" Line 21: Empty module <SAnti_jitter> remains a black box.
WARNING:HDLCompiler:1127 - "E:\FILES IMPORTANT\ISE14.7Files\FrameworkFORShifts\FrameWork\Framework.vf" Line 178: Assignment to Pulse ignored, since the identifier is never used

Elaborating module <SEnter_2_32>.
WARNING:HDLCompiler:1499 - "E:\FILES IMPORTANT\ISE14.7Files\FrameworkFORShifts\FrameWork\SEnter_2_32_IO.v" Line 21: Empty module <SEnter_2_32> remains a black box.

Elaborating module <clkdiv>.

Elaborating module <Multi_8CH32>.

Elaborating module <Mux32881_LSH>.

Elaborating module <Mux881_LSH>.

Elaborating module <Mux441_LSH>.

Elaborating module <INV>.

Elaborating module <AND2>.

Elaborating module <OR4>.

Elaborating module <OR2>.
WARNING:HDLCompiler:189 - "E:\FILES IMPORTANT\ISE14.7Files\FrameworkFORShifts\FrameWork\Multi_8CH32.v" Line 53: Size mismatch in connection of port <I0>. Formal port size is 32-bit while actual signal size is 8-bit.
WARNING:HDLCompiler:189 - "E:\FILES IMPORTANT\ISE14.7Files\FrameworkFORShifts\FrameWork\Multi_8CH32.v" Line 54: Size mismatch in connection of port <I1>. Formal port size is 32-bit while actual signal size is 8-bit.
WARNING:HDLCompiler:189 - "E:\FILES IMPORTANT\ISE14.7Files\FrameworkFORShifts\FrameWork\Multi_8CH32.v" Line 55: Size mismatch in connection of port <I2>. Formal port size is 32-bit while actual signal size is 8-bit.
WARNING:HDLCompiler:189 - "E:\FILES IMPORTANT\ISE14.7Files\FrameworkFORShifts\FrameWork\Multi_8CH32.v" Line 56: Size mismatch in connection of port <I3>. Formal port size is 32-bit while actual signal size is 8-bit.
WARNING:HDLCompiler:189 - "E:\FILES IMPORTANT\ISE14.7Files\FrameworkFORShifts\FrameWork\Multi_8CH32.v" Line 57: Size mismatch in connection of port <I4>. Formal port size is 32-bit while actual signal size is 8-bit.
WARNING:HDLCompiler:189 - "E:\FILES IMPORTANT\ISE14.7Files\FrameworkFORShifts\FrameWork\Multi_8CH32.v" Line 58: Size mismatch in connection of port <I5>. Formal port size is 32-bit while actual signal size is 8-bit.
WARNING:HDLCompiler:189 - "E:\FILES IMPORTANT\ISE14.7Files\FrameworkFORShifts\FrameWork\Multi_8CH32.v" Line 59: Size mismatch in connection of port <I6>. Formal port size is 32-bit while actual signal size is 8-bit.
WARNING:HDLCompiler:189 - "E:\FILES IMPORTANT\ISE14.7Files\FrameworkFORShifts\FrameWork\Multi_8CH32.v" Line 60: Size mismatch in connection of port <I7>. Formal port size is 32-bit while actual signal size is 8-bit.
WARNING:HDLCompiler:189 - "E:\FILES IMPORTANT\ISE14.7Files\FrameworkFORShifts\FrameWork\Multi_8CH32.v" Line 62: Size mismatch in connection of port <o>. Formal port size is 32-bit while actual signal size is 8-bit.
WARNING:HDLCompiler:189 - "E:\FILES IMPORTANT\ISE14.7Files\FrameworkFORShifts\FrameWork\Multi_8CH32.v" Line 64: Size mismatch in connection of port <I0>. Formal port size is 32-bit while actual signal size is 8-bit.
WARNING:HDLCompiler:189 - "E:\FILES IMPORTANT\ISE14.7Files\FrameworkFORShifts\FrameWork\Multi_8CH32.v" Line 65: Size mismatch in connection of port <I1>. Formal port size is 32-bit while actual signal size is 9-bit.
WARNING:HDLCompiler:189 - "E:\FILES IMPORTANT\ISE14.7Files\FrameworkFORShifts\FrameWork\Multi_8CH32.v" Line 66: Size mismatch in connection of port <I2>. Formal port size is 32-bit while actual signal size is 8-bit.
WARNING:HDLCompiler:189 - "E:\FILES IMPORTANT\ISE14.7Files\FrameworkFORShifts\FrameWork\Multi_8CH32.v" Line 67: Size mismatch in connection of port <I3>. Formal port size is 32-bit while actual signal size is 8-bit.
WARNING:HDLCompiler:189 - "E:\FILES IMPORTANT\ISE14.7Files\FrameworkFORShifts\FrameWork\Multi_8CH32.v" Line 68: Size mismatch in connection of port <I4>. Formal port size is 32-bit while actual signal size is 8-bit.
WARNING:HDLCompiler:189 - "E:\FILES IMPORTANT\ISE14.7Files\FrameworkFORShifts\FrameWork\Multi_8CH32.v" Line 69: Size mismatch in connection of port <I5>. Formal port size is 32-bit while actual signal size is 8-bit.
WARNING:HDLCompiler:189 - "E:\FILES IMPORTANT\ISE14.7Files\FrameworkFORShifts\FrameWork\Multi_8CH32.v" Line 70: Size mismatch in connection of port <I6>. Formal port size is 32-bit while actual signal size is 8-bit.
WARNING:HDLCompiler:189 - "E:\FILES IMPORTANT\ISE14.7Files\FrameworkFORShifts\FrameWork\Multi_8CH32.v" Line 71: Size mismatch in connection of port <I7>. Formal port size is 32-bit while actual signal size is 8-bit.
WARNING:HDLCompiler:189 - "E:\FILES IMPORTANT\ISE14.7Files\FrameworkFORShifts\FrameWork\Multi_8CH32.v" Line 73: Size mismatch in connection of port <o>. Formal port size is 32-bit while actual signal size is 8-bit.

Elaborating module <GPIO>.

Elaborating module <LED_P2S(DATA_BITS=16,DATA_COUNT_BITS=4)>.
WARNING:HDLCompiler:1499 - "E:\FILES IMPORTANT\ISE14.7Files\FrameworkFORShifts\FrameWork\LED_P2S_IO.v" Line 21: Empty module <LED_P2S(DATA_BITS=16,DATA_COUNT_BITS=4)> remains a black box.

Elaborating module <VCC>.

Elaborating module <GND>.

Elaborating module <SSeg_7withGraph>.

Elaborating module <Segmap>.

Elaborating module <HexTo8>.

Elaborating module <Hex2Seg>.

Elaborating module <MC14495_LSH>.

Elaborating module <AND4>.

Elaborating module <AND3>.

Elaborating module <OR3>.

Elaborating module <Mux_6421>.

Elaborating module <P2S>.
WARNING:HDLCompiler:1499 - "E:\FILES IMPORTANT\ISE14.7Files\FrameworkFORShifts\FrameWork\P2S_IO.v" Line 21: Empty module <P2S> remains a black box.

Elaborating module <ALU>.

Elaborating module <ADC32>.

Elaborating module <add4b_MUSER_ADC32>.

Elaborating module <add_sch_MUSER_ADC32>.

Elaborating module <XOR2>.

Elaborating module <CLA_MUSER_ADC32>.

Elaborating module <MUX8T1_32>.

Elaborating module <MUX8T1_8_sch_MUSER_MUX8T1_32>.

Elaborating module <MUX4T1_4_MUSER_MUX8T1_32>.
WARNING:HDLCompiler:1127 - "E:\FILES IMPORTANT\ISE14.7Files\FrameworkFORShifts\FrameWork\Framework.vf" Line 244: Assignment to zero ignored, since the identifier is never used

Elaborating module <MUX2T1_32>.

Elaborating module <Regs_8_32>.

Elaborating module <HCT138_sch>.

Elaborating module <Decoder_38_sch_MUSER_HCT138_sch>.

Elaborating module <NAND2>.

Elaborating module <Reg32>.

Elaborating module <counter_32bit_rev>.

Elaborating module <Counter_4bit_MUSER_Framework>.

Elaborating module <FD(INIT=1'b0)>.

Elaborating module <NOR2>.

Elaborating module <NOR3>.

Elaborating module <NOR4>.

Elaborating module <XNOR2>.

Elaborating module <Shift_32>.

Elaborating module <DM74LS194>.

Elaborating module <MB_DFF_MUSER_DM74LS194>.

Elaborating module <NAND3>.
WARNING:HDLCompiler:552 - "E:\FILES IMPORTANT\ISE14.7Files\FrameworkFORShifts\FrameWork\Framework.vf" Line 193: Input port Test_data4[31] is not connected on this instance

=========================================================================
*                           HDL Synthesis                               *
=========================================================================

Synthesizing Unit <Framework>.
    Related source file is "E:\FILES IMPORTANT\ISE14.7Files\FrameworkFORShifts\FrameWork\Framework.vf".
WARNING:Xst:2898 - Port 'Test_data4', unconnected in block instance 'XLXI_5', is tied to GND.
WARNING:Xst:2898 - Port 'Test_data7', unconnected in block instance 'XLXI_5', is tied to GND.
INFO:Xst:3210 - "E:\FILES IMPORTANT\ISE14.7Files\FrameworkFORShifts\FrameWork\Framework.vf" line 168: Output port <pulse_out> of the instance <XLXI_1> is unconnected or connected to loadless signal.
INFO:Xst:3210 - "E:\FILES IMPORTANT\ISE14.7Files\FrameworkFORShifts\FrameWork\Framework.vf" line 213: Output port <GPIOf0> of the instance <XLXI_6> is unconnected or connected to loadless signal.
INFO:Xst:3210 - "E:\FILES IMPORTANT\ISE14.7Files\FrameworkFORShifts\FrameWork\Framework.vf" line 238: Output port <zero> of the instance <XLXI_24> is unconnected or connected to loadless signal.
INFO:Xst:3210 - "E:\FILES IMPORTANT\ISE14.7Files\FrameworkFORShifts\FrameWork\Framework.vf" line 238: Output port <overflow> of the instance <XLXI_24> is unconnected or connected to loadless signal.
    Summary:
	no macro.
Unit <Framework> synthesized.

Synthesizing Unit <clkdiv>.
    Related source file is "E:\FILES IMPORTANT\ISE14.7Files\FrameworkFORShifts\FrameWork\clkdiv.v".
    Found 32-bit register for signal <clkdiv>.
    Found 32-bit adder for signal <clkdiv[31]_GND_4_o_add_0_OUT> created at line 28.
    Summary:
	inferred   1 Adder/Subtractor(s).
	inferred  32 D-type flip-flop(s).
Unit <clkdiv> synthesized.

Synthesizing Unit <Multi_8CH32>.
    Related source file is "E:\FILES IMPORTANT\ISE14.7Files\FrameworkFORShifts\FrameWork\Multi_8CH32.v".
WARNING:Xst:647 - Input <rst> is never used. This port will be preserved and left unconnected if it belongs to a top-level block or it belongs to a sub-block and the hierarchy of this sub-block is preserved.
    Found 8-bit register for signal <cpu_blink>.
    Found 8-bit register for signal <cpu_point>.
    Found 32-bit register for signal <disp_data>.
    Summary:
	inferred  48 D-type flip-flop(s).
Unit <Multi_8CH32> synthesized.

Synthesizing Unit <Mux32881_LSH>.
    Related source file is "E:\FILES IMPORTANT\ISE14.7Files\FrameworkFORShifts\FrameWork\Mux32881_LSH.vf".
WARNING:Xst:647 - Input <I4<7:0>> is never used. This port will be preserved and left unconnected if it belongs to a top-level block or it belongs to a sub-block and the hierarchy of this sub-block is preserved.
    Summary:
	no macro.
Unit <Mux32881_LSH> synthesized.

Synthesizing Unit <Mux881_LSH>.
    Related source file is "E:\FILES IMPORTANT\ISE14.7Files\FrameworkFORShifts\FrameWork\Mux881_LSH.vf".
    Summary:
	no macro.
Unit <Mux881_LSH> synthesized.

Synthesizing Unit <Mux441_LSH>.
    Related source file is "E:\FILES IMPORTANT\ISE14.7Files\FrameworkFORShifts\FrameWork\Mux441_LSH.vf".
    Summary:
	no macro.
Unit <Mux441_LSH> synthesized.

Synthesizing Unit <GPIO>.
    Related source file is "E:\FILES IMPORTANT\ISE14.7Files\FrameworkFORShifts\FrameWork\GPIO.v".
    Found 32-bit register for signal <GPIOf0>.
    Summary:
	inferred  32 D-type flip-flop(s).
Unit <GPIO> synthesized.

Synthesizing Unit <SSeg_7withGraph>.
    Related source file is "E:\FILES IMPORTANT\ISE14.7Files\FrameworkFORShifts\FrameWork\SSeg_7withGraph.v".
    Summary:
	no macro.
Unit <SSeg_7withGraph> synthesized.

Synthesizing Unit <Segmap>.
    Related source file is "E:\FILES IMPORTANT\ISE14.7Files\FrameworkFORShifts\FrameWork\Segmap.v".
    Summary:
	no macro.
Unit <Segmap> synthesized.

Synthesizing Unit <HexTo8>.
    Related source file is "E:\FILES IMPORTANT\ISE14.7Files\FrameworkFORShifts\FrameWork\HexTo8.v".
    Summary:
	no macro.
Unit <HexTo8> synthesized.

Synthesizing Unit <Hex2Seg>.
    Related source file is "E:\FILES IMPORTANT\ISE14.7Files\FrameworkFORShifts\FrameWork\HexTo8.v".
    Summary:
	no macro.
Unit <Hex2Seg> synthesized.

Synthesizing Unit <MC14495_LSH>.
    Related source file is "E:\FILES IMPORTANT\ISE14.7Files\FrameworkFORShifts\FrameWork\MC14495_LSH.vf".
    Summary:
	no macro.
Unit <MC14495_LSH> synthesized.

Synthesizing Unit <Mux_6421>.
    Related source file is "E:\FILES IMPORTANT\ISE14.7Files\FrameworkFORShifts\FrameWork\SSeg_7withGraph.v".
    Summary:
	inferred   1 Multiplexer(s).
Unit <Mux_6421> synthesized.

Synthesizing Unit <ALU>.
    Related source file is "E:\FILES IMPORTANT\ISE14.7Files\FrameworkFORShifts\FrameWork\ALU.v".
INFO:Xst:3210 - "E:\FILES IMPORTANT\ISE14.7Files\FrameworkFORShifts\FrameWork\ALU.v" line 44: Output port <s> of the instance <SLT> is unconnected or connected to loadless signal.
WARNING:Xst:653 - Signal <zero> is used but never assigned. This sourceless signal will be automatically connected to value GND.
WARNING:Xst:653 - Signal <overflow> is used but never assigned. This sourceless signal will be automatically connected to value GND.
    Summary:
Unit <ALU> synthesized.

Synthesizing Unit <ADC32>.
    Related source file is "E:\FILES IMPORTANT\ISE14.7Files\FrameworkFORShifts\FrameWork\ADC32.vf".
    Summary:
	no macro.
Unit <ADC32> synthesized.

Synthesizing Unit <add4b_MUSER_ADC32>.
    Related source file is "E:\FILES IMPORTANT\ISE14.7Files\FrameworkFORShifts\FrameWork\ADC32.vf".
INFO:Xst:3210 - "E:\FILES IMPORTANT\ISE14.7Files\FrameworkFORShifts\FrameWork\ADC32.vf" line 188: Output port <co> of the instance <XLXI_1> is unconnected or connected to loadless signal.
INFO:Xst:3210 - "E:\FILES IMPORTANT\ISE14.7Files\FrameworkFORShifts\FrameWork\ADC32.vf" line 195: Output port <co> of the instance <XLXI_2> is unconnected or connected to loadless signal.
INFO:Xst:3210 - "E:\FILES IMPORTANT\ISE14.7Files\FrameworkFORShifts\FrameWork\ADC32.vf" line 202: Output port <co> of the instance <XLXI_3> is unconnected or connected to loadless signal.
INFO:Xst:3210 - "E:\FILES IMPORTANT\ISE14.7Files\FrameworkFORShifts\FrameWork\ADC32.vf" line 209: Output port <co> of the instance <XLXI_4> is unconnected or connected to loadless signal.
    Summary:
	no macro.
Unit <add4b_MUSER_ADC32> synthesized.

Synthesizing Unit <add_sch_MUSER_ADC32>.
    Related source file is "E:\FILES IMPORTANT\ISE14.7Files\FrameworkFORShifts\FrameWork\ADC32.vf".
    Summary:
	no macro.
Unit <add_sch_MUSER_ADC32> synthesized.

Synthesizing Unit <CLA_MUSER_ADC32>.
    Related source file is "E:\FILES IMPORTANT\ISE14.7Files\FrameworkFORShifts\FrameWork\ADC32.vf".
    Summary:
	no macro.
Unit <CLA_MUSER_ADC32> synthesized.

Synthesizing Unit <MUX8T1_32>.
    Related source file is "E:\FILES IMPORTANT\ISE14.7Files\FrameworkFORShifts\FrameWork\MUX8T1_32.vf".
    Summary:
	no macro.
Unit <MUX8T1_32> synthesized.

Synthesizing Unit <MUX8T1_8_sch_MUSER_MUX8T1_32>.
    Related source file is "E:\FILES IMPORTANT\ISE14.7Files\FrameworkFORShifts\FrameWork\MUX8T1_32.vf".
    Summary:
	no macro.
Unit <MUX8T1_8_sch_MUSER_MUX8T1_32> synthesized.

Synthesizing Unit <MUX4T1_4_MUSER_MUX8T1_32>.
    Related source file is "E:\FILES IMPORTANT\ISE14.7Files\FrameworkFORShifts\FrameWork\MUX8T1_32.vf".
    Summary:
	no macro.
Unit <MUX4T1_4_MUSER_MUX8T1_32> synthesized.

Synthesizing Unit <MUX2T1_32>.
    Related source file is "E:\FILES IMPORTANT\ISE14.7Files\FrameworkFORShifts\FrameWork\MUX2T1_32.v".
    Summary:
	inferred   1 Multiplexer(s).
Unit <MUX2T1_32> synthesized.

Synthesizing Unit <Regs_8_32>.
    Related source file is "E:\FILES IMPORTANT\ISE14.7Files\FrameworkFORShifts\FrameWork\Reg_8_32.v".
    Summary:
	no macro.
Unit <Regs_8_32> synthesized.

Synthesizing Unit <HCT138_sch>.
    Related source file is "E:\FILES IMPORTANT\ISE14.7Files\FrameworkFORShifts\FrameWork\HCT138_sch.vf".
    Summary:
	no macro.
Unit <HCT138_sch> synthesized.

Synthesizing Unit <Decoder_38_sch_MUSER_HCT138_sch>.
    Related source file is "E:\FILES IMPORTANT\ISE14.7Files\FrameworkFORShifts\FrameWork\HCT138_sch.vf".
    Summary:
	no macro.
Unit <Decoder_38_sch_MUSER_HCT138_sch> synthesized.

Synthesizing Unit <Reg32>.
    Related source file is "E:\FILES IMPORTANT\ISE14.7Files\FrameworkFORShifts\FrameWork\Reg_8_32.v".
    Found 32-bit register for signal <Q>.
    Summary:
	inferred  32 D-type flip-flop(s).
Unit <Reg32> synthesized.

Synthesizing Unit <counter_32bit_rev>.
    Related source file is "E:\FILES IMPORTANT\ISE14.7Files\FrameworkFORShifts\FrameWork\counter_32bit_rev.v".
    Found 1-bit register for signal <Rc>.
    Found 32-bit register for signal <cnt>.
    Found 32-bit subtractor for signal <cnt[31]_GND_42_o_sub_3_OUT> created at line 32.
    Found 32-bit adder for signal <cnt[31]_GND_42_o_add_1_OUT> created at line 31.
    Summary:
	inferred   1 Adder/Subtractor(s).
	inferred  33 D-type flip-flop(s).
	inferred   1 Multiplexer(s).
Unit <counter_32bit_rev> synthesized.

Synthesizing Unit <Counter_4bit_MUSER_Framework>.
    Related source file is "E:\FILES IMPORTANT\ISE14.7Files\FrameworkFORShifts\FrameWork\Framework.vf".
    Summary:
	no macro.
Unit <Counter_4bit_MUSER_Framework> synthesized.

Synthesizing Unit <Shift_32>.
    Related source file is "E:\FILES IMPORTANT\ISE14.7Files\FrameworkFORShifts\FrameWork\Shift_32.v".
    Summary:
	no macro.
Unit <Shift_32> synthesized.

Synthesizing Unit <DM74LS194>.
    Related source file is "E:\FILES IMPORTANT\ISE14.7Files\FrameworkFORShifts\FrameWork\DM74LS194.vf".
INFO:Xst:3210 - "E:\FILES IMPORTANT\ISE14.7Files\FrameworkFORShifts\FrameWork\DM74LS194.vf" line 219: Output port <Qn> of the instance <XLXI_37> is unconnected or connected to loadless signal.
INFO:Xst:3210 - "E:\FILES IMPORTANT\ISE14.7Files\FrameworkFORShifts\FrameWork\DM74LS194.vf" line 225: Output port <Qn> of the instance <XLXI_38> is unconnected or connected to loadless signal.
INFO:Xst:3210 - "E:\FILES IMPORTANT\ISE14.7Files\FrameworkFORShifts\FrameWork\DM74LS194.vf" line 231: Output port <Qn> of the instance <XLXI_39> is unconnected or connected to loadless signal.
INFO:Xst:3210 - "E:\FILES IMPORTANT\ISE14.7Files\FrameworkFORShifts\FrameWork\DM74LS194.vf" line 237: Output port <Qn> of the instance <XLXI_40> is unconnected or connected to loadless signal.
    Summary:
	no macro.
Unit <DM74LS194> synthesized.

Synthesizing Unit <MB_DFF_MUSER_DM74LS194>.
    Related source file is "E:\FILES IMPORTANT\ISE14.7Files\FrameworkFORShifts\FrameWork\DM74LS194.vf".
    Summary:
	no macro.
Unit <MB_DFF_MUSER_DM74LS194> synthesized.

=========================================================================
HDL Synthesis Report

Macro Statistics
# Adders/Subtractors                                   : 2
 32-bit adder                                          : 1
 32-bit addsub                                         : 1
# Registers                                            : 15
 1-bit register                                        : 1
 32-bit register                                       : 12
 8-bit register                                        : 2
# Multiplexers                                         : 3
 32-bit 2-to-1 multiplexer                             : 2
 64-bit 2-to-1 multiplexer                             : 1
# Xors                                                 : 2
 32-bit xor2                                           : 2

=========================================================================

=========================================================================
*                       Advanced HDL Synthesis                          *
=========================================================================

Reading core <SAnti_jitter.ngc>.
Reading core <SEnter_2_32.ngc>.
Reading core <LED_P2S.ngc>.
Reading core <P2S.ngc>.
Loading core <SAnti_jitter> for timing and area information for instance <XLXI_1>.
Loading core <SEnter_2_32> for timing and area information for instance <XLXI_2>.
Loading core <LED_P2S> for timing and area information for instance <LED_P2S>.
Loading core <P2S> for timing and area information for instance <XLXI_1>.
WARNING:Xst:2677 - Node <GPIOf0_16> of sequential type is unconnected in block <XLXI_6>.
WARNING:Xst:2677 - Node <GPIOf0_17> of sequential type is unconnected in block <XLXI_6>.
WARNING:Xst:2677 - Node <GPIOf0_18> of sequential type is unconnected in block <XLXI_6>.
WARNING:Xst:2677 - Node <GPIOf0_19> of sequential type is unconnected in block <XLXI_6>.
WARNING:Xst:2677 - Node <GPIOf0_20> of sequential type is unconnected in block <XLXI_6>.
WARNING:Xst:2677 - Node <GPIOf0_21> of sequential type is unconnected in block <XLXI_6>.
WARNING:Xst:2677 - Node <GPIOf0_22> of sequential type is unconnected in block <XLXI_6>.
WARNING:Xst:2677 - Node <GPIOf0_23> of sequential type is unconnected in block <XLXI_6>.
WARNING:Xst:2677 - Node <GPIOf0_24> of sequential type is unconnected in block <XLXI_6>.
WARNING:Xst:2677 - Node <GPIOf0_25> of sequential type is unconnected in block <XLXI_6>.
WARNING:Xst:2677 - Node <GPIOf0_26> of sequential type is unconnected in block <XLXI_6>.
WARNING:Xst:2677 - Node <GPIOf0_27> of sequential type is unconnected in block <XLXI_6>.
WARNING:Xst:2677 - Node <GPIOf0_28> of sequential type is unconnected in block <XLXI_6>.
WARNING:Xst:2677 - Node <GPIOf0_29> of sequential type is unconnected in block <XLXI_6>.
WARNING:Xst:2677 - Node <GPIOf0_30> of sequential type is unconnected in block <XLXI_6>.
WARNING:Xst:2677 - Node <GPIOf0_31> of sequential type is unconnected in block <XLXI_6>.

Synthesizing (advanced) Unit <clkdiv>.
The following registers are absorbed into counter <clkdiv>: 1 register on signal <clkdiv>.
Unit <clkdiv> synthesized (advanced).

Synthesizing (advanced) Unit <counter_32bit_rev>.
The following registers are absorbed into counter <cnt>: 1 register on signal <cnt>.
Unit <counter_32bit_rev> synthesized (advanced).

=========================================================================
Advanced HDL Synthesis Report

Macro Statistics
# Counters                                             : 2
 32-bit up counter                                     : 1
 32-bit updown counter                                 : 1
# Registers                                            : 341
 Flip-Flops                                            : 341
# Multiplexers                                         : 2
 32-bit 2-to-1 multiplexer                             : 1
 64-bit 2-to-1 multiplexer                             : 1
# Xors                                                 : 2
 32-bit xor2                                           : 2

=========================================================================

=========================================================================
*                         Low Level Synthesis                           *
=========================================================================
WARNING:Xst:2170 - Unit DM74LS194 : the following signal(s) form a combinatorial loop: XLXI_37/XLXN_23, XLXI_37/Qn_DUMMY, QA_DUMMY, XLXI_37/XLXN_25.
WARNING:Xst:2170 - Unit DM74LS194 : the following signal(s) form a combinatorial loop: XLXI_38/XLXN_23, QB_DUMMY, XLXI_38/Qn_DUMMY, XLXI_38/XLXN_25.
WARNING:Xst:2170 - Unit DM74LS194 : the following signal(s) form a combinatorial loop: XLXI_39/XLXN_23, XLXI_39/Qn_DUMMY, XLXI_39/XLXN_25, QC_DUMMY.
WARNING:Xst:2170 - Unit DM74LS194 : the following signal(s) form a combinatorial loop: XLXI_40/XLXN_25, XLXI_40/Qn_DUMMY, QD_DUMMY, XLXI_40/XLXN_23.

Optimizing unit <Multi_8CH32> ...

Optimizing unit <Mux441_LSH> ...

Optimizing unit <MC14495_LSH> ...

Optimizing unit <MUX8T1_8_sch_MUSER_MUX8T1_32> ...

Optimizing unit <MUX4T1_4_MUSER_MUX8T1_32> ...

Optimizing unit <HCT138_sch> ...

Optimizing unit <Decoder_38_sch_MUSER_HCT138_sch> ...

Optimizing unit <DM74LS194> ...

Optimizing unit <ADC32> ...

Optimizing unit <CLA_MUSER_ADC32> ...

Optimizing unit <Counter_4bit_MUSER_Framework> ...

Optimizing unit <Framework> ...

Optimizing unit <GPIO> ...

Optimizing unit <HexTo8> ...

Optimizing unit <Regs_8_32> ...

Optimizing unit <Shift_32> ...

Optimizing unit <counter_32bit_rev> ...

Optimizing unit <ALU> ...
WARNING:Xst:1710 - FF/Latch <XLXI_6/GPIOf0_1> (without init value) has a constant value of 0 in block <Framework>. This FF/Latch will be trimmed during the optimization process.
WARNING:Xst:2677 - Node <XLXI_6/GPIOf0_31> of sequential type is unconnected in block <Framework>.
WARNING:Xst:2677 - Node <XLXI_6/GPIOf0_30> of sequential type is unconnected in block <Framework>.
WARNING:Xst:2677 - Node <XLXI_6/GPIOf0_29> of sequential type is unconnected in block <Framework>.
WARNING:Xst:2677 - Node <XLXI_6/GPIOf0_28> of sequential type is unconnected in block <Framework>.
WARNING:Xst:2677 - Node <XLXI_6/GPIOf0_27> of sequential type is unconnected in block <Framework>.
WARNING:Xst:2677 - Node <XLXI_6/GPIOf0_26> of sequential type is unconnected in block <Framework>.
WARNING:Xst:2677 - Node <XLXI_6/GPIOf0_25> of sequential type is unconnected in block <Framework>.
WARNING:Xst:2677 - Node <XLXI_6/GPIOf0_24> of sequential type is unconnected in block <Framework>.
WARNING:Xst:2677 - Node <XLXI_6/GPIOf0_23> of sequential type is unconnected in block <Framework>.
WARNING:Xst:2677 - Node <XLXI_6/GPIOf0_22> of sequential type is unconnected in block <Framework>.
WARNING:Xst:2677 - Node <XLXI_6/GPIOf0_21> of sequential type is unconnected in block <Framework>.
WARNING:Xst:2677 - Node <XLXI_6/GPIOf0_20> of sequential type is unconnected in block <Framework>.
WARNING:Xst:2677 - Node <XLXI_6/GPIOf0_19> of sequential type is unconnected in block <Framework>.
WARNING:Xst:2677 - Node <XLXI_6/GPIOf0_18> of sequential type is unconnected in block <Framework>.
WARNING:Xst:2677 - Node <XLXI_6/GPIOf0_17> of sequential type is unconnected in block <Framework>.
WARNING:Xst:2677 - Node <XLXI_6/GPIOf0_16> of sequential type is unconnected in block <Framework>.

Mapping all equations...
Building and optimizing final netlist ...
Found area constraint ratio of 100 (+ 5) on block Framework, actual ratio is 0.

Final Macro Processing ...

=========================================================================
Final Register Report

Macro Statistics
# Registers                                            : 388
 Flip-Flops                                            : 388

=========================================================================

=========================================================================
*                           Partition Report                            *
=========================================================================

Partition Implementation Status
-------------------------------

  No Partitions were found in this design.

-------------------------------

=========================================================================
*                            Design Summary                             *
=========================================================================

Top Level Output File Name         : Framework.ngc

Primitive and Black Box Usage:
------------------------------
# BELS                             : 5497
#      AND2                        : 2536
#      AND3                        : 285
#      AND4                        : 156
#      GND                         : 2
#      INV                         : 354
#      LUT1                        : 97
#      LUT2                        : 67
#      LUT3                        : 172
#      LUT4                        : 227
#      LUT5                        : 65
#      LUT6                        : 211
#      MULT_AND                    : 31
#      MUXCY                       : 152
#      MUXF7                       : 6
#      OR2                         : 336
#      OR3                         : 44
#      OR4                         : 488
#      VCC                         : 4
#      XNOR2                       : 3
#      XOR2                        : 128
#      XORCY                       : 133
# FlipFlops/Latches                : 687
#      FD                          : 242
#      FDC                         : 46
#      FDC_1                       : 15
#      FDCE                        : 260
#      FDE                         : 95
#      FDRE                        : 29
# Clock Buffers                    : 4
#      BUFG                        : 3
#      BUFGP                       : 1
# IO Buffers                       : 38
#      IBUF                        : 21
#      OBUF                        : 17
# Logical                          : 203
#      NAND2                       : 8
#      NAND3                       : 192
#      NOR2                        : 1
#      NOR3                        : 1
#      NOR4                        : 1

Device utilization summary:
---------------------------

Selected Device : 7k160tffg676-2 


Slice Logic Utilization: 
 Number of Slice Registers:             687  out of  202800     0%  
 Number of Slice LUTs:                 1193  out of  101400     1%  
    Number used as Logic:              1193  out of  101400     1%  

Slice Logic Distribution: 
 Number of LUT Flip Flop pairs used:   1484
   Number with an unused Flip Flop:     797  out of   1484    53%  
   Number with an unused LUT:           291  out of   1484    19%  
   Number of fully used LUT-FF pairs:   396  out of   1484    26%  
   Number of unique control sets:        27

IO Utilization: 
 Number of IOs:                          39
 Number of bonded IOBs:                  39  out of    400     9%  

Specific Feature Utilization:
 Number of BUFG/BUFGCTRLs:                4  out of     32    12%  

---------------------------
Partition Resource Summary:
---------------------------

  No Partitions were found in this design.

---------------------------


=========================================================================
Timing Report

NOTE: THESE TIMING NUMBERS ARE ONLY A SYNTHESIS ESTIMATE.
      FOR ACCURATE TIMING INFORMATION PLEASE REFER TO THE TRACE REPORT
      GENERATED AFTER PLACE-and-ROUTE.

Clock Information:
------------------
-----------------------------------+------------------------+-------+
Clock Signal                       | Clock buffer(FF name)  | Load  |
-----------------------------------+------------------------+-------+
clk_100mhz                         | BUFGP                  | 350   |
XLXI_1/pulse_out<3>                | BUFG                   | 256   |
XLXI_3/clkdiv_26                   | BUFG                   | 37    |
XLXI_1/clk1                        | BUFG                   | 41    |
XLXI_2/push(XLXI_2/push1:O)        | NONE(*)(XLXI_2/state_0)| 3     |
-----------------------------------+------------------------+-------+
(*) This 1 clock signal(s) are generated by combinatorial logic,
and XST is not able to identify which are the primary clock signals.
Please use the CLOCK_SIGNAL constraint to specify the clock signal(s) generated by combinatorial logic.
INFO:Xst:2169 - HDL ADVISOR - Some clock signals were not automatically buffered by XST with BUFG/BUFR resources. Please use the buffer_type constraint in order to insert these buffers to the clock signals to help prevent skew problems.

Asynchronous Control Signals Information:
----------------------------------------
No asynchronous control signals found in this design

Timing Summary:
---------------
Speed Grade: -2

   Minimum period: 160.236ns (Maximum Frequency: 6.241MHz)
   Minimum input arrival time before clock: 2.109ns
   Maximum output required time after clock: 0.658ns
   Maximum combinational path delay: No path found

Timing Details:
---------------
All values displayed in nanoseconds (ns)

=========================================================================
Timing constraint: Default period analysis for Clock 'clk_100mhz'
  Clock period: 160.236ns (frequency: 6.241MHz)
  Total number of paths / destination ports: 17078669416150060 / 443
-------------------------------------------------------------------------
Delay:               160.236ns (Levels of Logic = 243)
  Source:            XLXI_2/Ai_31 (FF)
  Destination:       XLXI_10/XLXI_1/buffer_60 (FF)
  Source Clock:      clk_100mhz rising
  Destination Clock: clk_100mhz rising

  Data Path: XLXI_2/Ai_31 to XLXI_10/XLXI_1/buffer_60
                                Gate     Net
    Cell:in->out      fanout   Delay   Delay  Logical Name (Net Name)
    ----------------------------------------  ------------
     FDE:C->Q              9   0.236   0.567  Ai_31 (Ai<31>)
     end scope: 'XLXI_2:Ai<31>'
     AND3:I2->O            1   0.134   0.603  XLXI_29/DM1/XLXI_2 (XLXI_29/DM1/XLXN_2)
     OR4:I1->O             1   0.053   0.522  XLXI_29/DM1/XLXI_33 (XLXI_29/DM1/XLXN_17)
     NAND3:I2->O           2   0.134   0.618  XLXI_29/DM1/XLXI_37/XLXI_2 (XLXI_29/DM1/XLXI_37/XLXN_25)
     NAND3:I0->O           1   0.043   0.522  XLXI_29/DM1/XLXI_37/XLXI_1 (XLXI_29/DM1/XLXI_37/XLXN_15)
     NAND3:I2->O           3   0.134   0.534  XLXI_29/DM1/XLXI_37/XLXI_3 (XLXI_29/DM1/XLXI_37/XLXN_18)
     NAND3:I2->O           2   0.134   0.608  XLXI_29/DM1/XLXI_37/XLXI_4 (XLXI_29/DM1/XLXI_37/XLXN_23)
     NAND3:I1->O           1   0.053   0.613  XLXI_29/DM1/XLXI_37/XLXI_6 (XLXI_29/DM1/XLXI_37/Qn_DUMMY)
     NAND3:I0->O           4   0.043   0.630  XLXI_29/DM1/XLXI_37/XLXI_5 (XLXN_115<31>)
     AND3:I0->O            1   0.043   0.613  XLXI_29/DM1/XLXI_6 (XLXI_29/DM1/XLXN_5)
     OR4:I0->O             1   0.043   0.522  XLXI_29/DM1/XLXI_34 (XLXI_29/DM1/XLXN_18)
     NAND3:I2->O           2   0.134   0.618  XLXI_29/DM1/XLXI_38/XLXI_2 (XLXI_29/DM1/XLXI_38/XLXN_25)
     NAND3:I0->O           1   0.043   0.522  XLXI_29/DM1/XLXI_38/XLXI_1 (XLXI_29/DM1/XLXI_38/XLXN_15)
     NAND3:I2->O           3   0.134   0.534  XLXI_29/DM1/XLXI_38/XLXI_3 (XLXI_29/DM1/XLXI_38/XLXN_18)
     NAND3:I2->O           2   0.134   0.608  XLXI_29/DM1/XLXI_38/XLXI_4 (XLXI_29/DM1/XLXI_38/XLXN_23)
     NAND3:I1->O           1   0.053   0.613  XLXI_29/DM1/XLXI_38/XLXI_6 (XLXI_29/DM1/XLXI_38/Qn_DUMMY)
     NAND3:I0->O           5   0.043   0.636  XLXI_29/DM1/XLXI_38/XLXI_5 (XLXN_115<30>)
     AND3:I0->O            1   0.043   0.613  XLXI_29/DM1/XLXI_25 (XLXI_29/DM1/XLXN_9)
     OR4:I0->O             1   0.043   0.522  XLXI_29/DM1/XLXI_35 (XLXI_29/DM1/XLXN_19)
     NAND3:I2->O           2   0.134   0.618  XLXI_29/DM1/XLXI_39/XLXI_2 (XLXI_29/DM1/XLXI_39/XLXN_25)
     NAND3:I0->O           1   0.043   0.522  XLXI_29/DM1/XLXI_39/XLXI_1 (XLXI_29/DM1/XLXI_39/XLXN_15)
     NAND3:I2->O           3   0.134   0.534  XLXI_29/DM1/XLXI_39/XLXI_3 (XLXI_29/DM1/XLXI_39/XLXN_18)
     NAND3:I2->O           2   0.134   0.608  XLXI_29/DM1/XLXI_39/XLXI_4 (XLXI_29/DM1/XLXI_39/XLXN_23)
     NAND3:I1->O           1   0.053   0.613  XLXI_29/DM1/XLXI_39/XLXI_6 (XLXI_29/DM1/XLXI_39/Qn_DUMMY)
     NAND3:I0->O           5   0.043   0.636  XLXI_29/DM1/XLXI_39/XLXI_5 (XLXN_115<29>)
     AND3:I0->O            1   0.043   0.613  XLXI_29/DM1/XLXI_29 (XLXI_29/DM1/XLXN_13)
     OR4:I0->O             1   0.043   0.522  XLXI_29/DM1/XLXI_36 (XLXI_29/DM1/XLXN_20)
     NAND3:I2->O           2   0.134   0.618  XLXI_29/DM1/XLXI_40/XLXI_2 (XLXI_29/DM1/XLXI_40/XLXN_25)
     NAND3:I0->O           1   0.043   0.522  XLXI_29/DM1/XLXI_40/XLXI_1 (XLXI_29/DM1/XLXI_40/XLXN_15)
     NAND3:I2->O           3   0.134   0.534  XLXI_29/DM1/XLXI_40/XLXI_3 (XLXI_29/DM1/XLXI_40/XLXN_18)
     NAND3:I2->O           2   0.134   0.608  XLXI_29/DM1/XLXI_40/XLXI_4 (XLXI_29/DM1/XLXI_40/XLXN_23)
     NAND3:I1->O           1   0.053   0.613  XLXI_29/DM1/XLXI_40/XLXI_6 (XLXI_29/DM1/XLXI_40/Qn_DUMMY)
     NAND3:I0->O           5   0.043   0.636  XLXI_29/DM1/XLXI_40/XLXI_5 (XLXN_115<28>)
     AND3:I0->O            1   0.043   0.613  XLXI_29/DM2/XLXI_1 (XLXI_29/DM2/XLXN_1)
     OR4:I0->O             1   0.043   0.522  XLXI_29/DM2/XLXI_33 (XLXI_29/DM2/XLXN_17)
     NAND3:I2->O           2   0.134   0.618  XLXI_29/DM2/XLXI_37/XLXI_2 (XLXI_29/DM2/XLXI_37/XLXN_25)
     NAND3:I0->O           1   0.043   0.522  XLXI_29/DM2/XLXI_37/XLXI_1 (XLXI_29/DM2/XLXI_37/XLXN_15)
     NAND3:I2->O           3   0.134   0.534  XLXI_29/DM2/XLXI_37/XLXI_3 (XLXI_29/DM2/XLXI_37/XLXN_18)
     NAND3:I2->O           2   0.134   0.608  XLXI_29/DM2/XLXI_37/XLXI_4 (XLXI_29/DM2/XLXI_37/XLXN_23)
     NAND3:I1->O           1   0.053   0.613  XLXI_29/DM2/XLXI_37/XLXI_6 (XLXI_29/DM2/XLXI_37/Qn_DUMMY)
     NAND3:I0->O           5   0.043   0.636  XLXI_29/DM2/XLXI_37/XLXI_5 (XLXN_115<27>)
     AND3:I0->O            1   0.043   0.613  XLXI_29/DM2/XLXI_6 (XLXI_29/DM2/XLXN_5)
     OR4:I0->O             1   0.043   0.522  XLXI_29/DM2/XLXI_34 (XLXI_29/DM2/XLXN_18)
     NAND3:I2->O           2   0.134   0.618  XLXI_29/DM2/XLXI_38/XLXI_2 (XLXI_29/DM2/XLXI_38/XLXN_25)
     NAND3:I0->O           1   0.043   0.522  XLXI_29/DM2/XLXI_38/XLXI_1 (XLXI_29/DM2/XLXI_38/XLXN_15)
     NAND3:I2->O           3   0.134   0.534  XLXI_29/DM2/XLXI_38/XLXI_3 (XLXI_29/DM2/XLXI_38/XLXN_18)
     NAND3:I2->O           2   0.134   0.608  XLXI_29/DM2/XLXI_38/XLXI_4 (XLXI_29/DM2/XLXI_38/XLXN_23)
     NAND3:I1->O           1   0.053   0.613  XLXI_29/DM2/XLXI_38/XLXI_6 (XLXI_29/DM2/XLXI_38/Qn_DUMMY)
     NAND3:I0->O           5   0.043   0.636  XLXI_29/DM2/XLXI_38/XLXI_5 (XLXN_115<26>)
     AND3:I0->O            1   0.043   0.613  XLXI_29/DM2/XLXI_25 (XLXI_29/DM2/XLXN_9)
     OR4:I0->O             1   0.043   0.522  XLXI_29/DM2/XLXI_35 (XLXI_29/DM2/XLXN_19)
     NAND3:I2->O           2   0.134   0.618  XLXI_29/DM2/XLXI_39/XLXI_2 (XLXI_29/DM2/XLXI_39/XLXN_25)
     NAND3:I0->O           1   0.043   0.522  XLXI_29/DM2/XLXI_39/XLXI_1 (XLXI_29/DM2/XLXI_39/XLXN_15)
     NAND3:I2->O           3   0.134   0.534  XLXI_29/DM2/XLXI_39/XLXI_3 (XLXI_29/DM2/XLXI_39/XLXN_18)
     NAND3:I2->O           2   0.134   0.608  XLXI_29/DM2/XLXI_39/XLXI_4 (XLXI_29/DM2/XLXI_39/XLXN_23)
     NAND3:I1->O           1   0.053   0.613  XLXI_29/DM2/XLXI_39/XLXI_6 (XLXI_29/DM2/XLXI_39/Qn_DUMMY)
     NAND3:I0->O           5   0.043   0.636  XLXI_29/DM2/XLXI_39/XLXI_5 (XLXN_115<25>)
     AND3:I0->O            1   0.043   0.613  XLXI_29/DM2/XLXI_29 (XLXI_29/DM2/XLXN_13)
     OR4:I0->O             1   0.043   0.522  XLXI_29/DM2/XLXI_36 (XLXI_29/DM2/XLXN_20)
     NAND3:I2->O           2   0.134   0.618  XLXI_29/DM2/XLXI_40/XLXI_2 (XLXI_29/DM2/XLXI_40/XLXN_25)
     NAND3:I0->O           1   0.043   0.522  XLXI_29/DM2/XLXI_40/XLXI_1 (XLXI_29/DM2/XLXI_40/XLXN_15)
     NAND3:I2->O           3   0.134   0.534  XLXI_29/DM2/XLXI_40/XLXI_3 (XLXI_29/DM2/XLXI_40/XLXN_18)
     NAND3:I2->O           2   0.134   0.608  XLXI_29/DM2/XLXI_40/XLXI_4 (XLXI_29/DM2/XLXI_40/XLXN_23)
     NAND3:I1->O           1   0.053   0.613  XLXI_29/DM2/XLXI_40/XLXI_6 (XLXI_29/DM2/XLXI_40/Qn_DUMMY)
     NAND3:I0->O           5   0.043   0.636  XLXI_29/DM2/XLXI_40/XLXI_5 (XLXN_115<24>)
     AND3:I0->O            1   0.043   0.613  XLXI_29/DM3/XLXI_1 (XLXI_29/DM3/XLXN_1)
     OR4:I0->O             1   0.043   0.522  XLXI_29/DM3/XLXI_33 (XLXI_29/DM3/XLXN_17)
     NAND3:I2->O           2   0.134   0.618  XLXI_29/DM3/XLXI_37/XLXI_2 (XLXI_29/DM3/XLXI_37/XLXN_25)
     NAND3:I0->O           1   0.043   0.522  XLXI_29/DM3/XLXI_37/XLXI_1 (XLXI_29/DM3/XLXI_37/XLXN_15)
     NAND3:I2->O           3   0.134   0.534  XLXI_29/DM3/XLXI_37/XLXI_3 (XLXI_29/DM3/XLXI_37/XLXN_18)
     NAND3:I2->O           2   0.134   0.608  XLXI_29/DM3/XLXI_37/XLXI_4 (XLXI_29/DM3/XLXI_37/XLXN_23)
     NAND3:I1->O           1   0.053   0.613  XLXI_29/DM3/XLXI_37/XLXI_6 (XLXI_29/DM3/XLXI_37/Qn_DUMMY)
     NAND3:I0->O           5   0.043   0.636  XLXI_29/DM3/XLXI_37/XLXI_5 (XLXN_115<23>)
     AND3:I0->O            1   0.043   0.613  XLXI_29/DM3/XLXI_6 (XLXI_29/DM3/XLXN_5)
     OR4:I0->O             1   0.043   0.522  XLXI_29/DM3/XLXI_34 (XLXI_29/DM3/XLXN_18)
     NAND3:I2->O           2   0.134   0.618  XLXI_29/DM3/XLXI_38/XLXI_2 (XLXI_29/DM3/XLXI_38/XLXN_25)
     NAND3:I0->O           1   0.043   0.522  XLXI_29/DM3/XLXI_38/XLXI_1 (XLXI_29/DM3/XLXI_38/XLXN_15)
     NAND3:I2->O           3   0.134   0.534  XLXI_29/DM3/XLXI_38/XLXI_3 (XLXI_29/DM3/XLXI_38/XLXN_18)
     NAND3:I2->O           2   0.134   0.608  XLXI_29/DM3/XLXI_38/XLXI_4 (XLXI_29/DM3/XLXI_38/XLXN_23)
     NAND3:I1->O           1   0.053   0.613  XLXI_29/DM3/XLXI_38/XLXI_6 (XLXI_29/DM3/XLXI_38/Qn_DUMMY)
     NAND3:I0->O           5   0.043   0.636  XLXI_29/DM3/XLXI_38/XLXI_5 (XLXN_115<22>)
     AND3:I0->O            1   0.043   0.613  XLXI_29/DM3/XLXI_25 (XLXI_29/DM3/XLXN_9)
     OR4:I0->O             1   0.043   0.522  XLXI_29/DM3/XLXI_35 (XLXI_29/DM3/XLXN_19)
     NAND3:I2->O           2   0.134   0.618  XLXI_29/DM3/XLXI_39/XLXI_2 (XLXI_29/DM3/XLXI_39/XLXN_25)
     NAND3:I0->O           1   0.043   0.522  XLXI_29/DM3/XLXI_39/XLXI_1 (XLXI_29/DM3/XLXI_39/XLXN_15)
     NAND3:I2->O           3   0.134   0.534  XLXI_29/DM3/XLXI_39/XLXI_3 (XLXI_29/DM3/XLXI_39/XLXN_18)
     NAND3:I2->O           2   0.134   0.608  XLXI_29/DM3/XLXI_39/XLXI_4 (XLXI_29/DM3/XLXI_39/XLXN_23)
     NAND3:I1->O           1   0.053   0.613  XLXI_29/DM3/XLXI_39/XLXI_6 (XLXI_29/DM3/XLXI_39/Qn_DUMMY)
     NAND3:I0->O           5   0.043   0.636  XLXI_29/DM3/XLXI_39/XLXI_5 (XLXN_115<21>)
     AND3:I0->O            1   0.043   0.613  XLXI_29/DM3/XLXI_29 (XLXI_29/DM3/XLXN_13)
     OR4:I0->O             1   0.043   0.522  XLXI_29/DM3/XLXI_36 (XLXI_29/DM3/XLXN_20)
     NAND3:I2->O           2   0.134   0.618  XLXI_29/DM3/XLXI_40/XLXI_2 (XLXI_29/DM3/XLXI_40/XLXN_25)
     NAND3:I0->O           1   0.043   0.522  XLXI_29/DM3/XLXI_40/XLXI_1 (XLXI_29/DM3/XLXI_40/XLXN_15)
     NAND3:I2->O           3   0.134   0.534  XLXI_29/DM3/XLXI_40/XLXI_3 (XLXI_29/DM3/XLXI_40/XLXN_18)
     NAND3:I2->O           2   0.134   0.608  XLXI_29/DM3/XLXI_40/XLXI_4 (XLXI_29/DM3/XLXI_40/XLXN_23)
     NAND3:I1->O           1   0.053   0.613  XLXI_29/DM3/XLXI_40/XLXI_6 (XLXI_29/DM3/XLXI_40/Qn_DUMMY)
     NAND3:I0->O           5   0.043   0.636  XLXI_29/DM3/XLXI_40/XLXI_5 (XLXN_115<20>)
     AND3:I0->O            1   0.043   0.613  XLXI_29/DM4/XLXI_1 (XLXI_29/DM4/XLXN_1)
     OR4:I0->O             1   0.043   0.522  XLXI_29/DM4/XLXI_33 (XLXI_29/DM4/XLXN_17)
     NAND3:I2->O           2   0.134   0.618  XLXI_29/DM4/XLXI_37/XLXI_2 (XLXI_29/DM4/XLXI_37/XLXN_25)
     NAND3:I0->O           1   0.043   0.522  XLXI_29/DM4/XLXI_37/XLXI_1 (XLXI_29/DM4/XLXI_37/XLXN_15)
     NAND3:I2->O           3   0.134   0.534  XLXI_29/DM4/XLXI_37/XLXI_3 (XLXI_29/DM4/XLXI_37/XLXN_18)
     NAND3:I2->O           2   0.134   0.608  XLXI_29/DM4/XLXI_37/XLXI_4 (XLXI_29/DM4/XLXI_37/XLXN_23)
     NAND3:I1->O           1   0.053   0.613  XLXI_29/DM4/XLXI_37/XLXI_6 (XLXI_29/DM4/XLXI_37/Qn_DUMMY)
     NAND3:I0->O           5   0.043   0.636  XLXI_29/DM4/XLXI_37/XLXI_5 (XLXN_115<19>)
     AND3:I0->O            1   0.043   0.613  XLXI_29/DM4/XLXI_6 (XLXI_29/DM4/XLXN_5)
     OR4:I0->O             1   0.043   0.522  XLXI_29/DM4/XLXI_34 (XLXI_29/DM4/XLXN_18)
     NAND3:I2->O           2   0.134   0.618  XLXI_29/DM4/XLXI_38/XLXI_2 (XLXI_29/DM4/XLXI_38/XLXN_25)
     NAND3:I0->O           1   0.043   0.522  XLXI_29/DM4/XLXI_38/XLXI_1 (XLXI_29/DM4/XLXI_38/XLXN_15)
     NAND3:I2->O           3   0.134   0.534  XLXI_29/DM4/XLXI_38/XLXI_3 (XLXI_29/DM4/XLXI_38/XLXN_18)
     NAND3:I2->O           2   0.134   0.608  XLXI_29/DM4/XLXI_38/XLXI_4 (XLXI_29/DM4/XLXI_38/XLXN_23)
     NAND3:I1->O           1   0.053   0.613  XLXI_29/DM4/XLXI_38/XLXI_6 (XLXI_29/DM4/XLXI_38/Qn_DUMMY)
     NAND3:I0->O           5   0.043   0.636  XLXI_29/DM4/XLXI_38/XLXI_5 (XLXN_115<18>)
     AND3:I0->O            1   0.043   0.613  XLXI_29/DM4/XLXI_25 (XLXI_29/DM4/XLXN_9)
     OR4:I0->O             1   0.043   0.522  XLXI_29/DM4/XLXI_35 (XLXI_29/DM4/XLXN_19)
     NAND3:I2->O           2   0.134   0.618  XLXI_29/DM4/XLXI_39/XLXI_2 (XLXI_29/DM4/XLXI_39/XLXN_25)
     NAND3:I0->O           1   0.043   0.522  XLXI_29/DM4/XLXI_39/XLXI_1 (XLXI_29/DM4/XLXI_39/XLXN_15)
     NAND3:I2->O           3   0.134   0.534  XLXI_29/DM4/XLXI_39/XLXI_3 (XLXI_29/DM4/XLXI_39/XLXN_18)
     NAND3:I2->O           2   0.134   0.608  XLXI_29/DM4/XLXI_39/XLXI_4 (XLXI_29/DM4/XLXI_39/XLXN_23)
     NAND3:I1->O           1   0.053   0.613  XLXI_29/DM4/XLXI_39/XLXI_6 (XLXI_29/DM4/XLXI_39/Qn_DUMMY)
     NAND3:I0->O           5   0.043   0.636  XLXI_29/DM4/XLXI_39/XLXI_5 (XLXN_115<17>)
     AND3:I0->O            1   0.043   0.613  XLXI_29/DM4/XLXI_29 (XLXI_29/DM4/XLXN_13)
     OR4:I0->O             1   0.043   0.522  XLXI_29/DM4/XLXI_36 (XLXI_29/DM4/XLXN_20)
     NAND3:I2->O           2   0.134   0.618  XLXI_29/DM4/XLXI_40/XLXI_2 (XLXI_29/DM4/XLXI_40/XLXN_25)
     NAND3:I0->O           1   0.043   0.522  XLXI_29/DM4/XLXI_40/XLXI_1 (XLXI_29/DM4/XLXI_40/XLXN_15)
     NAND3:I2->O           3   0.134   0.534  XLXI_29/DM4/XLXI_40/XLXI_3 (XLXI_29/DM4/XLXI_40/XLXN_18)
     NAND3:I2->O           2   0.134   0.608  XLXI_29/DM4/XLXI_40/XLXI_4 (XLXI_29/DM4/XLXI_40/XLXN_23)
     NAND3:I1->O           1   0.053   0.613  XLXI_29/DM4/XLXI_40/XLXI_6 (XLXI_29/DM4/XLXI_40/Qn_DUMMY)
     NAND3:I0->O           5   0.043   0.636  XLXI_29/DM4/XLXI_40/XLXI_5 (XLXN_115<16>)
     AND3:I0->O            1   0.043   0.613  XLXI_29/DM5/XLXI_1 (XLXI_29/DM5/XLXN_1)
     OR4:I0->O             1   0.043   0.522  XLXI_29/DM5/XLXI_33 (XLXI_29/DM5/XLXN_17)
     NAND3:I2->O           2   0.134   0.618  XLXI_29/DM5/XLXI_37/XLXI_2 (XLXI_29/DM5/XLXI_37/XLXN_25)
     NAND3:I0->O           1   0.043   0.522  XLXI_29/DM5/XLXI_37/XLXI_1 (XLXI_29/DM5/XLXI_37/XLXN_15)
     NAND3:I2->O           3   0.134   0.534  XLXI_29/DM5/XLXI_37/XLXI_3 (XLXI_29/DM5/XLXI_37/XLXN_18)
     NAND3:I2->O           2   0.134   0.608  XLXI_29/DM5/XLXI_37/XLXI_4 (XLXI_29/DM5/XLXI_37/XLXN_23)
     NAND3:I1->O           1   0.053   0.613  XLXI_29/DM5/XLXI_37/XLXI_6 (XLXI_29/DM5/XLXI_37/Qn_DUMMY)
     NAND3:I0->O           5   0.043   0.636  XLXI_29/DM5/XLXI_37/XLXI_5 (XLXN_115<15>)
     AND3:I0->O            1   0.043   0.613  XLXI_29/DM5/XLXI_6 (XLXI_29/DM5/XLXN_5)
     OR4:I0->O             1   0.043   0.522  XLXI_29/DM5/XLXI_34 (XLXI_29/DM5/XLXN_18)
     NAND3:I2->O           2   0.134   0.618  XLXI_29/DM5/XLXI_38/XLXI_2 (XLXI_29/DM5/XLXI_38/XLXN_25)
     NAND3:I0->O           1   0.043   0.522  XLXI_29/DM5/XLXI_38/XLXI_1 (XLXI_29/DM5/XLXI_38/XLXN_15)
     NAND3:I2->O           3   0.134   0.534  XLXI_29/DM5/XLXI_38/XLXI_3 (XLXI_29/DM5/XLXI_38/XLXN_18)
     NAND3:I2->O           2   0.134   0.608  XLXI_29/DM5/XLXI_38/XLXI_4 (XLXI_29/DM5/XLXI_38/XLXN_23)
     NAND3:I1->O           1   0.053   0.613  XLXI_29/DM5/XLXI_38/XLXI_6 (XLXI_29/DM5/XLXI_38/Qn_DUMMY)
     NAND3:I0->O           5   0.043   0.636  XLXI_29/DM5/XLXI_38/XLXI_5 (XLXN_115<14>)
     AND3:I0->O            1   0.043   0.613  XLXI_29/DM5/XLXI_25 (XLXI_29/DM5/XLXN_9)
     OR4:I0->O             1   0.043   0.522  XLXI_29/DM5/XLXI_35 (XLXI_29/DM5/XLXN_19)
     NAND3:I2->O           2   0.134   0.618  XLXI_29/DM5/XLXI_39/XLXI_2 (XLXI_29/DM5/XLXI_39/XLXN_25)
     NAND3:I0->O           1   0.043   0.522  XLXI_29/DM5/XLXI_39/XLXI_1 (XLXI_29/DM5/XLXI_39/XLXN_15)
     NAND3:I2->O           3   0.134   0.534  XLXI_29/DM5/XLXI_39/XLXI_3 (XLXI_29/DM5/XLXI_39/XLXN_18)
     NAND3:I2->O           2   0.134   0.608  XLXI_29/DM5/XLXI_39/XLXI_4 (XLXI_29/DM5/XLXI_39/XLXN_23)
     NAND3:I1->O           1   0.053   0.613  XLXI_29/DM5/XLXI_39/XLXI_6 (XLXI_29/DM5/XLXI_39/Qn_DUMMY)
     NAND3:I0->O           5   0.043   0.636  XLXI_29/DM5/XLXI_39/XLXI_5 (XLXN_115<13>)
     AND3:I0->O            1   0.043   0.613  XLXI_29/DM5/XLXI_29 (XLXI_29/DM5/XLXN_13)
     OR4:I0->O             1   0.043   0.522  XLXI_29/DM5/XLXI_36 (XLXI_29/DM5/XLXN_20)
     NAND3:I2->O           2   0.134   0.618  XLXI_29/DM5/XLXI_40/XLXI_2 (XLXI_29/DM5/XLXI_40/XLXN_25)
     NAND3:I0->O           1   0.043   0.522  XLXI_29/DM5/XLXI_40/XLXI_1 (XLXI_29/DM5/XLXI_40/XLXN_15)
     NAND3:I2->O           3   0.134   0.534  XLXI_29/DM5/XLXI_40/XLXI_3 (XLXI_29/DM5/XLXI_40/XLXN_18)
     NAND3:I2->O           2   0.134   0.608  XLXI_29/DM5/XLXI_40/XLXI_4 (XLXI_29/DM5/XLXI_40/XLXN_23)
     NAND3:I1->O           1   0.053   0.613  XLXI_29/DM5/XLXI_40/XLXI_6 (XLXI_29/DM5/XLXI_40/Qn_DUMMY)
     NAND3:I0->O           5   0.043   0.636  XLXI_29/DM5/XLXI_40/XLXI_5 (XLXN_115<12>)
     AND3:I0->O            1   0.043   0.613  XLXI_29/DM6/XLXI_1 (XLXI_29/DM6/XLXN_1)
     OR4:I0->O             1   0.043   0.522  XLXI_29/DM6/XLXI_33 (XLXI_29/DM6/XLXN_17)
     NAND3:I2->O           2   0.134   0.618  XLXI_29/DM6/XLXI_37/XLXI_2 (XLXI_29/DM6/XLXI_37/XLXN_25)
     NAND3:I0->O           1   0.043   0.522  XLXI_29/DM6/XLXI_37/XLXI_1 (XLXI_29/DM6/XLXI_37/XLXN_15)
     NAND3:I2->O           3   0.134   0.534  XLXI_29/DM6/XLXI_37/XLXI_3 (XLXI_29/DM6/XLXI_37/XLXN_18)
     NAND3:I2->O           2   0.134   0.608  XLXI_29/DM6/XLXI_37/XLXI_4 (XLXI_29/DM6/XLXI_37/XLXN_23)
     NAND3:I1->O           1   0.053   0.613  XLXI_29/DM6/XLXI_37/XLXI_6 (XLXI_29/DM6/XLXI_37/Qn_DUMMY)
     NAND3:I0->O           5   0.043   0.636  XLXI_29/DM6/XLXI_37/XLXI_5 (XLXN_115<11>)
     AND3:I0->O            1   0.043   0.613  XLXI_29/DM6/XLXI_6 (XLXI_29/DM6/XLXN_5)
     OR4:I0->O             1   0.043   0.522  XLXI_29/DM6/XLXI_34 (XLXI_29/DM6/XLXN_18)
     NAND3:I2->O           2   0.134   0.618  XLXI_29/DM6/XLXI_38/XLXI_2 (XLXI_29/DM6/XLXI_38/XLXN_25)
     NAND3:I0->O           1   0.043   0.522  XLXI_29/DM6/XLXI_38/XLXI_1 (XLXI_29/DM6/XLXI_38/XLXN_15)
     NAND3:I2->O           3   0.134   0.534  XLXI_29/DM6/XLXI_38/XLXI_3 (XLXI_29/DM6/XLXI_38/XLXN_18)
     NAND3:I2->O           2   0.134   0.608  XLXI_29/DM6/XLXI_38/XLXI_4 (XLXI_29/DM6/XLXI_38/XLXN_23)
     NAND3:I1->O           1   0.053   0.613  XLXI_29/DM6/XLXI_38/XLXI_6 (XLXI_29/DM6/XLXI_38/Qn_DUMMY)
     NAND3:I0->O           5   0.043   0.636  XLXI_29/DM6/XLXI_38/XLXI_5 (XLXN_115<10>)
     AND3:I0->O            1   0.043   0.613  XLXI_29/DM6/XLXI_25 (XLXI_29/DM6/XLXN_9)
     OR4:I0->O             1   0.043   0.522  XLXI_29/DM6/XLXI_35 (XLXI_29/DM6/XLXN_19)
     NAND3:I2->O           2   0.134   0.618  XLXI_29/DM6/XLXI_39/XLXI_2 (XLXI_29/DM6/XLXI_39/XLXN_25)
     NAND3:I0->O           1   0.043   0.522  XLXI_29/DM6/XLXI_39/XLXI_1 (XLXI_29/DM6/XLXI_39/XLXN_15)
     NAND3:I2->O           3   0.134   0.534  XLXI_29/DM6/XLXI_39/XLXI_3 (XLXI_29/DM6/XLXI_39/XLXN_18)
     NAND3:I2->O           2   0.134   0.608  XLXI_29/DM6/XLXI_39/XLXI_4 (XLXI_29/DM6/XLXI_39/XLXN_23)
     NAND3:I1->O           1   0.053   0.613  XLXI_29/DM6/XLXI_39/XLXI_6 (XLXI_29/DM6/XLXI_39/Qn_DUMMY)
     NAND3:I0->O           5   0.043   0.636  XLXI_29/DM6/XLXI_39/XLXI_5 (XLXN_115<9>)
     AND3:I0->O            1   0.043   0.613  XLXI_29/DM6/XLXI_29 (XLXI_29/DM6/XLXN_13)
     OR4:I0->O             1   0.043   0.522  XLXI_29/DM6/XLXI_36 (XLXI_29/DM6/XLXN_20)
     NAND3:I2->O           2   0.134   0.618  XLXI_29/DM6/XLXI_40/XLXI_2 (XLXI_29/DM6/XLXI_40/XLXN_25)
     NAND3:I0->O           1   0.043   0.522  XLXI_29/DM6/XLXI_40/XLXI_1 (XLXI_29/DM6/XLXI_40/XLXN_15)
     NAND3:I2->O           3   0.134   0.534  XLXI_29/DM6/XLXI_40/XLXI_3 (XLXI_29/DM6/XLXI_40/XLXN_18)
     NAND3:I2->O           2   0.134   0.608  XLXI_29/DM6/XLXI_40/XLXI_4 (XLXI_29/DM6/XLXI_40/XLXN_23)
     NAND3:I1->O           1   0.053   0.613  XLXI_29/DM6/XLXI_40/XLXI_6 (XLXI_29/DM6/XLXI_40/Qn_DUMMY)
     NAND3:I0->O           5   0.043   0.636  XLXI_29/DM6/XLXI_40/XLXI_5 (XLXN_115<8>)
     AND3:I0->O            1   0.043   0.613  XLXI_29/DM7/XLXI_1 (XLXI_29/DM7/XLXN_1)
     OR4:I0->O             1   0.043   0.522  XLXI_29/DM7/XLXI_33 (XLXI_29/DM7/XLXN_17)
     NAND3:I2->O           2   0.134   0.618  XLXI_29/DM7/XLXI_37/XLXI_2 (XLXI_29/DM7/XLXI_37/XLXN_25)
     NAND3:I0->O           1   0.043   0.522  XLXI_29/DM7/XLXI_37/XLXI_1 (XLXI_29/DM7/XLXI_37/XLXN_15)
     NAND3:I2->O           3   0.134   0.534  XLXI_29/DM7/XLXI_37/XLXI_3 (XLXI_29/DM7/XLXI_37/XLXN_18)
     NAND3:I2->O           2   0.134   0.608  XLXI_29/DM7/XLXI_37/XLXI_4 (XLXI_29/DM7/XLXI_37/XLXN_23)
     NAND3:I1->O           1   0.053   0.613  XLXI_29/DM7/XLXI_37/XLXI_6 (XLXI_29/DM7/XLXI_37/Qn_DUMMY)
     NAND3:I0->O           5   0.043   0.636  XLXI_29/DM7/XLXI_37/XLXI_5 (XLXN_115<7>)
     AND3:I0->O            1   0.043   0.613  XLXI_29/DM7/XLXI_6 (XLXI_29/DM7/XLXN_5)
     OR4:I0->O             1   0.043   0.522  XLXI_29/DM7/XLXI_34 (XLXI_29/DM7/XLXN_18)
     NAND3:I2->O           2   0.134   0.618  XLXI_29/DM7/XLXI_38/XLXI_2 (XLXI_29/DM7/XLXI_38/XLXN_25)
     NAND3:I0->O           1   0.043   0.522  XLXI_29/DM7/XLXI_38/XLXI_1 (XLXI_29/DM7/XLXI_38/XLXN_15)
     NAND3:I2->O           3   0.134   0.534  XLXI_29/DM7/XLXI_38/XLXI_3 (XLXI_29/DM7/XLXI_38/XLXN_18)
     NAND3:I2->O           2   0.134   0.608  XLXI_29/DM7/XLXI_38/XLXI_4 (XLXI_29/DM7/XLXI_38/XLXN_23)
     NAND3:I1->O           1   0.053   0.613  XLXI_29/DM7/XLXI_38/XLXI_6 (XLXI_29/DM7/XLXI_38/Qn_DUMMY)
     NAND3:I0->O           5   0.043   0.636  XLXI_29/DM7/XLXI_38/XLXI_5 (XLXN_115<6>)
     AND3:I0->O            1   0.043   0.613  XLXI_29/DM7/XLXI_25 (XLXI_29/DM7/XLXN_9)
     OR4:I0->O             1   0.043   0.522  XLXI_29/DM7/XLXI_35 (XLXI_29/DM7/XLXN_19)
     NAND3:I2->O           2   0.134   0.618  XLXI_29/DM7/XLXI_39/XLXI_2 (XLXI_29/DM7/XLXI_39/XLXN_25)
     NAND3:I0->O           1   0.043   0.522  XLXI_29/DM7/XLXI_39/XLXI_1 (XLXI_29/DM7/XLXI_39/XLXN_15)
     NAND3:I2->O           3   0.134   0.534  XLXI_29/DM7/XLXI_39/XLXI_3 (XLXI_29/DM7/XLXI_39/XLXN_18)
     NAND3:I2->O           2   0.134   0.608  XLXI_29/DM7/XLXI_39/XLXI_4 (XLXI_29/DM7/XLXI_39/XLXN_23)
     NAND3:I1->O           1   0.053   0.613  XLXI_29/DM7/XLXI_39/XLXI_6 (XLXI_29/DM7/XLXI_39/Qn_DUMMY)
     NAND3:I0->O           5   0.043   0.636  XLXI_29/DM7/XLXI_39/XLXI_5 (XLXN_115<5>)
     AND3:I0->O            1   0.043   0.613  XLXI_29/DM7/XLXI_29 (XLXI_29/DM7/XLXN_13)
     OR4:I0->O             1   0.043   0.522  XLXI_29/DM7/XLXI_36 (XLXI_29/DM7/XLXN_20)
     NAND3:I2->O           2   0.134   0.618  XLXI_29/DM7/XLXI_40/XLXI_2 (XLXI_29/DM7/XLXI_40/XLXN_25)
     NAND3:I0->O           1   0.043   0.522  XLXI_29/DM7/XLXI_40/XLXI_1 (XLXI_29/DM7/XLXI_40/XLXN_15)
     NAND3:I2->O           3   0.134   0.534  XLXI_29/DM7/XLXI_40/XLXI_3 (XLXI_29/DM7/XLXI_40/XLXN_18)
     NAND3:I2->O           2   0.134   0.608  XLXI_29/DM7/XLXI_40/XLXI_4 (XLXI_29/DM7/XLXI_40/XLXN_23)
     NAND3:I1->O           1   0.053   0.613  XLXI_29/DM7/XLXI_40/XLXI_6 (XLXI_29/DM7/XLXI_40/Qn_DUMMY)
     NAND3:I0->O           5   0.043   0.636  XLXI_29/DM7/XLXI_40/XLXI_5 (XLXN_115<4>)
     AND3:I0->O            1   0.043   0.613  XLXI_29/DM8/XLXI_1 (XLXI_29/DM8/XLXN_1)
     OR4:I0->O             1   0.043   0.522  XLXI_29/DM8/XLXI_33 (XLXI_29/DM8/XLXN_17)
     NAND3:I2->O           2   0.134   0.618  XLXI_29/DM8/XLXI_37/XLXI_2 (XLXI_29/DM8/XLXI_37/XLXN_25)
     NAND3:I0->O           1   0.043   0.522  XLXI_29/DM8/XLXI_37/XLXI_1 (XLXI_29/DM8/XLXI_37/XLXN_15)
     NAND3:I2->O           3   0.134   0.534  XLXI_29/DM8/XLXI_37/XLXI_3 (XLXI_29/DM8/XLXI_37/XLXN_18)
     NAND3:I2->O           2   0.134   0.608  XLXI_29/DM8/XLXI_37/XLXI_4 (XLXI_29/DM8/XLXI_37/XLXN_23)
     NAND3:I1->O           1   0.053   0.613  XLXI_29/DM8/XLXI_37/XLXI_6 (XLXI_29/DM8/XLXI_37/Qn_DUMMY)
     NAND3:I0->O           5   0.043   0.636  XLXI_29/DM8/XLXI_37/XLXI_5 (XLXN_115<3>)
     AND2:I0->O            1   0.043   0.522  XLXI_5/MUX1_DispData/XLXI_1/XLXI_3/XLXI_22 (XLXI_5/MUX1_DispData/XLXI_1/XLXI_3/XLXN_74)
     OR4:I2->O             1   0.134   0.613  XLXI_5/MUX1_DispData/XLXI_1/XLXI_3/XLXI_31 (XLXI_5/MUX1_DispData/XLXI_1/XLXN_84<3>)
     AND2:I0->O            1   0.043   0.613  XLXI_5/MUX1_DispData/XLXI_1/XLXI_18 (XLXI_5/MUX1_DispData/XLXI_1/XLXN_103)
     OR2:I0->O            12   0.043   0.400  XLXI_5/MUX1_DispData/XLXI_1/XLXI_26 (XLXN_30<3>)
     INV:I->O             13   0.317   0.563  XLXI_10/XLXI_2/HTS7/MSEG/XLXI_2 (XLXI_10/XLXI_2/HTS7/MSEG/XLXN_55)
     AND4:I3->O            1   0.161   0.495  XLXI_10/XLXI_2/HTS7/MSEG/XLXI_15 (XLXI_10/XLXI_2/HTS7/MSEG/XLXN_33)
     OR4:I3->O             1   0.161   0.603  XLXI_10/XLXI_2/HTS7/MSEG/XLXI_19 (XLXI_10/XLXI_2/HTS7/MSEG/XLXN_133)
     OR2:I1->O             1   0.053   0.350  XLXI_10/XLXI_2/HTS7/MSEG/XLXI_49 (XLXI_10/a<62>)
     LUT3:I2->O            1   0.043   0.613  XLXI_10/sel/Mmux_y591 (XLXI_10/data_in<62>)
     begin scope: 'XLXI_10/XLXI_1:P_Data<62>'
     LUT6:I0->O            1   0.043   0.000  buffer_62_rstpot (buffer_62_rstpot)
     FD:D                     -0.000          buffer_62
    ----------------------------------------
    Total                    160.236ns (19.561ns logic, 140.675ns route)
                                       (12.2% logic, 87.8% route)

=========================================================================
Timing constraint: Default period analysis for Clock 'XLXI_1/pulse_out<3>'
  Clock period: 13.660ns (frequency: 73.209MHz)
  Total number of paths / destination ports: 1249280 / 256
-------------------------------------------------------------------------
Delay:               13.660ns (Levels of Logic = 20)
  Source:            XLXI_26/R7/Q_2 (FF)
  Destination:       XLXI_26/R0/Q_21 (FF)
  Source Clock:      XLXI_1/pulse_out<3> rising
  Destination Clock: XLXI_1/pulse_out<3> rising

  Data Path: XLXI_26/R7/Q_2 to XLXI_26/R0/Q_21
                                Gate     Net
    Cell:in->out      fanout   Delay   Delay  Logical Name (Net Name)
    ----------------------------------------  ------------
     FDCE:C->Q             2   0.236   0.618  XLXI_26/R7/Q_2 (XLXI_26/R7/Q_2)
     AND2:I0->O            1   0.043   0.613  XLXI_26/MUXA/XLXI_1/XLXI_2/XLXI_43 (XLXI_26/MUXA/XLXI_1/XLXI_2/XLXN_46)
     OR4:I0->O             1   0.043   0.613  XLXI_26/MUXA/XLXI_1/XLXI_2/XLXI_45 (XLXI_26/MUXA/XLXI_1/o1<2>)
     AND2:I0->O            1   0.043   0.613  XLXI_26/MUXA/XLXI_1/XLXI_23 (XLXI_26/MUXA/XLXI_1/XLXN_74)
     OR2:I0->O             5   0.043   0.373  XLXI_26/MUXA/XLXI_1/XLXI_36 (XLXN_91<2>)
     LUT3:I2->O            4   0.043   0.620  XLXI_25/Mmux_o231 (XLXN_93<2>)
     XOR2:I1->O            8   0.053   0.642  XLXI_24/ADD_32/XLXI_1/XLXI_1/XLXI_1 (XLXI_24/ADD_32/XLXI_1/XLXN_29)
     AND4:I1->O            1   0.053   0.495  XLXI_24/ADD_32/XLXI_1/XLXI_5/XLXI_16 (XLXI_24/ADD_32/XLXI_1/XLXI_5/XLXN_55)
     OR4:I3->O             4   0.161   0.512  XLXI_24/ADD_32/XLXI_1/XLXI_5/XLXI_4 (XLXI_24/ADD_32/XLXN_37)
     AND4:I3->O            1   0.161   0.495  XLXI_24/ADD_32/XLXI_10/XLXI_16 (XLXI_24/ADD_32/XLXI_10/XLXN_55)
     OR4:I3->O             1   0.161   0.603  XLXI_24/ADD_32/XLXI_10/XLXI_4 (XLXI_24/ADD_32/XLXN_36)
     OR2:I1->O             9   0.053   0.648  XLXI_24/ADD_32/XLXI_13 (XLXI_24/ADD_32/XLXN_58)
     AND2:I1->O            1   0.053   0.603  XLXI_24/ADD_32/XLXI_11/XLXI_5 (XLXI_24/ADD_32/XLXI_11/XLXN_12)
     OR2:I1->O             5   0.053   0.626  XLXI_24/ADD_32/XLXI_11/XLXI_1 (XLXI_24/ADD_32/XLXN_63)
     AND2:I1->O            1   0.053   0.603  XLXI_24/ADD_32/XLXI_6/XLXI_5/XLXI_5 (XLXI_24/ADD_32/XLXI_6/XLXI_5/XLXN_12)
     OR2:I1->O             2   0.053   0.618  XLXI_24/ADD_32/XLXI_6/XLXI_5/XLXI_1 (XLXI_24/ADD_32/XLXI_6/XLXN_33)
     XOR2:I0->O            2   0.043   0.618  XLXI_24/ADD_32/XLXI_6/XLXI_2/XLXI_2 (XLXI_24/Sum<21>)
     AND2:I0->O            1   0.043   0.603  XLXI_24/Mux1/XLXI_3/XLXI_4/XLXI_36 (XLXI_24/Mux1/XLXI_3/XLXI_4/XLXN_41)
     OR4:I1->O             1   0.053   0.613  XLXI_24/Mux1/XLXI_3/XLXI_4/XLXI_40 (XLXI_24/Mux1/XLXI_3/o3<1>)
     AND2:I0->O            1   0.043   0.613  XLXI_24/Mux1/XLXI_3/XLXI_29 (XLXI_24/Mux1/XLXI_3/XLXN_82)
     OR2:I0->O             9   0.043   0.384  XLXI_24/Mux1/XLXI_3/XLXI_39 (XLXN_107<21>)
     FDCE:D                   -0.000          XLXI_26/R7/Q_21
    ----------------------------------------
    Total                     13.660ns (1.530ns logic, 12.130ns route)
                                       (11.2% logic, 88.8% route)

=========================================================================
Timing constraint: Default period analysis for Clock 'XLXI_3/clkdiv_26'
  Clock period: 2.572ns (frequency: 388.727MHz)
  Total number of paths / destination ports: 1099 / 37
-------------------------------------------------------------------------
Delay:               2.572ns (Levels of Logic = 3)
  Source:            XLXI_28/XLXI_22 (FF)
  Destination:       XLXI_28/XLXI_26 (FF)
  Source Clock:      XLXI_3/clkdiv_26 rising
  Destination Clock: XLXI_3/clkdiv_26 rising

  Data Path: XLXI_28/XLXI_22 to XLXI_28/XLXI_26
                                Gate     Net
    Cell:in->out      fanout   Delay   Delay  Logical Name (Net Name)
    ----------------------------------------  ------------
     FD:C->Q               3   0.236   0.351  XLXI_28/XLXI_22 (Qa)
     INV:I->O              4   0.317   0.620  XLXI_28/XLXI_30 (XLXI_28/XLXN_61)
     NOR2:I1->O            1   0.053   0.603  XLXI_28/XLXI_31 (XLXI_28/XLXN_70)
     XNOR2:I1->O           1   0.053   0.339  XLXI_28/XLXI_35 (XLXI_28/XLXN_71)
     FD:D                     -0.000          XLXI_28/XLXI_25
    ----------------------------------------
    Total                      2.572ns (0.659ns logic, 1.913ns route)
                                       (25.6% logic, 74.4% route)

=========================================================================
Timing constraint: Default period analysis for Clock 'XLXI_1/clk1'
  Clock period: 2.152ns (frequency: 464.587MHz)
  Total number of paths / destination ports: 1454 / 90
-------------------------------------------------------------------------
Delay:               2.152ns (Levels of Logic = 7)
  Source:            XLXI_1/counter_8 (FF)
  Destination:       XLXI_1/Key_x_0 (FF)
  Source Clock:      XLXI_1/clk1 rising
  Destination Clock: XLXI_1/clk1 rising

  Data Path: XLXI_1/counter_8 to XLXI_1/Key_x_0
                                Gate     Net
    Cell:in->out      fanout   Delay   Delay  Logical Name (Net Name)
    ----------------------------------------  ------------
     FDRE:C->Q             3   0.236   0.615  counter_8 (counter<8>)
     LUT5:I0->O            1   0.043   0.000  Mcompar_counter[31]_GND_1_o_LessThan_5_o_lut<0> (Mcompar_counter[31]_GND_1_o_LessThan_5_o_lut<0>)
     MUXCY:S->O            1   0.238   0.000  Mcompar_counter[31]_GND_1_o_LessThan_5_o_cy<0> (Mcompar_counter[31]_GND_1_o_LessThan_5_o_cy<0>)
     MUXCY:CI->O           1   0.013   0.000  Mcompar_counter[31]_GND_1_o_LessThan_5_o_cy<1> (Mcompar_counter[31]_GND_1_o_LessThan_5_o_cy<1>)
     MUXCY:CI->O           1   0.013   0.000  Mcompar_counter[31]_GND_1_o_LessThan_5_o_cy<2> (Mcompar_counter[31]_GND_1_o_LessThan_5_o_cy<2>)
     MUXCY:CI->O           1   0.013   0.000  Mcompar_counter[31]_GND_1_o_LessThan_5_o_cy<3> (Mcompar_counter[31]_GND_1_o_LessThan_5_o_cy<3>)
     MUXCY:CI->O           8   0.013   0.378  Mcompar_counter[31]_GND_1_o_LessThan_5_o_cy<4> (Mcompar_counter[31]_GND_1_o_LessThan_5_o_cy<4>)
     INV:I->O              7   0.054   0.373  _n0225_inv1_cepot_INV_0 (_n0225_inv1_cepot)
     FDE:CE                    0.161          Key_x_0
    ----------------------------------------
    Total                      2.152ns (0.786ns logic, 1.366ns route)
                                       (36.5% logic, 63.5% route)

=========================================================================
Timing constraint: Default period analysis for Clock 'XLXI_2/push'
  Clock period: 1.069ns (frequency: 935.060MHz)
  Total number of paths / destination ports: 6 / 3
-------------------------------------------------------------------------
Delay:               1.069ns (Levels of Logic = 1)
  Source:            XLXI_2/state_0 (FF)
  Destination:       XLXI_2/state_0 (FF)
  Source Clock:      XLXI_2/push rising
  Destination Clock: XLXI_2/push rising

  Data Path: XLXI_2/state_0 to XLXI_2/state_0
                                Gate     Net
    Cell:in->out      fanout   Delay   Delay  Logical Name (Net Name)
    ----------------------------------------  ------------
     FDE:C->Q             19   0.236   0.440  state_0 (state<0>)
     INV:I->O              1   0.054   0.339  Result<0>1_INV_0 (Result<0>)
     FDE:D                    -0.000          state_0
    ----------------------------------------
    Total                      1.069ns (0.290ns logic, 0.779ns route)
                                       (27.1% logic, 72.9% route)

=========================================================================
Timing constraint: Default OFFSET IN BEFORE for Clock 'clk_100mhz'
  Total number of paths / destination ports: 1195 / 100
-------------------------------------------------------------------------
Offset:              2.089ns (Levels of Logic = 10)
  Source:            SW<2> (PAD)
  Destination:       XLXI_1/SW_OK_0 (FF)
  Destination Clock: clk_100mhz rising

  Data Path: SW<2> to XLXI_1/SW_OK_0
                                Gate     Net
    Cell:in->out      fanout   Delay   Delay  Logical Name (Net Name)
    ----------------------------------------  ------------
     IBUF:I->O             3   0.000   0.625  SW_2_IBUF (SW_2_IBUF)
     begin scope: 'XLXI_1:SW<2>'
     LUT6:I0->O            1   0.043   0.000  Mcompar_sw_temp[15]_SW[15]_not_equal_100_o_lut<0> (Mcompar_sw_temp[15]_SW[15]_not_equal_100_o_lut<0>)
     MUXCY:S->O            1   0.238   0.000  Mcompar_sw_temp[15]_SW[15]_not_equal_100_o_cy<0> (Mcompar_sw_temp[15]_SW[15]_not_equal_100_o_cy<0>)
     MUXCY:CI->O           1   0.013   0.000  Mcompar_sw_temp[15]_SW[15]_not_equal_100_o_cy<1> (Mcompar_sw_temp[15]_SW[15]_not_equal_100_o_cy<1>)
     MUXCY:CI->O           1   0.013   0.000  Mcompar_sw_temp[15]_SW[15]_not_equal_100_o_cy<2> (Mcompar_sw_temp[15]_SW[15]_not_equal_100_o_cy<2>)
     MUXCY:CI->O           1   0.013   0.000  Mcompar_sw_temp[15]_SW[15]_not_equal_100_o_cy<3> (Mcompar_sw_temp[15]_SW[15]_not_equal_100_o_cy<3>)
     MUXCY:CI->O           1   0.013   0.000  Mcompar_sw_temp[15]_SW[15]_not_equal_100_o_cy<4> (Mcompar_sw_temp[15]_SW[15]_not_equal_100_o_cy<4>)
     MUXCY:CI->O          43   0.013   0.471  Mcompar_sw_temp[15]_SW[15]_not_equal_100_o_cy<5> (sw_temp[15]_SW[15]_not_equal_100_o)
     INV:I->O             17   0.054   0.429  _n0243_inv1_cepot_cepot_INV_0 (_n0243_inv1_cepot_cepot)
     FDE:CE                    0.161          SW_OK_0
    ----------------------------------------
    Total                      2.089ns (0.563ns logic, 1.525ns route)
                                       (27.0% logic, 73.0% route)

=========================================================================
Timing constraint: Default OFFSET IN BEFORE for Clock 'XLXI_1/clk1'
  Total number of paths / destination ports: 176 / 41
-------------------------------------------------------------------------
Offset:              2.109ns (Levels of Logic = 6)
  Source:            K_COL<3> (PAD)
  Destination:       XLXI_1/Key_x_1 (FF)
  Destination Clock: XLXI_1/clk1 rising

  Data Path: K_COL<3> to XLXI_1/Key_x_1
                                Gate     Net
    Cell:in->out      fanout   Delay   Delay  Logical Name (Net Name)
    ----------------------------------------  ------------
     IBUF:I->O             6   0.000   0.550  K_COL_3_IBUF (K_COL_3_IBUF)
     begin scope: 'XLXI_1:Key_y<3>'
     LUT4:I0->O           12   0.043   0.674  out1 (n0016)
     LUT6:I0->O            3   0.043   0.362  _n0295<0>1 (_n0295<0>)
     LUT6:I5->O            1   0.043   0.350  Key_x[4]_PWR_1_o_select_74_OUT<1>1 (Key_x[4]_PWR_1_o_select_74_OUT<4>)
     LUT3:I2->O            1   0.043   0.000  Key_x_4_dpot (Key_x_4_dpot)
     FDE:D                    -0.000          Key_x_4
    ----------------------------------------
    Total                      2.109ns (0.172ns logic, 1.937ns route)
                                       (8.2% logic, 91.8% route)

=========================================================================
Timing constraint: Default OFFSET OUT AFTER for Clock 'XLXI_1/clk1'
  Total number of paths / destination ports: 6 / 6
-------------------------------------------------------------------------
Offset:              0.658ns (Levels of Logic = 2)
  Source:            XLXI_1/Key_x_4 (FF)
  Destination:       K_ROW<4> (PAD)
  Source Clock:      XLXI_1/clk1 rising

  Data Path: XLXI_1/Key_x_4 to K_ROW<4>
                                Gate     Net
    Cell:in->out      fanout   Delay   Delay  Logical Name (Net Name)
    ----------------------------------------  ------------
     FDE:C->Q             16   0.236   0.422  Key_x_4 (Key_x<4>)
     end scope: 'XLXI_1:Key_x<4>'
     OBUF:I->O                 0.000          K_ROW_4_OBUF (K_ROW<4>)
    ----------------------------------------
    Total                      0.658ns (0.236ns logic, 0.422ns route)
                                       (35.8% logic, 64.2% route)

=========================================================================
Timing constraint: Default OFFSET OUT AFTER for Clock 'clk_100mhz'
  Total number of paths / destination ports: 8 / 8
-------------------------------------------------------------------------
Offset:              0.625ns (Levels of Logic = 2)
  Source:            XLXI_10/XLXI_1/s_clk (FF)
  Destination:       SEGCLK (PAD)
  Source Clock:      clk_100mhz rising

  Data Path: XLXI_10/XLXI_1/s_clk to SEGCLK
                                Gate     Net
    Cell:in->out      fanout   Delay   Delay  Logical Name (Net Name)
    ----------------------------------------  ------------
     FDC:C->Q             10   0.236   0.389  s_clk (s_clk)
     end scope: 'XLXI_10/XLXI_1:s_clk'
     OBUF:I->O                 0.000          SEGCLK_OBUF (SEGCLK)
    ----------------------------------------
    Total                      0.625ns (0.236ns logic, 0.389ns route)
                                       (37.7% logic, 62.3% route)

=========================================================================

Cross Clock Domains Report:
--------------------------

Clock to Setup on destination clock XLXI_1/clk1
---------------+---------+---------+---------+---------+
               | Src:Rise| Src:Fall| Src:Rise| Src:Fall|
Source Clock   |Dest:Rise|Dest:Rise|Dest:Fall|Dest:Fall|
---------------+---------+---------+---------+---------+
XLXI_1/clk1    |    2.152|         |         |         |
clk_100mhz     |    1.292|         |         |         |
---------------+---------+---------+---------+---------+

Clock to Setup on destination clock XLXI_1/pulse_out<3>
-------------------+---------+---------+---------+---------+
                   | Src:Rise| Src:Fall| Src:Rise| Src:Fall|
Source Clock       |Dest:Rise|Dest:Rise|Dest:Fall|Dest:Fall|
-------------------+---------+---------+---------+---------+
XLXI_1/pulse_out<3>|   13.660|         |         |         |
clk_100mhz         |   15.123|         |         |         |
-------------------+---------+---------+---------+---------+

Clock to Setup on destination clock XLXI_2/push
---------------+---------+---------+---------+---------+
               | Src:Rise| Src:Fall| Src:Rise| Src:Fall|
Source Clock   |Dest:Rise|Dest:Rise|Dest:Fall|Dest:Fall|
---------------+---------+---------+---------+---------+
XLXI_1/clk1    |    0.939|         |         |         |
XLXI_2/push    |    1.069|         |         |         |
clk_100mhz     |    1.349|         |         |         |
---------------+---------+---------+---------+---------+

Clock to Setup on destination clock XLXI_3/clkdiv_26
----------------+---------+---------+---------+---------+
                | Src:Rise| Src:Fall| Src:Rise| Src:Fall|
Source Clock    |Dest:Rise|Dest:Rise|Dest:Fall|Dest:Fall|
----------------+---------+---------+---------+---------+
XLXI_1/clk1     |    2.367|         |         |         |
XLXI_3/clkdiv_26|    2.572|         |         |         |
clk_100mhz      |    2.224|         |         |         |
----------------+---------+---------+---------+---------+

Clock to Setup on destination clock clk_100mhz
-------------------+---------+---------+---------+---------+
                   | Src:Rise| Src:Fall| Src:Rise| Src:Fall|
Source Clock       |Dest:Rise|Dest:Rise|Dest:Fall|Dest:Fall|
-------------------+---------+---------+---------+---------+
XLXI_1/clk1        |  161.024|         |         |         |
XLXI_1/pulse_out<3>|   19.803|         |    8.988|         |
XLXI_2/push        |    5.866|         |         |         |
XLXI_3/clkdiv_26   |    6.736|         |    1.916|         |
clk_100mhz         |  160.236|    1.289|   10.451|         |
-------------------+---------+---------+---------+---------+

=========================================================================


Total REAL time to Xst completion: 17.00 secs
Total CPU time to Xst completion: 16.55 secs
 
--> 

Total memory usage is 439024 kilobytes

Number of errors   :    0 (   0 filtered)
Number of warnings :   68 (   0 filtered)
Number of infos    :   14 (   0 filtered)

