--------------------------------------------------------------------------------
Release 14.7 Trace  (nt)
Copyright (c) 1995-2013 Xilinx, Inc.  All rights reserved.

C:\Xilinx\14.7\ISE_DS\ISE\bin\nt\unwrapped\trce.exe -intstyle ise -v 3 -s 3 -n
3 -fastpaths -xml Top.twx Top.ncd -o Top.twr Top.pcf -ucf TOPUCF.ucf

Design file:              Top.ncd
Physical constraint file: Top.pcf
Device,package,speed:     xc6slx16,csg324,C,-3 (PRODUCTION 1.23 2013-10-13)
Report level:             verbose report

Environment Variable      Effect 
--------------------      ------ 
NONE                      No environment variables were set
--------------------------------------------------------------------------------

INFO:Timing:2698 - No timing constraints found, doing default enumeration.
INFO:Timing:3412 - To improve timing, see the Timing Closure User Guide (UG612).
INFO:Timing:2752 - To get complete path coverage, use the unconstrained paths 
   option. All paths that are not constrained will be reported in the 
   unconstrained paths section(s) of the report.
INFO:Timing:3339 - The clock-to-out numbers in this timing report are based on 
   a 50 Ohm transmission line loading model.  For the details of this model, 
   and for more information on accounting for different loading conditions, 
   please see the device datasheet.



Data Sheet report:
-----------------
All values displayed in nanoseconds (ns)

Clock mclk to Pad
------------+-----------------+------------+-----------------+------------+------------------+--------+
            |Max (slowest) clk|  Process   |Min (fastest) clk|  Process   |                  | Clock  |
Destination |  (edge) to PAD  |   Corner   |  (edge) to PAD  |   Corner   |Internal Clock(s) | Phase  |
------------+-----------------+------------+-----------------+------------+------------------+--------+
anode<0>    |         7.497(R)|      SLOW  |         4.140(R)|      FAST  |mclk_BUFGP        |   0.000|
anode<1>    |         7.452(R)|      SLOW  |         4.126(R)|      FAST  |mclk_BUFGP        |   0.000|
anode<2>    |         7.844(R)|      SLOW  |         4.362(R)|      FAST  |mclk_BUFGP        |   0.000|
anode<3>    |         7.650(R)|      SLOW  |         4.237(R)|      FAST  |mclk_BUFGP        |   0.000|
blue<0>     |        19.183(R)|      SLOW  |         7.699(R)|      FAST  |mclk_BUFGP        |   0.000|
blue<1>     |        18.556(R)|      SLOW  |         7.164(R)|      FAST  |mclk_BUFGP        |   0.000|
green<0>    |        18.863(R)|      SLOW  |         7.526(R)|      FAST  |mclk_BUFGP        |   0.000|
green<1>    |        19.121(R)|      SLOW  |         7.669(R)|      FAST  |mclk_BUFGP        |   0.000|
green<2>    |        18.793(R)|      SLOW  |         7.482(R)|      FAST  |mclk_BUFGP        |   0.000|
red<0>      |        18.973(R)|      SLOW  |         7.605(R)|      FAST  |mclk_BUFGP        |   0.000|
red<1>      |        18.924(R)|      SLOW  |         7.528(R)|      FAST  |mclk_BUFGP        |   0.000|
red<2>      |        18.653(R)|      SLOW  |         7.267(R)|      FAST  |mclk_BUFGP        |   0.000|
seg<0>      |         8.004(R)|      SLOW  |         4.479(R)|      FAST  |mclk_BUFGP        |   0.000|
seg<1>      |         8.235(R)|      SLOW  |         4.617(R)|      FAST  |mclk_BUFGP        |   0.000|
seg<2>      |         8.054(R)|      SLOW  |         4.495(R)|      FAST  |mclk_BUFGP        |   0.000|
seg<3>      |         8.113(R)|      SLOW  |         4.539(R)|      FAST  |mclk_BUFGP        |   0.000|
seg<4>      |         8.317(R)|      SLOW  |         4.669(R)|      FAST  |mclk_BUFGP        |   0.000|
seg<5>      |         8.180(R)|      SLOW  |         4.622(R)|      FAST  |mclk_BUFGP        |   0.000|
seg<6>      |         8.309(R)|      SLOW  |         4.644(R)|      FAST  |mclk_BUFGP        |   0.000|
------------+-----------------+------------+-----------------+------------+------------------+--------+

Clock to Setup on destination clock mclk
---------------+---------+---------+---------+---------+
               | Src:Rise| Src:Fall| Src:Rise| Src:Fall|
Source Clock   |Dest:Rise|Dest:Rise|Dest:Fall|Dest:Fall|
---------------+---------+---------+---------+---------+
mclk           |    5.179|         |         |         |
---------------+---------+---------+---------+---------+


Analysis completed Thu Jan 15 20:23:20 2015 
--------------------------------------------------------------------------------

Trace Settings:
-------------------------
Trace Settings 

Peak Memory Usage: 184 MB



