--------------------------------------------------------------------------------
Release 14.7 Trace  (nt)
Copyright (c) 1995-2013 Xilinx, Inc.  All rights reserved.

C:\Xilinx\14.7\ISE_DS\ISE\bin\nt\unwrapped\trce.exe -intstyle ise -v 3 -s 2L -n
3 -fastpaths -xml Hex27Seg_sch.twx Hex27Seg_sch.ncd -o Hex27Seg_sch.twr
Hex27Seg_sch.pcf -ucf Heg27Seg.ucf

Design file:              Hex27Seg_sch.ncd
Physical constraint file: Hex27Seg_sch.pcf
Device,package,speed:     xc7k160t,ffg676,C,-2L (PRODUCTION 1.10 2013-10-13)
Report level:             verbose report

Environment Variable      Effect 
--------------------      ------ 
NONE                      No environment variables were set
--------------------------------------------------------------------------------

INFO:Timing:2698 - No timing constraints found, doing default enumeration.
INFO:Timing:3412 - To improve timing, see the Timing Closure User Guide (UG612).
INFO:Timing:2752 - To get complete path coverage, use the unconstrained paths 
   option. All paths that are not constrained will be reported in the 
   unconstrained paths section(s) of the report.
INFO:Timing:3339 - The clock-to-out numbers in this timing report are based on 
   a 50 Ohm transmission line loading model.  For the details of this model, 
   and for more information on accounting for different loading conditions, 
   please see the device datasheet.



Data Sheet report:
-----------------
All values displayed in nanoseconds (ns)

Pad to Pad
---------------+---------------+---------+
Source Pad     |Destination Pad|  Delay  |
---------------+---------------+---------+
LE             |SEGMENT<0>     |    8.835|
LE             |SEGMENT<1>     |    8.654|
LE             |SEGMENT<2>     |    9.029|
LE             |SEGMENT<3>     |    8.369|
LE             |SEGMENT<4>     |    8.668|
LE             |SEGMENT<5>     |    8.671|
LE             |SEGMENT<6>     |    9.057|
SW<0>          |SEGMENT<0>     |    9.577|
SW<0>          |SEGMENT<1>     |    8.978|
SW<0>          |SEGMENT<2>     |    9.091|
SW<0>          |SEGMENT<3>     |    9.176|
SW<0>          |SEGMENT<4>     |    8.768|
SW<0>          |SEGMENT<5>     |    9.081|
SW<0>          |SEGMENT<6>     |    8.848|
SW<1>          |SEGMENT<0>     |    9.906|
SW<1>          |SEGMENT<1>     |    9.488|
SW<1>          |SEGMENT<2>     |    9.544|
SW<1>          |SEGMENT<3>     |    9.727|
SW<1>          |SEGMENT<4>     |    9.398|
SW<1>          |SEGMENT<5>     |    9.410|
SW<1>          |SEGMENT<6>     |    9.533|
SW<2>          |SEGMENT<0>     |    9.971|
SW<2>          |SEGMENT<1>     |   10.011|
SW<2>          |SEGMENT<2>     |   10.124|
SW<2>          |SEGMENT<3>     |    9.839|
SW<2>          |SEGMENT<4>     |    9.564|
SW<2>          |SEGMENT<5>     |    9.471|
SW<2>          |SEGMENT<6>     |    9.623|
SW<3>          |SEGMENT<0>     |    9.923|
SW<3>          |SEGMENT<1>     |    9.636|
SW<3>          |SEGMENT<2>     |    9.749|
SW<3>          |SEGMENT<3>     |    9.857|
SW<3>          |SEGMENT<4>     |    8.934|
SW<3>          |SEGMENT<5>     |    9.232|
SW<3>          |SEGMENT<6>     |    9.353|
SW<4>          |AN<0>          |    7.923|
SW<5>          |AN<1>          |    7.983|
SW<6>          |AN<2>          |    7.922|
SW<7>          |AN<3>          |    7.695|
point          |SEGMENT<7>     |    7.908|
---------------+---------------+---------+


Analysis completed Wed Nov 09 14:05:40 2016 
--------------------------------------------------------------------------------

Trace Settings:
-------------------------
Trace Settings 

Peak Memory Usage: 456 MB



