Running: C:\Xilinx\14.7\ISE_DS\ISE\bin\nt\unwrapped\fuse.exe -intstyle ise -incremental -lib unisims_ver -lib unimacro_ver -lib xilinxcorelib_ver -lib secureip -o C:/Documents and Settings/Administrator/My Documents/3150102418/Exp7/MUX441/Mux4T1_4_Mux4T1_4_sch_tb_isim_beh.exe -prj C:/Documents and Settings/Administrator/My Documents/3150102418/Exp7/MUX441/Mux4T1_4_Mux4T1_4_sch_tb_beh.prj work.Mux4T1_4_Mux4T1_4_sch_tb work.glbl 
ISim P.20131013 (signature 0x8ef4fb42)
Number of CPUs detected in this system: 2
Turning on mult-threading, number of parallel sub-compilation jobs: 4 
Determining compilation order of HDL files
Analyzing Verilog file "C:/Documents and Settings/Administrator/My Documents/3150102418/Exp7/MUX441/Mux4T1_4.vf" into library work
Analyzing Verilog file "C:/Documents and Settings/Administrator/My Documents/3150102418/Exp7/MUX441/MUX4T1_4.v" into library work
Analyzing Verilog file "C:/Xilinx/14.7/ISE_DS/ISE//verilog/src/glbl.v" into library work
Starting static elaboration
Completed static elaboration
Fuse Memory Usage: 65792 KB
Fuse CPU Usage: 327 ms
Compiling module AND2
Compiling module INV
Compiling module OR4
Compiling module Mux4T1_4
Compiling module Mux4T1_4_Mux4T1_4_sch_tb
Compiling module glbl
Time Resolution for simulation is 1ps.
Waiting for 3 sub-compilation(s) to finish...
Compiled 6 Verilog Units
Built simulation executable C:/Documents and Settings/Administrator/My Documents/3150102418/Exp7/MUX441/Mux4T1_4_Mux4T1_4_sch_tb_isim_beh.exe
Fuse Memory Usage: 71300 KB
Fuse CPU Usage: 374 ms
