Running: C:\Xilinx\14.7\ISE_DS\ISE\bin\nt\unwrapped\fuse.exe -intstyle ise -incremental -lib unisims_ver -lib unimacro_ver -lib xilinxcorelib_ver -lib secureip -o C:/Documents and Settings/Administrator/My Documents/3150102418/Exp5/Lamp138/Lamp138_isim_beh.exe -prj C:/Documents and Settings/Administrator/My Documents/3150102418/Exp5/Lamp138/Lamp138_beh.prj work.Lamp138 work.glbl 
ISim P.20131013 (signature 0x8ef4fb42)
Number of CPUs detected in this system: 2
Turning on mult-threading, number of parallel sub-compilation jobs: 4 
Determining compilation order of HDL files
Analyzing Verilog file "C:/Documents and Settings/Administrator/My Documents/3150102418/Exp5/Lamp138/D_74LS138.vf" into library work
Analyzing Verilog file "C:/Documents and Settings/Administrator/My Documents/3150102418/Exp5/Lamp138/HCT138_sch.vf" into library work
Analyzing Verilog file "C:/Documents and Settings/Administrator/My Documents/3150102418/Exp5/Lamp138/Lamp138.vf" into library work
Analyzing Verilog file "C:/Xilinx/14.7/ISE_DS/ISE//verilog/src/glbl.v" into library work
Starting static elaboration
Completed static elaboration
Fuse Memory Usage: 65792 KB
Fuse CPU Usage: 327 ms
Compiling module INV
Compiling module AND2
Compiling module D_74LS138_MUSER_HCT138_sch
Compiling module NAND2
Compiling module AND3
Compiling module HCT138_sch
Compiling module NAND4
Compiling module VCC
Compiling module GND
Compiling module Lamp138
Compiling module glbl
Time Resolution for simulation is 1ps.
Waiting for 8 sub-compilation(s) to finish...
Compiled 11 Verilog Units
Built simulation executable C:/Documents and Settings/Administrator/My Documents/3150102418/Exp5/Lamp138/Lamp138_isim_beh.exe
Fuse Memory Usage: 70276 KB
Fuse CPU Usage: 374 ms
