Running: C:\Xilinx\14.7\ISE_DS\ISE\bin\nt64\unwrapped\fuse.exe -intstyle ise -incremental -lib unisims_ver -lib unimacro_ver -lib xilinxcorelib_ver -lib secureip -o C:/Users/laylalaisy/Desktop/5/D_74LS138_SCH/HCT138sch_HCT138sch_sch_tb_isim_beh.exe -prj C:/Users/laylalaisy/Desktop/5/D_74LS138_SCH/HCT138sch_HCT138sch_sch_tb_beh.prj work.HCT138sch_HCT138sch_sch_tb work.glbl 
ISim P.20131013 (signature 0x7708f090)
Number of CPUs detected in this system: 4
Turning on mult-threading, number of parallel sub-compilation jobs: 8 
Determining compilation order of HDL files
Analyzing Verilog file "C:/Users/laylalaisy/Desktop/5/D_74LS138_SCH/D_74LS138.vf" into library work
Analyzing Verilog file "C:/Users/laylalaisy/Desktop/5/D_74LS138_SCH/HCT138sch.vf" into library work
Analyzing Verilog file "C:/Users/laylalaisy/Desktop/5/D_74LS138_SCH/Decoder_test.v" into library work
Analyzing Verilog file "C:/Xilinx/14.7/ISE_DS/ISE//verilog/src/glbl.v" into library work
Starting static elaboration
Completed static elaboration
Compiling module INV
Compiling module AND2
Compiling module D_74LS138_MUSER_HCT138sch
Compiling module AND3
Compiling module NAND2
Compiling module HCT138sch
Compiling module HCT138sch_HCT138sch_sch_tb
Compiling module glbl
Time Resolution for simulation is 1ps.
Waiting for 1 sub-compilation(s) to finish...
Compiled 8 Verilog Units
Built simulation executable C:/Users/laylalaisy/Desktop/5/D_74LS138_SCH/HCT138sch_HCT138sch_sch_tb_isim_beh.exe
Fuse Memory Usage: 27624 KB
Fuse CPU Usage: 405 ms
