#-----------------------------------------------------------
# PlanAhead v14.7
# Build 321239 by xbuild on Fri Sep 27 19:31:35 MDT 2013
# Start of session at: Wed Nov 23 14:54:03 2016
# Process ID: 7032
# Log file: C:/Users/CST/Desktop/Framework/planAhead_run_1/planAhead.log
# Journal file: C:/Users/CST/Desktop/Framework/planAhead_run_1/planAhead.jou
#-----------------------------------------------------------
INFO: [Common 17-78] Attempting to get a license: PlanAhead
INFO: [Common 17-290] Got license for PlanAhead
INFO: [Device 21-36] Loading parts and site information from C:/Xilinx/14.7/ISE_DS/PlanAhead/data/parts/arch.xml
Parsing RTL primitives file [C:/Xilinx/14.7/ISE_DS/PlanAhead/data/parts/xilinx/rtl/prims/rtl_prims.xml]
Finished parsing RTL primitives file [C:/Xilinx/14.7/ISE_DS/PlanAhead/data/parts/xilinx/rtl/prims/rtl_prims.xml]
start_gui
INFO: [Common 17-81] Feature available: PartialReconfiguration
source C:/Users/CST/Desktop/Framework/pa.fromNetlist.tcl
# create_project -name Framework -dir "C:/Users/CST/Desktop/Framework/planAhead_run_3" -part xc7k160tffg676-2L
ERROR: [Common 17-53] User Exception: Project already exists on disk, please use '-force' option to overwrite: 
     C:/Users/CST/Desktop/Framework/planAhead_run_3/Framework.ppr
     C:/Users/CST/Desktop/Framework/planAhead_run_3/Framework.data

    while executing
"create_project -name Framework -dir "C:/Users/CST/Desktop/Framework/planAhead_run_3" -part xc7k160tffg676-2L"
    (file "C:/Users/CST/Desktop/Framework/pa.fromNetlist.tcl" line 4)
exit
INFO: [Common 17-206] Exiting PlanAhead at Wed Nov 23 14:54:46 2016...
INFO: [Common 17-83] Releasing license: PlanAhead
