Release 14.7 - xst P.20131013 (nt)
Copyright (c) 1995-2013 Xilinx, Inc.  All rights reserved.
--> Parameter TMPDIR set to xst/projnav.tmp


Total REAL time to Xst completion: 0.00 secs
Total CPU time to Xst completion: 0.32 secs
 
--> Parameter xsthdpdir set to xst


Total REAL time to Xst completion: 0.00 secs
Total CPU time to Xst completion: 0.32 secs
 
--> Reading design: Framework.prj

TABLE OF CONTENTS
  1) Synthesis Options Summary
  2) HDL Parsing
  3) HDL Elaboration
  4) HDL Synthesis
       4.1) HDL Synthesis Report
  5) Advanced HDL Synthesis
       5.1) Advanced HDL Synthesis Report
  6) Low Level Synthesis
  7) Partition Report
  8) Design Summary
       8.1) Primitive and Black Box Usage
       8.2) Device utilization summary
       8.3) Partition Resource Summary
       8.4) Timing Report
            8.4.1) Clock Information
            8.4.2) Asynchronous Control Signals Information
            8.4.3) Timing Summary
            8.4.4) Timing Details
            8.4.5) Cross Clock Domains Report


=========================================================================
*                      Synthesis Options Summary                        *
=========================================================================
---- Source Parameters
Input File Name                    : "Framework.prj"
Ignore Synthesis Constraint File   : NO

---- Target Parameters
Output File Name                   : "Framework"
Output Format                      : NGC
Target Device                      : xc7k160t-2L-ffg676

---- Source Options
Top Module Name                    : Framework
Automatic FSM Extraction           : YES
FSM Encoding Algorithm             : Auto
Safe Implementation                : No
FSM Style                          : LUT
RAM Extraction                     : Yes
RAM Style                          : Auto
ROM Extraction                     : Yes
Shift Register Extraction          : YES
ROM Style                          : Auto
Resource Sharing                   : YES
Asynchronous To Synchronous        : NO
Shift Register Minimum Size        : 2
Use DSP Block                      : Auto
Automatic Register Balancing       : No

---- Target Options
LUT Combining                      : Auto
Reduce Control Sets                : Auto
Add IO Buffers                     : YES
Global Maximum Fanout              : 100000
Add Generic Clock Buffer(BUFG)     : 32
Register Duplication               : YES
Optimize Instantiated Primitives   : NO
Use Clock Enable                   : Auto
Use Synchronous Set                : Auto
Use Synchronous Reset              : Auto
Pack IO Registers into IOBs        : Auto
Equivalent register Removal        : YES

---- General Options
Optimization Goal                  : Speed
Optimization Effort                : 1
Power Reduction                    : NO
Keep Hierarchy                     : No
Netlist Hierarchy                  : As_Optimized
RTL Output                         : Yes
Global Optimization                : AllClockNets
Read Cores                         : YES
Write Timing Constraints           : NO
Cross Clock Analysis               : NO
Hierarchy Separator                : /
Bus Delimiter                      : <>
Case Specifier                     : Maintain
Slice Utilization Ratio            : 100
BRAM Utilization Ratio             : 100
DSP48 Utilization Ratio            : 100
Auto BRAM Packing                  : NO
Slice Utilization Ratio Delta      : 5

=========================================================================


=========================================================================
*                          HDL Parsing                                  *
=========================================================================
Analyzing Verilog file "C:\Users\CST\Desktop\Framework_ALU\Mux4T1_4.vf" into library work
Parsing module <Mux4T1_4>.
Analyzing Verilog file "C:\Users\CST\Desktop\Framework_ALU\MC14495.vf" into library work
Parsing module <MC14495>.
Analyzing Verilog file "C:\Users\CST\Desktop\Framework_ALU\CLA.vf" into library work
Parsing module <CLA>.
Analyzing Verilog file "C:\Users\CST\Desktop\Framework_ALU\add.vf" into library work
Parsing module <add>.
Analyzing Verilog file "C:\Users\CST\Desktop\Framework_ALU\MUX8T1_8.vf" into library work
Parsing module <Mux4T1_4_MUSER_MUX8T1_8>.
Parsing module <MUX8T1_8>.
Analyzing Verilog file "C:\Users\CST\Desktop\Framework_ALU\Hex2Seg.v" into library work
Parsing module <Hex2Seg>.
Analyzing Verilog file "C:\Users\CST\Desktop\Framework_ALU\ADD4b.vf" into library work
Parsing module <CLA_MUSER_ADD4b>.
Parsing module <add_MUSER_ADD4b>.
Parsing module <ADD4b>.
Analyzing Verilog file "C:\Users\CST\Desktop\Framework_ALU\Scansync.v" into library work
Parsing module <Scansync>.
Analyzing Verilog file "C:\Users\CST\Desktop\Framework_ALU\P2S.v" into library work
Parsing module <P2S>.
Analyzing Verilog file "C:\Users\CST\Desktop\Framework_ALU\MUX8T1_32.vf" into library work
Parsing module <Mux4T1_4_MUSER_MUX8T1_32>.
Parsing module <MUX8T1_8_MUSER_MUX8T1_32>.
Parsing module <MUX8T1_32>.
Analyzing Verilog file "C:\Users\CST\Desktop\Framework_ALU\LED_P2S.v" into library work
Parsing module <LED_P2S>.
Analyzing Verilog file "C:\Users\CST\Desktop\Framework_ALU\HexTo8Seg.v" into library work
Parsing module <HexTo8Seg>.
Analyzing Verilog file "C:\Users\CST\Desktop\Framework_ALU\ADC32.vf" into library work
Parsing module <CLA_MUSER_ADC32>.
Parsing module <add_MUSER_ADC32>.
Parsing module <ADD4b_MUSER_ADC32>.
Parsing module <ADC32>.
Analyzing Verilog file "C:\Users\CST\Desktop\Framework_ALU\SEnter_2_32_IO.v" into library work
Parsing module <SEnter_2_32>.
Analyzing Verilog file "C:\Users\CST\Desktop\Framework_ALU\Seg7_Dev.vf" into library work
Parsing module <MC14495_MUSER_Seg7_Dev>.
Parsing module <Seg7_Dev>.
Analyzing Verilog file "C:\Users\CST\Desktop\Framework_ALU\SAnti_jitter_IO.v" into library work
Parsing module <SAnti_jitter>.
Analyzing Verilog file "C:\Users\CST\Desktop\Framework_ALU\PIO.v" into library work
Parsing module <PIO>.
Analyzing Verilog file "C:\Users\CST\Desktop\Framework_ALU\Multi_8CH32.v" into library work
Parsing module <Multi_8CH32>.
Analyzing Verilog file "C:\Users\CST\Desktop\Framework_ALU\GPIO.v" into library work
Parsing module <GPIO>.
Analyzing Verilog file "C:\Users\CST\Desktop\Framework_ALU\Display.vf" into library work
Parsing module <Display>.
Analyzing Verilog file "C:\Users\CST\Desktop\Framework_ALU\clkdiv.v" into library work
Parsing module <clkdiv>.
Analyzing Verilog file "C:\Users\CST\Desktop\Framework_ALU\ALU.v" into library work
Parsing module <ALU>.
Analyzing Verilog file "C:\Users\CST\Desktop\Framework_ALU\Framework.vf" into library work
Parsing module <Display_MUSER_Framework>.
Parsing module <MC14495_MUSER_Framework>.
Parsing module <Seg7_Dev_MUSER_Framework>.
Parsing module <Framework>.

=========================================================================
*                            HDL Elaboration                            *
=========================================================================

Elaborating module <Framework>.

Elaborating module <SAnti_jitter>.
WARNING:HDLCompiler:1499 - "C:\Users\CST\Desktop\Framework_ALU\SAnti_jitter_IO.v" Line 21: Empty module <SAnti_jitter> remains a black box.
WARNING:HDLCompiler:1127 - "C:\Users\CST\Desktop\Framework_ALU\Framework.vf" Line 413: Assignment to Pulse ignored, since the identifier is never used

Elaborating module <SEnter_2_32>.
WARNING:HDLCompiler:1499 - "C:\Users\CST\Desktop\Framework_ALU\SEnter_2_32_IO.v" Line 21: Empty module <SEnter_2_32> remains a black box.

Elaborating module <clkdiv>.

Elaborating module <Display_MUSER_Framework>.

Elaborating module <P2S>.
WARNING:HDLCompiler:1499 - "C:\Users\CST\Desktop\Framework_ALU\P2S.v" Line 21: Empty module <P2S> remains a black box.

Elaborating module <HexTo8Seg>.

Elaborating module <Hex2Seg>.

Elaborating module <MC14495>.

Elaborating module <AND4>.

Elaborating module <AND3>.

Elaborating module <AND2>.

Elaborating module <OR4>.

Elaborating module <OR3>.

Elaborating module <INV>.

Elaborating module <OR2>.

Elaborating module <Multi_8CH32>.

Elaborating module <MUX8T1_32>.

Elaborating module <MUX8T1_8_MUSER_MUX8T1_32>.

Elaborating module <Mux4T1_4_MUSER_MUX8T1_32>.

Elaborating module <MUX8T1_8>.

Elaborating module <Mux4T1_4_MUSER_MUX8T1_8>.
WARNING:HDLCompiler:189 - "C:\Users\CST\Desktop\Framework_ALU\Multi_8CH32.v" Line 64: Size mismatch in connection of port <o>. Formal port size is 8-bit while actual signal size is 1-bit.
WARNING:HDLCompiler:1127 - "C:\Users\CST\Desktop\Framework_ALU\Multi_8CH32.v" Line 64: Assignment to LE_out ignored, since the identifier is never used

Elaborating module <GPIO>.

Elaborating module <LED_P2S(DATA_BITS=16,DATA_COUNT_BITS=4)>.
WARNING:HDLCompiler:1499 - "C:\Users\CST\Desktop\Framework_ALU\LED_P2S.v" Line 21: Empty module <LED_P2S(DATA_BITS=16,DATA_COUNT_BITS=4)> remains a black box.

Elaborating module <Seg7_Dev_MUSER_Framework>.

Elaborating module <MC14495_MUSER_Framework>.

Elaborating module <Scansync>.

Elaborating module <VCC>.
WARNING:HDLCompiler:1127 - "C:\Users\CST\Desktop\Framework_ALU\Framework.vf" Line 334: Assignment to V5 ignored, since the identifier is never used

Elaborating module <GND>.
WARNING:HDLCompiler:1127 - "C:\Users\CST\Desktop\Framework_ALU\Framework.vf" Line 335: Assignment to G0 ignored, since the identifier is never used

Elaborating module <PIO>.

Elaborating module <ALU>.

Elaborating module <ADC32>.

Elaborating module <ADD4b_MUSER_ADC32>.

Elaborating module <add_MUSER_ADC32>.

Elaborating module <XOR2>.

Elaborating module <CLA_MUSER_ADC32>.
WARNING:HDLCompiler:1127 - "C:\Users\CST\Desktop\Framework_ALU\Framework.vf" Line 491: Assignment to zero ignored, since the identifier is never used

=========================================================================
*                           HDL Synthesis                               *
=========================================================================

Synthesizing Unit <Framework>.
    Related source file is "C:\Users\CST\Desktop\Framework_ALU\Framework.vf".
INFO:Xst:3210 - "C:\Users\CST\Desktop\Framework_ALU\Framework.vf" line 403: Output port <pulse_out> of the instance <XLXI_1> is unconnected or connected to loadless signal.
INFO:Xst:3210 - "C:\Users\CST\Desktop\Framework_ALU\Framework.vf" line 459: Output port <GPIOf0> of the instance <XLXI_8> is unconnected or connected to loadless signal.
INFO:Xst:3210 - "C:\Users\CST\Desktop\Framework_ALU\Framework.vf" line 476: Output port <GPIOf0> of the instance <XLXI_17> is unconnected or connected to loadless signal.
INFO:Xst:3210 - "C:\Users\CST\Desktop\Framework_ALU\Framework.vf" line 485: Output port <zero> of the instance <XLXI_31> is unconnected or connected to loadless signal.
INFO:Xst:3210 - "C:\Users\CST\Desktop\Framework_ALU\Framework.vf" line 485: Output port <overflow> of the instance <XLXI_31> is unconnected or connected to loadless signal.
    Summary:
	no macro.
Unit <Framework> synthesized.

Synthesizing Unit <clkdiv>.
    Related source file is "C:\Users\CST\Desktop\Framework_ALU\clkdiv.v".
    Found 32-bit register for signal <clkdiv>.
    Found 32-bit adder for signal <clkdiv[31]_GND_4_o_add_0_OUT> created at line 28.
    Summary:
	inferred   1 Adder/Subtractor(s).
	inferred  32 D-type flip-flop(s).
Unit <clkdiv> synthesized.

Synthesizing Unit <Display_MUSER_Framework>.
    Related source file is "C:\Users\CST\Desktop\Framework_ALU\Framework.vf".
    Summary:
	no macro.
Unit <Display_MUSER_Framework> synthesized.

Synthesizing Unit <HexTo8Seg>.
    Related source file is "C:\Users\CST\Desktop\Framework_ALU\HexTo8Seg.v".
    Summary:
	no macro.
Unit <HexTo8Seg> synthesized.

Synthesizing Unit <Hex2Seg>.
    Related source file is "C:\Users\CST\Desktop\Framework_ALU\Hex2Seg.v".
    Summary:
	no macro.
Unit <Hex2Seg> synthesized.

Synthesizing Unit <MC14495>.
    Related source file is "C:\Users\CST\Desktop\Framework_ALU\MC14495.vf".
    Summary:
	no macro.
Unit <MC14495> synthesized.

Synthesizing Unit <Multi_8CH32>.
    Related source file is "C:\Users\CST\Desktop\Framework_ALU\Multi_8CH32.v".
WARNING:Xst:647 - Input <rst> is never used. This port will be preserved and left unconnected if it belongs to a top-level block or it belongs to a sub-block and the hierarchy of this sub-block is preserved.
INFO:Xst:3210 - "C:\Users\CST\Desktop\Framework_ALU\Multi_8CH32.v" line 55: Output port <o> of the instance <MUX2_blink> is unconnected or connected to loadless signal.
WARNING:Xst:653 - Signal <blink_out> is used but never assigned. This sourceless signal will be automatically connected to value GND.
    Found 8-bit register for signal <cpu_blink>.
    Found 8-bit register for signal <cpu_point>.
    Found 32-bit register for signal <disp_data>.
    Summary:
	inferred  48 D-type flip-flop(s).
Unit <Multi_8CH32> synthesized.

Synthesizing Unit <MUX8T1_32>.
    Related source file is "C:\Users\CST\Desktop\Framework_ALU\MUX8T1_32.vf".
    Summary:
	no macro.
Unit <MUX8T1_32> synthesized.

Synthesizing Unit <MUX8T1_8_MUSER_MUX8T1_32>.
    Related source file is "C:\Users\CST\Desktop\Framework_ALU\MUX8T1_32.vf".
    Summary:
	no macro.
Unit <MUX8T1_8_MUSER_MUX8T1_32> synthesized.

Synthesizing Unit <Mux4T1_4_MUSER_MUX8T1_32>.
    Related source file is "C:\Users\CST\Desktop\Framework_ALU\MUX8T1_32.vf".
    Summary:
	no macro.
Unit <Mux4T1_4_MUSER_MUX8T1_32> synthesized.

Synthesizing Unit <MUX8T1_8>.
    Related source file is "C:\Users\CST\Desktop\Framework_ALU\MUX8T1_8.vf".
    Summary:
	no macro.
Unit <MUX8T1_8> synthesized.

Synthesizing Unit <Mux4T1_4_MUSER_MUX8T1_8>.
    Related source file is "C:\Users\CST\Desktop\Framework_ALU\MUX8T1_8.vf".
    Summary:
	no macro.
Unit <Mux4T1_4_MUSER_MUX8T1_8> synthesized.

Synthesizing Unit <GPIO>.
    Related source file is "C:\Users\CST\Desktop\Framework_ALU\GPIO.v".
    Found 32-bit register for signal <GPIOf0>.
    Summary:
	inferred  32 D-type flip-flop(s).
Unit <GPIO> synthesized.

Synthesizing Unit <Seg7_Dev_MUSER_Framework>.
    Related source file is "C:\Users\CST\Desktop\Framework_ALU\Framework.vf".
    Summary:
	no macro.
Unit <Seg7_Dev_MUSER_Framework> synthesized.

Synthesizing Unit <MC14495_MUSER_Framework>.
    Related source file is "C:\Users\CST\Desktop\Framework_ALU\Framework.vf".
    Summary:
	no macro.
Unit <MC14495_MUSER_Framework> synthesized.

Synthesizing Unit <Scansync>.
    Related source file is "C:\Users\CST\Desktop\Framework_ALU\Scansync.v".
    Found 8x4-bit Read Only RAM for signal <AN>
    Found 4-bit 8-to-1 multiplexer for signal <Hex> created at line 30.
    Found 1-bit 8-to-1 multiplexer for signal <p> created at line 30.
    Found 1-bit 8-to-1 multiplexer for signal <LE> created at line 30.
    Summary:
	inferred   1 RAM(s).
	inferred   3 Multiplexer(s).
Unit <Scansync> synthesized.

Synthesizing Unit <PIO>.
    Related source file is "C:\Users\CST\Desktop\Framework_ALU\PIO.v".
    Found 32-bit register for signal <GPIOf0>.
    Summary:
	inferred  32 D-type flip-flop(s).
Unit <PIO> synthesized.

Synthesizing Unit <ALU>.
    Related source file is "C:\Users\CST\Desktop\Framework_ALU\ALU.v".
WARNING:Xst:653 - Signal <zero> is used but never assigned. This sourceless signal will be automatically connected to value GND.
WARNING:Xst:653 - Signal <overflow> is used but never assigned. This sourceless signal will be automatically connected to value GND.
    Found 32-bit comparator greater for signal <A[31]_B[31]_LessThan_4_o> created at line 44
    Summary:
	inferred   1 Comparator(s).
Unit <ALU> synthesized.

Synthesizing Unit <ADC32>.
    Related source file is "C:\Users\CST\Desktop\Framework_ALU\ADC32.vf".
    Summary:
	no macro.
Unit <ADC32> synthesized.

Synthesizing Unit <ADD4b_MUSER_ADC32>.
    Related source file is "C:\Users\CST\Desktop\Framework_ALU\ADC32.vf".
INFO:Xst:3210 - "C:\Users\CST\Desktop\Framework_ALU\ADC32.vf" line 188: Output port <co> of the instance <XLXI_1> is unconnected or connected to loadless signal.
INFO:Xst:3210 - "C:\Users\CST\Desktop\Framework_ALU\ADC32.vf" line 195: Output port <co> of the instance <XLXI_2> is unconnected or connected to loadless signal.
INFO:Xst:3210 - "C:\Users\CST\Desktop\Framework_ALU\ADC32.vf" line 202: Output port <co> of the instance <XLXI_3> is unconnected or connected to loadless signal.
INFO:Xst:3210 - "C:\Users\CST\Desktop\Framework_ALU\ADC32.vf" line 209: Output port <co> of the instance <XLXI_4> is unconnected or connected to loadless signal.
    Summary:
	no macro.
Unit <ADD4b_MUSER_ADC32> synthesized.

Synthesizing Unit <add_MUSER_ADC32>.
    Related source file is "C:\Users\CST\Desktop\Framework_ALU\ADC32.vf".
    Summary:
	no macro.
Unit <add_MUSER_ADC32> synthesized.

Synthesizing Unit <CLA_MUSER_ADC32>.
    Related source file is "C:\Users\CST\Desktop\Framework_ALU\ADC32.vf".
    Summary:
	no macro.
Unit <CLA_MUSER_ADC32> synthesized.

=========================================================================
HDL Synthesis Report

Macro Statistics
# RAMs                                                 : 1
 8x4-bit single-port Read Only RAM                     : 1
# Adders/Subtractors                                   : 1
 32-bit adder                                          : 1
# Registers                                            : 6
 32-bit register                                       : 4
 8-bit register                                        : 2
# Comparators                                          : 1
 32-bit comparator greater                             : 1
# Multiplexers                                         : 3
 1-bit 8-to-1 multiplexer                              : 2
 4-bit 8-to-1 multiplexer                              : 1
# Xors                                                 : 2
 32-bit xor2                                           : 2

=========================================================================

=========================================================================
*                       Advanced HDL Synthesis                          *
=========================================================================

Reading core <SAnti_jitter.ngc>.
Reading core <SEnter_2_32.ngc>.
Reading core <P2S.ngc>.
Reading core <LED_P2S.ngc>.
Loading core <SAnti_jitter> for timing and area information for instance <XLXI_1>.
Loading core <SEnter_2_32> for timing and area information for instance <XLXI_3>.
Loading core <P2S> for timing and area information for instance <XLXI_1>.
Loading core <LED_P2S> for timing and area information for instance <LED_P2S>.
WARNING:Xst:2677 - Node <GPIOf0_16> of sequential type is unconnected in block <XLXI_8>.
WARNING:Xst:2677 - Node <GPIOf0_17> of sequential type is unconnected in block <XLXI_8>.
WARNING:Xst:2677 - Node <GPIOf0_18> of sequential type is unconnected in block <XLXI_8>.
WARNING:Xst:2677 - Node <GPIOf0_19> of sequential type is unconnected in block <XLXI_8>.
WARNING:Xst:2677 - Node <GPIOf0_20> of sequential type is unconnected in block <XLXI_8>.
WARNING:Xst:2677 - Node <GPIOf0_21> of sequential type is unconnected in block <XLXI_8>.
WARNING:Xst:2677 - Node <GPIOf0_22> of sequential type is unconnected in block <XLXI_8>.
WARNING:Xst:2677 - Node <GPIOf0_23> of sequential type is unconnected in block <XLXI_8>.
WARNING:Xst:2677 - Node <GPIOf0_24> of sequential type is unconnected in block <XLXI_8>.
WARNING:Xst:2677 - Node <GPIOf0_25> of sequential type is unconnected in block <XLXI_8>.
WARNING:Xst:2677 - Node <GPIOf0_26> of sequential type is unconnected in block <XLXI_8>.
WARNING:Xst:2677 - Node <GPIOf0_27> of sequential type is unconnected in block <XLXI_8>.
WARNING:Xst:2677 - Node <GPIOf0_28> of sequential type is unconnected in block <XLXI_8>.
WARNING:Xst:2677 - Node <GPIOf0_29> of sequential type is unconnected in block <XLXI_8>.
WARNING:Xst:2677 - Node <GPIOf0_30> of sequential type is unconnected in block <XLXI_8>.
WARNING:Xst:2677 - Node <GPIOf0_31> of sequential type is unconnected in block <XLXI_8>.
WARNING:Xst:2677 - Node <GPIOf0_8> of sequential type is unconnected in block <XLXI_17>.
WARNING:Xst:2677 - Node <GPIOf0_9> of sequential type is unconnected in block <XLXI_17>.
WARNING:Xst:2677 - Node <GPIOf0_10> of sequential type is unconnected in block <XLXI_17>.
WARNING:Xst:2677 - Node <GPIOf0_11> of sequential type is unconnected in block <XLXI_17>.
WARNING:Xst:2677 - Node <GPIOf0_12> of sequential type is unconnected in block <XLXI_17>.
WARNING:Xst:2677 - Node <GPIOf0_13> of sequential type is unconnected in block <XLXI_17>.
WARNING:Xst:2677 - Node <GPIOf0_14> of sequential type is unconnected in block <XLXI_17>.
WARNING:Xst:2677 - Node <GPIOf0_15> of sequential type is unconnected in block <XLXI_17>.
WARNING:Xst:2677 - Node <GPIOf0_16> of sequential type is unconnected in block <XLXI_17>.
WARNING:Xst:2677 - Node <GPIOf0_17> of sequential type is unconnected in block <XLXI_17>.
WARNING:Xst:2677 - Node <GPIOf0_18> of sequential type is unconnected in block <XLXI_17>.
WARNING:Xst:2677 - Node <GPIOf0_19> of sequential type is unconnected in block <XLXI_17>.
WARNING:Xst:2677 - Node <GPIOf0_20> of sequential type is unconnected in block <XLXI_17>.
WARNING:Xst:2677 - Node <GPIOf0_21> of sequential type is unconnected in block <XLXI_17>.
WARNING:Xst:2677 - Node <GPIOf0_22> of sequential type is unconnected in block <XLXI_17>.
WARNING:Xst:2677 - Node <GPIOf0_23> of sequential type is unconnected in block <XLXI_17>.
WARNING:Xst:2677 - Node <GPIOf0_24> of sequential type is unconnected in block <XLXI_17>.
WARNING:Xst:2677 - Node <GPIOf0_25> of sequential type is unconnected in block <XLXI_17>.
WARNING:Xst:2677 - Node <GPIOf0_26> of sequential type is unconnected in block <XLXI_17>.
WARNING:Xst:2677 - Node <GPIOf0_27> of sequential type is unconnected in block <XLXI_17>.
WARNING:Xst:2677 - Node <GPIOf0_28> of sequential type is unconnected in block <XLXI_17>.
WARNING:Xst:2677 - Node <GPIOf0_29> of sequential type is unconnected in block <XLXI_17>.
WARNING:Xst:2677 - Node <GPIOf0_30> of sequential type is unconnected in block <XLXI_17>.
WARNING:Xst:2677 - Node <GPIOf0_31> of sequential type is unconnected in block <XLXI_17>.

Synthesizing (advanced) Unit <Scansync>.
INFO:Xst:3218 - HDL ADVISOR - The RAM <Mram_AN> will be implemented on LUTs either because you have described an asynchronous read or because of currently unsupported block RAM features. If you have described an asynchronous read, making it synchronous would allow you to take advantage of available block RAM resources, for optimized device usage and improved timings. Please refer to your documentation for coding guidelines.
    -----------------------------------------------------------------------
    | ram_type           | Distributed                         |          |
    -----------------------------------------------------------------------
    | Port A                                                              |
    |     aspect ratio   | 8-word x 4-bit                      |          |
    |     weA            | connected to signal <GND>           | high     |
    |     addrA          | connected to signal <Scan>          |          |
    |     diA            | connected to signal <GND>           |          |
    |     doA            | connected to signal <AN>            |          |
    -----------------------------------------------------------------------
Unit <Scansync> synthesized (advanced).

Synthesizing (advanced) Unit <clkdiv>.
The following registers are absorbed into counter <clkdiv>: 1 register on signal <clkdiv>.
Unit <clkdiv> synthesized (advanced).

=========================================================================
Advanced HDL Synthesis Report

Macro Statistics
# RAMs                                                 : 1
 8x4-bit single-port distributed Read Only RAM         : 1
# Counters                                             : 1
 32-bit up counter                                     : 1
# Registers                                            : 112
 Flip-Flops                                            : 112
# Comparators                                          : 1
 32-bit comparator greater                             : 1
# Multiplexers                                         : 3
 1-bit 8-to-1 multiplexer                              : 2
 4-bit 8-to-1 multiplexer                              : 1
# Xors                                                 : 2
 32-bit xor2                                           : 2

=========================================================================

=========================================================================
*                         Low Level Synthesis                           *
=========================================================================
INFO:Xst:2261 - The FF/Latch <GPIOf0_1> in Unit <GPIO> is equivalent to the following 3 FFs/Latches, which will be removed : <GPIOf0_2> <GPIOf0_3> <GPIOf0_4> 
INFO:Xst:2261 - The FF/Latch <GPIOf0_1> in Unit <PIO> is equivalent to the following 3 FFs/Latches, which will be removed : <GPIOf0_2> <GPIOf0_3> <GPIOf0_4> 

Optimizing unit <MC14495> ...

Optimizing unit <Multi_8CH32> ...

Optimizing unit <MUX8T1_8_MUSER_MUX8T1_32> ...

Optimizing unit <Mux4T1_4_MUSER_MUX8T1_32> ...

Optimizing unit <MUX8T1_8> ...

Optimizing unit <Mux4T1_4_MUSER_MUX8T1_8> ...

Optimizing unit <ADC32> ...

Optimizing unit <CLA_MUSER_ADC32> ...

Optimizing unit <MC14495_MUSER_Framework> ...

Optimizing unit <Framework> ...

Optimizing unit <HexTo8Seg> ...

Optimizing unit <GPIO> ...

Optimizing unit <PIO> ...

Optimizing unit <ALU> ...
WARNING:Xst:1710 - FF/Latch <XLXI_8/GPIOf0_1> (without init value) has a constant value of 0 in block <Framework>. This FF/Latch will be trimmed during the optimization process.
WARNING:Xst:1895 - Due to other FF/Latch trimming, FF/Latch <XLXI_17/GPIOf0_1> (without init value) has a constant value of 0 in block <Framework>. This FF/Latch will be trimmed during the optimization process.
WARNING:Xst:2677 - Node <XLXI_8/GPIOf0_31> of sequential type is unconnected in block <Framework>.
WARNING:Xst:2677 - Node <XLXI_8/GPIOf0_30> of sequential type is unconnected in block <Framework>.
WARNING:Xst:2677 - Node <XLXI_8/GPIOf0_29> of sequential type is unconnected in block <Framework>.
WARNING:Xst:2677 - Node <XLXI_8/GPIOf0_28> of sequential type is unconnected in block <Framework>.
WARNING:Xst:2677 - Node <XLXI_8/GPIOf0_27> of sequential type is unconnected in block <Framework>.
WARNING:Xst:2677 - Node <XLXI_8/GPIOf0_26> of sequential type is unconnected in block <Framework>.
WARNING:Xst:2677 - Node <XLXI_8/GPIOf0_25> of sequential type is unconnected in block <Framework>.
WARNING:Xst:2677 - Node <XLXI_8/GPIOf0_24> of sequential type is unconnected in block <Framework>.
WARNING:Xst:2677 - Node <XLXI_8/GPIOf0_23> of sequential type is unconnected in block <Framework>.
WARNING:Xst:2677 - Node <XLXI_8/GPIOf0_22> of sequential type is unconnected in block <Framework>.
WARNING:Xst:2677 - Node <XLXI_8/GPIOf0_21> of sequential type is unconnected in block <Framework>.
WARNING:Xst:2677 - Node <XLXI_8/GPIOf0_20> of sequential type is unconnected in block <Framework>.
WARNING:Xst:2677 - Node <XLXI_8/GPIOf0_19> of sequential type is unconnected in block <Framework>.
WARNING:Xst:2677 - Node <XLXI_8/GPIOf0_18> of sequential type is unconnected in block <Framework>.
WARNING:Xst:2677 - Node <XLXI_8/GPIOf0_17> of sequential type is unconnected in block <Framework>.
WARNING:Xst:2677 - Node <XLXI_8/GPIOf0_16> of sequential type is unconnected in block <Framework>.
WARNING:Xst:2677 - Node <XLXI_17/GPIOf0_31> of sequential type is unconnected in block <Framework>.
WARNING:Xst:2677 - Node <XLXI_17/GPIOf0_30> of sequential type is unconnected in block <Framework>.
WARNING:Xst:2677 - Node <XLXI_17/GPIOf0_29> of sequential type is unconnected in block <Framework>.
WARNING:Xst:2677 - Node <XLXI_17/GPIOf0_28> of sequential type is unconnected in block <Framework>.
WARNING:Xst:2677 - Node <XLXI_17/GPIOf0_27> of sequential type is unconnected in block <Framework>.
WARNING:Xst:2677 - Node <XLXI_17/GPIOf0_26> of sequential type is unconnected in block <Framework>.
WARNING:Xst:2677 - Node <XLXI_17/GPIOf0_25> of sequential type is unconnected in block <Framework>.
WARNING:Xst:2677 - Node <XLXI_17/GPIOf0_24> of sequential type is unconnected in block <Framework>.
WARNING:Xst:2677 - Node <XLXI_17/GPIOf0_23> of sequential type is unconnected in block <Framework>.
WARNING:Xst:2677 - Node <XLXI_17/GPIOf0_22> of sequential type is unconnected in block <Framework>.
WARNING:Xst:2677 - Node <XLXI_17/GPIOf0_21> of sequential type is unconnected in block <Framework>.
WARNING:Xst:2677 - Node <XLXI_17/GPIOf0_20> of sequential type is unconnected in block <Framework>.
WARNING:Xst:2677 - Node <XLXI_17/GPIOf0_19> of sequential type is unconnected in block <Framework>.
WARNING:Xst:2677 - Node <XLXI_17/GPIOf0_18> of sequential type is unconnected in block <Framework>.
WARNING:Xst:2677 - Node <XLXI_17/GPIOf0_17> of sequential type is unconnected in block <Framework>.
WARNING:Xst:2677 - Node <XLXI_17/GPIOf0_16> of sequential type is unconnected in block <Framework>.
WARNING:Xst:2677 - Node <XLXI_17/GPIOf0_15> of sequential type is unconnected in block <Framework>.
WARNING:Xst:2677 - Node <XLXI_17/GPIOf0_14> of sequential type is unconnected in block <Framework>.
WARNING:Xst:2677 - Node <XLXI_17/GPIOf0_13> of sequential type is unconnected in block <Framework>.
WARNING:Xst:2677 - Node <XLXI_17/GPIOf0_12> of sequential type is unconnected in block <Framework>.
WARNING:Xst:2677 - Node <XLXI_17/GPIOf0_11> of sequential type is unconnected in block <Framework>.
WARNING:Xst:2677 - Node <XLXI_17/GPIOf0_10> of sequential type is unconnected in block <Framework>.
WARNING:Xst:2677 - Node <XLXI_17/GPIOf0_9> of sequential type is unconnected in block <Framework>.
WARNING:Xst:2677 - Node <XLXI_17/GPIOf0_8> of sequential type is unconnected in block <Framework>.

Mapping all equations...
Building and optimizing final netlist ...
Found area constraint ratio of 100 (+ 5) on block Framework, actual ratio is 0.

Final Macro Processing ...

=========================================================================
Final Register Report

Macro Statistics
# Registers                                            : 96
 Flip-Flops                                            : 96

=========================================================================

=========================================================================
*                           Partition Report                            *
=========================================================================

Partition Implementation Status
-------------------------------

  No Partitions were found in this design.

-------------------------------

=========================================================================
*                            Design Summary                             *
=========================================================================

Top Level Output File Name         : Framework.ngc

Primitive and Black Box Usage:
------------------------------
# BELS                             : 3010
#      AND2                        : 1076
#      AND3                        : 129
#      AND4                        : 111
#      GND                         : 2
#      INV                         : 164
#      LUT1                        : 97
#      LUT2                        : 229
#      LUT3                        : 75
#      LUT4                        : 97
#      LUT5                        : 65
#      LUT6                        : 209
#      MUXCY                       : 136
#      MUXF7                       : 11
#      OR2                         : 187
#      OR3                         : 37
#      OR4                         : 216
#      VCC                         : 4
#      XOR2                        : 64
#      XORCY                       : 101
# FlipFlops/Latches                : 395
#      FD                          : 205
#      FD_1                        : 4
#      FDC                         : 46
#      FDC_1                       : 12
#      FDCE                        : 4
#      FDE                         : 95
#      FDRE                        : 29
# Clock Buffers                    : 2
#      BUFG                        : 1
#      BUFGP                       : 1
# IO Buffers                       : 58
#      IBUF                        : 21
#      OBUF                        : 37

Device utilization summary:
---------------------------

Selected Device : 7k160tffg676-2l 


Slice Logic Utilization: 
 Number of Slice Registers:             395  out of  202800     0%  
 Number of Slice LUTs:                  936  out of  101400     0%  
    Number used as Logic:               936  out of  101400     0%  

Slice Logic Distribution: 
 Number of LUT Flip Flop pairs used:   1068
   Number with an unused Flip Flop:     673  out of   1068    63%  
   Number with an unused LUT:           132  out of   1068    12%  
   Number of fully used LUT-FF pairs:   263  out of   1068    24%  
   Number of unique control sets:        19

IO Utilization: 
 Number of IOs:                          59
 Number of bonded IOBs:                  59  out of    400    14%  

Specific Feature Utilization:
 Number of BUFG/BUFGCTRLs:                2  out of     32     6%  

---------------------------
Partition Resource Summary:
---------------------------

  No Partitions were found in this design.

---------------------------


=========================================================================
Timing Report

NOTE: THESE TIMING NUMBERS ARE ONLY A SYNTHESIS ESTIMATE.
      FOR ACCURATE TIMING INFORMATION PLEASE REFER TO THE TRACE REPORT
      GENERATED AFTER PLACE-and-ROUTE.

Clock Information:
------------------
-----------------------------------+------------------------+-------+
Clock Signal                       | Clock buffer(FF name)  | Load  |
-----------------------------------+------------------------+-------+
clk_100mhz                         | BUFGP                  | 351   |
XLXI_1/clk1                        | BUFG                   | 41    |
XLXI_3/push(XLXI_3/push1:O)        | NONE(*)(XLXI_3/state_0)| 3     |
-----------------------------------+------------------------+-------+
(*) This 1 clock signal(s) are generated by combinatorial logic,
and XST is not able to identify which are the primary clock signals.
Please use the CLOCK_SIGNAL constraint to specify the clock signal(s) generated by combinatorial logic.
INFO:Xst:2169 - HDL ADVISOR - Some clock signals were not automatically buffered by XST with BUFG/BUFR resources. Please use the buffer_type constraint in order to insert these buffers to the clock signals to help prevent skew problems.

Asynchronous Control Signals Information:
----------------------------------------
No asynchronous control signals found in this design

Timing Summary:
---------------
Speed Grade: -2

   Minimum period: 16.789ns (Maximum Frequency: 59.564MHz)
   Minimum input arrival time before clock: 2.109ns
   Maximum output required time after clock: 17.270ns
   Maximum combinational path delay: No path found

Timing Details:
---------------
All values displayed in nanoseconds (ns)

=========================================================================
Timing constraint: Default period analysis for Clock 'clk_100mhz'
  Clock period: 16.789ns (frequency: 59.564MHz)
  Total number of paths / destination ports: 1899051 / 447
-------------------------------------------------------------------------
Delay:               16.789ns (Levels of Logic = 26)
  Source:            XLXI_1/SW_OK_4 (FF)
  Destination:       XLXI_5/XLXI_1/buffer_4 (FF)
  Source Clock:      clk_100mhz rising
  Destination Clock: clk_100mhz rising

  Data Path: XLXI_1/SW_OK_4 to XLXI_5/XLXI_1/buffer_4
                                Gate     Net
    Cell:in->out      fanout   Delay   Delay  Logical Name (Net Name)
    ----------------------------------------  ------------
     FDE:C->Q             78   0.236   0.488  SW_OK_4 (SW_OK<4>)
     end scope: 'XLXI_1:SW_OK<4>'
     LUT2:I1->O            2   0.043   0.618  XLXI_31/Mxor_Bo_1_xo<0>1 (XLXI_31/Bo<1>)
     XOR2:I0->O            8   0.043   0.561  XLXI_31/ADD_32/XLXI_8/XLXI_3/XLXI_1 (XLXI_31/ADD_32/XLXI_8/XLXN_27)
     AND4:I2->O            1   0.134   0.495  XLXI_31/ADD_32/XLXI_8/XLXI_5/XLXI_9 (XLXI_31/ADD_32/XLXI_8/XLXI_5/XLXN_15)
     OR4:I3->O             4   0.161   0.512  XLXI_31/ADD_32/XLXI_8/XLXI_5/XLXI_14 (XLXI_31/ADD_32/XLXN_58)
     AND4:I3->O            1   0.161   0.495  XLXI_31/ADD_32/XLXI_12/XLXI_9 (XLXI_31/ADD_32/XLXI_12/XLXN_15)
     OR4:I3->O             1   0.161   0.603  XLXI_31/ADD_32/XLXI_12/XLXI_14 (XLXI_31/ADD_32/XLXN_82)
     OR2:I1->O             9   0.053   0.648  XLXI_31/ADD_32/XLXI_15 (XLXI_31/ADD_32/XLXN_67)
     AND2:I1->O            1   0.053   0.603  XLXI_31/ADD_32/XLXI_9/XLXI_1 (XLXI_31/ADD_32/XLXI_9/XLXN_1)
     OR2:I1->O             5   0.053   0.518  XLXI_31/ADD_32/XLXI_9/XLXI_11 (XLXI_31/ADD_32/XLXN_23)
     AND4:I3->O            1   0.161   0.495  XLXI_31/ADD_32/XLXI_3/XLXI_5/XLXI_7 (XLXI_31/ADD_32/XLXI_3/XLXI_5/XLXN_20)
     OR4:I3->O             2   0.161   0.618  XLXI_31/ADD_32/XLXI_3/XLXI_5/XLXI_13 (XLXI_31/ADD_32/XLXI_3/XLXN_5)
     XOR2:I0->O            2   0.043   0.618  XLXI_31/ADD_32/XLXI_3/XLXI_1/XLXI_2 (XLXI_31/Sum<23>)
     AND2:I0->O            1   0.043   0.603  XLXI_31/MUX1/XLXI_3/XLXI_55/XLXI_25 (XLXI_31/MUX1/XLXI_3/XLXI_55/XLXN_130)
     OR4:I1->O             1   0.053   0.613  XLXI_31/MUX1/XLXI_3/XLXI_55/XLXI_62 (XLXI_31/MUX1/XLXI_3/o3<3>)
     AND2:I0->O            1   0.043   0.613  XLXI_31/MUX1/XLXI_3/XLXI_51 (XLXI_31/MUX1/XLXI_3/XLXN_120)
     OR2:I0->O             6   0.043   0.641  XLXI_31/MUX1/XLXI_3/XLXI_49 (XLXN_209<23>)
     AND2:I0->O            1   0.043   0.613  XLXI_7/MUX1_DispData/XLXI_3/XLXI_55/XLXI_26 (XLXI_7/MUX1_DispData/XLXI_3/XLXI_55/XLXN_131)
     OR4:I0->O             1   0.043   0.613  XLXI_7/MUX1_DispData/XLXI_3/XLXI_55/XLXI_62 (XLXI_7/MUX1_DispData/XLXI_3/o3<3>)
     AND2:I0->O            1   0.043   0.613  XLXI_7/MUX1_DispData/XLXI_3/XLXI_51 (XLXI_7/MUX1_DispData/XLXI_3/XLXN_120)
     OR2:I0->O             9   0.043   0.384  XLXI_7/MUX1_DispData/XLXI_3/XLXI_49 (Disp_num<23>)
     INV:I->O             11   0.317   0.551  XLXI_5/XLXI_2/HTS2/MSEG/INV_1 (XLXI_5/XLXI_2/HTS2/MSEG/ND3)
     AND4:I3->O            2   0.161   0.500  XLXI_5/XLXI_2/HTS2/MSEG/AD20 (XLXI_5/XLXI_2/HTS2/MSEG/A20)
     OR4:I3->O             1   0.161   0.603  XLXI_5/XLXI_2/HTS2/MSEG/d_1 (XLXI_5/XLXI_2/HTS2/MSEG/DD)
     OR2:I1->O             1   0.053   0.613  XLXI_5/XLXI_2/HTS2/MSEG/XLXI_71 (XLXI_5/XLXN_5<20>)
     begin scope: 'XLXI_5/XLXI_1:P_Data<20>'
     LUT6:I0->O            1   0.043   0.000  buffer_20_rstpot (buffer_20_rstpot)
     FD:D                     -0.000          buffer_20
    ----------------------------------------
    Total                     16.789ns (2.552ns logic, 14.237ns route)
                                       (15.2% logic, 84.8% route)

=========================================================================
Timing constraint: Default period analysis for Clock 'XLXI_1/clk1'
  Clock period: 2.152ns (frequency: 464.587MHz)
  Total number of paths / destination ports: 1454 / 90
-------------------------------------------------------------------------
Delay:               2.152ns (Levels of Logic = 7)
  Source:            XLXI_1/counter_8 (FF)
  Destination:       XLXI_1/Key_x_0 (FF)
  Source Clock:      XLXI_1/clk1 rising
  Destination Clock: XLXI_1/clk1 rising

  Data Path: XLXI_1/counter_8 to XLXI_1/Key_x_0
                                Gate     Net
    Cell:in->out      fanout   Delay   Delay  Logical Name (Net Name)
    ----------------------------------------  ------------
     FDRE:C->Q             3   0.236   0.615  counter_8 (counter<8>)
     LUT5:I0->O            1   0.043   0.000  Mcompar_counter[31]_GND_1_o_LessThan_5_o_lut<0> (Mcompar_counter[31]_GND_1_o_LessThan_5_o_lut<0>)
     MUXCY:S->O            1   0.238   0.000  Mcompar_counter[31]_GND_1_o_LessThan_5_o_cy<0> (Mcompar_counter[31]_GND_1_o_LessThan_5_o_cy<0>)
     MUXCY:CI->O           1   0.013   0.000  Mcompar_counter[31]_GND_1_o_LessThan_5_o_cy<1> (Mcompar_counter[31]_GND_1_o_LessThan_5_o_cy<1>)
     MUXCY:CI->O           1   0.013   0.000  Mcompar_counter[31]_GND_1_o_LessThan_5_o_cy<2> (Mcompar_counter[31]_GND_1_o_LessThan_5_o_cy<2>)
     MUXCY:CI->O           1   0.013   0.000  Mcompar_counter[31]_GND_1_o_LessThan_5_o_cy<3> (Mcompar_counter[31]_GND_1_o_LessThan_5_o_cy<3>)
     MUXCY:CI->O           8   0.013   0.378  Mcompar_counter[31]_GND_1_o_LessThan_5_o_cy<4> (Mcompar_counter[31]_GND_1_o_LessThan_5_o_cy<4>)
     INV:I->O              7   0.054   0.373  _n0225_inv1_cepot_INV_0 (_n0225_inv1_cepot)
     FDE:CE                    0.161          Key_x_0
    ----------------------------------------
    Total                      2.152ns (0.786ns logic, 1.366ns route)
                                       (36.5% logic, 63.5% route)

=========================================================================
Timing constraint: Default period analysis for Clock 'XLXI_3/push'
  Clock period: 1.069ns (frequency: 935.060MHz)
  Total number of paths / destination ports: 6 / 3
-------------------------------------------------------------------------
Delay:               1.069ns (Levels of Logic = 1)
  Source:            XLXI_3/state_0 (FF)
  Destination:       XLXI_3/state_0 (FF)
  Source Clock:      XLXI_3/push rising
  Destination Clock: XLXI_3/push rising

  Data Path: XLXI_3/state_0 to XLXI_3/state_0
                                Gate     Net
    Cell:in->out      fanout   Delay   Delay  Logical Name (Net Name)
    ----------------------------------------  ------------
     FDE:C->Q             19   0.236   0.440  state_0 (state<0>)
     INV:I->O              1   0.054   0.339  Result<0>1_INV_0 (Result<0>)
     FDE:D                    -0.000          state_0
    ----------------------------------------
    Total                      1.069ns (0.290ns logic, 0.779ns route)
                                       (27.1% logic, 72.9% route)

=========================================================================
Timing constraint: Default OFFSET IN BEFORE for Clock 'clk_100mhz'
  Total number of paths / destination ports: 1195 / 100
-------------------------------------------------------------------------
Offset:              2.089ns (Levels of Logic = 10)
  Source:            SW<2> (PAD)
  Destination:       XLXI_1/SW_OK_0 (FF)
  Destination Clock: clk_100mhz rising

  Data Path: SW<2> to XLXI_1/SW_OK_0
                                Gate     Net
    Cell:in->out      fanout   Delay   Delay  Logical Name (Net Name)
    ----------------------------------------  ------------
     IBUF:I->O             3   0.000   0.625  SW_2_IBUF (SW_2_IBUF)
     begin scope: 'XLXI_1:SW<2>'
     LUT6:I0->O            1   0.043   0.000  Mcompar_sw_temp[15]_SW[15]_not_equal_100_o_lut<0> (Mcompar_sw_temp[15]_SW[15]_not_equal_100_o_lut<0>)
     MUXCY:S->O            1   0.238   0.000  Mcompar_sw_temp[15]_SW[15]_not_equal_100_o_cy<0> (Mcompar_sw_temp[15]_SW[15]_not_equal_100_o_cy<0>)
     MUXCY:CI->O           1   0.013   0.000  Mcompar_sw_temp[15]_SW[15]_not_equal_100_o_cy<1> (Mcompar_sw_temp[15]_SW[15]_not_equal_100_o_cy<1>)
     MUXCY:CI->O           1   0.013   0.000  Mcompar_sw_temp[15]_SW[15]_not_equal_100_o_cy<2> (Mcompar_sw_temp[15]_SW[15]_not_equal_100_o_cy<2>)
     MUXCY:CI->O           1   0.013   0.000  Mcompar_sw_temp[15]_SW[15]_not_equal_100_o_cy<3> (Mcompar_sw_temp[15]_SW[15]_not_equal_100_o_cy<3>)
     MUXCY:CI->O           1   0.013   0.000  Mcompar_sw_temp[15]_SW[15]_not_equal_100_o_cy<4> (Mcompar_sw_temp[15]_SW[15]_not_equal_100_o_cy<4>)
     MUXCY:CI->O          43   0.013   0.471  Mcompar_sw_temp[15]_SW[15]_not_equal_100_o_cy<5> (sw_temp[15]_SW[15]_not_equal_100_o)
     INV:I->O             17   0.054   0.429  _n0243_inv1_cepot_cepot_INV_0 (_n0243_inv1_cepot_cepot)
     FDE:CE                    0.161          SW_OK_0
    ----------------------------------------
    Total                      2.089ns (0.563ns logic, 1.525ns route)
                                       (27.0% logic, 73.0% route)

=========================================================================
Timing constraint: Default OFFSET IN BEFORE for Clock 'XLXI_1/clk1'
  Total number of paths / destination ports: 176 / 41
-------------------------------------------------------------------------
Offset:              2.109ns (Levels of Logic = 6)
  Source:            K_COL<3> (PAD)
  Destination:       XLXI_1/Key_x_1 (FF)
  Destination Clock: XLXI_1/clk1 rising

  Data Path: K_COL<3> to XLXI_1/Key_x_1
                                Gate     Net
    Cell:in->out      fanout   Delay   Delay  Logical Name (Net Name)
    ----------------------------------------  ------------
     IBUF:I->O             6   0.000   0.550  K_COL_3_IBUF (K_COL_3_IBUF)
     begin scope: 'XLXI_1:Key_y<3>'
     LUT4:I0->O           12   0.043   0.674  out1 (n0016)
     LUT6:I0->O            3   0.043   0.362  _n0295<0>1 (_n0295<0>)
     LUT6:I5->O            1   0.043   0.350  Key_x[4]_PWR_1_o_select_74_OUT<1>1 (Key_x[4]_PWR_1_o_select_74_OUT<4>)
     LUT3:I2->O            1   0.043   0.000  Key_x_4_dpot (Key_x_4_dpot)
     FDE:D                    -0.000          Key_x_4
    ----------------------------------------
    Total                      2.109ns (0.172ns logic, 1.937ns route)
                                       (8.2% logic, 91.8% route)

=========================================================================
Timing constraint: Default OFFSET OUT AFTER for Clock 'clk_100mhz'
  Total number of paths / destination ports: 1889382 / 24
-------------------------------------------------------------------------
Offset:              17.270ns (Levels of Logic = 28)
  Source:            XLXI_1/SW_OK_4 (FF)
  Destination:       SEGMENT<5> (PAD)
  Source Clock:      clk_100mhz rising

  Data Path: XLXI_1/SW_OK_4 to SEGMENT<5>
                                Gate     Net
    Cell:in->out      fanout   Delay   Delay  Logical Name (Net Name)
    ----------------------------------------  ------------
     FDE:C->Q             78   0.236   0.488  SW_OK_4 (SW_OK<4>)
     end scope: 'XLXI_1:SW_OK<4>'
     LUT2:I1->O            2   0.043   0.618  XLXI_31/Mxor_Bo_1_xo<0>1 (XLXI_31/Bo<1>)
     XOR2:I0->O            8   0.043   0.561  XLXI_31/ADD_32/XLXI_8/XLXI_3/XLXI_1 (XLXI_31/ADD_32/XLXI_8/XLXN_27)
     AND4:I2->O            1   0.134   0.495  XLXI_31/ADD_32/XLXI_8/XLXI_5/XLXI_9 (XLXI_31/ADD_32/XLXI_8/XLXI_5/XLXN_15)
     OR4:I3->O             4   0.161   0.512  XLXI_31/ADD_32/XLXI_8/XLXI_5/XLXI_14 (XLXI_31/ADD_32/XLXN_58)
     AND4:I3->O            1   0.161   0.495  XLXI_31/ADD_32/XLXI_12/XLXI_9 (XLXI_31/ADD_32/XLXI_12/XLXN_15)
     OR4:I3->O             1   0.161   0.603  XLXI_31/ADD_32/XLXI_12/XLXI_14 (XLXI_31/ADD_32/XLXN_82)
     OR2:I1->O             9   0.053   0.567  XLXI_31/ADD_32/XLXI_15 (XLXI_31/ADD_32/XLXN_67)
     AND3:I2->O            1   0.134   0.522  XLXI_31/ADD_32/XLXI_9/XLXI_5 (XLXI_31/ADD_32/XLXI_9/XLXN_22)
     OR3:I2->O             5   0.134   0.626  XLXI_31/ADD_32/XLXI_9/XLXI_12 (XLXI_31/ADD_32/XLXN_2)
     AND2:I1->O            1   0.053   0.603  XLXI_31/ADD_32/XLXI_2/XLXI_5/XLXI_1 (XLXI_31/ADD_32/XLXI_2/XLXI_5/XLXN_1)
     OR2:I1->O             2   0.053   0.618  XLXI_31/ADD_32/XLXI_2/XLXI_5/XLXI_11 (XLXI_31/ADD_32/XLXI_2/XLXN_7)
     XOR2:I0->O            2   0.043   0.618  XLXI_31/ADD_32/XLXI_2/XLXI_3/XLXI_2 (XLXI_31/Sum<25>)
     AND2:I0->O            1   0.043   0.603  XLXI_31/MUX1/XLXI_5/XLXI_53/XLXI_17 (XLXI_31/MUX1/XLXI_5/XLXI_53/XLXN_121)
     OR4:I1->O             1   0.053   0.613  XLXI_31/MUX1/XLXI_5/XLXI_53/XLXI_60 (XLXI_31/MUX1/XLXI_5/o1<1>)
     AND2:I0->O            1   0.043   0.613  XLXI_31/MUX1/XLXI_5/XLXI_33 (XLXI_31/MUX1/XLXI_5/XLXN_102)
     OR2:I0->O             6   0.043   0.641  XLXI_31/MUX1/XLXI_5/XLXI_31 (XLXN_209<25>)
     AND2:I0->O            1   0.043   0.613  XLXI_7/MUX1_DispData/XLXI_5/XLXI_53/XLXI_18 (XLXI_7/MUX1_DispData/XLXI_5/XLXI_53/XLXN_122)
     OR4:I0->O             1   0.043   0.613  XLXI_7/MUX1_DispData/XLXI_5/XLXI_53/XLXI_60 (XLXI_7/MUX1_DispData/XLXI_5/o1<1>)
     AND2:I0->O            1   0.043   0.613  XLXI_7/MUX1_DispData/XLXI_5/XLXI_33 (XLXI_7/MUX1_DispData/XLXI_5/XLXN_102)
     OR2:I0->O            12   0.043   0.583  XLXI_7/MUX1_DispData/XLXI_5/XLXI_31 (Disp_num<25>)
     LUT6:I2->O            1   0.043   0.000  XLXI_16/XLXI_4/Mmux_Hex_31 (XLXI_16/XLXI_4/Mmux_Hex_31)
     MUXF7:I1->O          11   0.178   0.395  XLXI_16/XLXI_4/Mmux_Hex_2_f7_0 (XLXI_16/Hex<1>)
     INV:I->O              8   0.317   0.642  XLXI_16/XLXI_2/INV_3 (XLXI_16/XLXI_2/ND1)
     AND4:I1->O            2   0.053   0.500  XLXI_16/XLXI_2/AD18 (XLXI_16/XLXI_2/A18)
     OR4:I3->O             1   0.161   0.603  XLXI_16/XLXI_2/f_1 (XLXI_16/XLXI_2/FF)
     OR2:I1->O             1   0.053   0.339  XLXI_16/XLXI_2/XLXI_73 (SEGMENT_5_OBUF)
     OBUF:I->O                 0.000          SEGMENT_5_OBUF (SEGMENT<5>)
    ----------------------------------------
    Total                     17.270ns (2.568ns logic, 14.702ns route)
                                       (14.9% logic, 85.1% route)

=========================================================================
Timing constraint: Default OFFSET OUT AFTER for Clock 'XLXI_1/clk1'
  Total number of paths / destination ports: 6 / 6
-------------------------------------------------------------------------
Offset:              0.658ns (Levels of Logic = 2)
  Source:            XLXI_1/Key_x_4 (FF)
  Destination:       K_ROW<4> (PAD)
  Source Clock:      XLXI_1/clk1 rising

  Data Path: XLXI_1/Key_x_4 to K_ROW<4>
                                Gate     Net
    Cell:in->out      fanout   Delay   Delay  Logical Name (Net Name)
    ----------------------------------------  ------------
     FDE:C->Q             16   0.236   0.422  Key_x_4 (Key_x<4>)
     end scope: 'XLXI_1:Key_x<4>'
     OBUF:I->O                 0.000          K_ROW_4_OBUF (K_ROW<4>)
    ----------------------------------------
    Total                      0.658ns (0.236ns logic, 0.422ns route)
                                       (35.8% logic, 64.2% route)

=========================================================================

Cross Clock Domains Report:
--------------------------

Clock to Setup on destination clock XLXI_1/clk1
---------------+---------+---------+---------+---------+
               | Src:Rise| Src:Fall| Src:Rise| Src:Fall|
Source Clock   |Dest:Rise|Dest:Rise|Dest:Fall|Dest:Fall|
---------------+---------+---------+---------+---------+
XLXI_1/clk1    |    2.152|         |         |         |
clk_100mhz     |    1.292|         |         |         |
---------------+---------+---------+---------+---------+

Clock to Setup on destination clock XLXI_3/push
---------------+---------+---------+---------+---------+
               | Src:Rise| Src:Fall| Src:Rise| Src:Fall|
Source Clock   |Dest:Rise|Dest:Rise|Dest:Fall|Dest:Fall|
---------------+---------+---------+---------+---------+
XLXI_1/clk1    |    0.818|         |         |         |
XLXI_3/push    |    1.069|         |         |         |
clk_100mhz     |    1.336|         |         |         |
---------------+---------+---------+---------+---------+

Clock to Setup on destination clock clk_100mhz
---------------+---------+---------+---------+---------+
               | Src:Rise| Src:Fall| Src:Rise| Src:Fall|
Source Clock   |Dest:Rise|Dest:Rise|Dest:Fall|Dest:Fall|
---------------+---------+---------+---------+---------+
XLXI_1/clk1    |    1.100|         |         |         |
XLXI_3/push    |    1.928|         |         |         |
clk_100mhz     |   16.789|    1.289|    6.467|         |
---------------+---------+---------+---------+---------+

=========================================================================


Total REAL time to Xst completion: 14.00 secs
Total CPU time to Xst completion: 14.06 secs
 
--> 

Total memory usage is 320292 kilobytes

Number of errors   :    0 (   0 filtered)
Number of warnings :   96 (   0 filtered)
Number of infos    :   14 (   0 filtered)

