Release 14.7 Map P.20131013 (nt)
Xilinx Mapping Report File for Design 'Framework'

Design Information
------------------
Command Line   : map -intstyle ise -p xc7k160t-ffg676-2L -w -logic_opt off -ol
high -t 1 -xt 0 -register_duplication off -r 4 -mt off -ir off -pr off -lc off
-power off -o Framework_map.ncd Framework.ngd Framework.pcf 
Target Device  : xc7k160t
Target Package : ffg676
Target Speed   : -2l
Mapper Version : kintex7 -- $Revision: 1.55 $
Mapped Date    : Wed Nov 30 15:54:00 2016

Design Summary
--------------
Number of errors:      0
Number of warnings:    1
Slice Logic Utilization:
  Number of Slice Registers:                   377 out of 202,800    1%
    Number used as Flip Flops:                 377
    Number used as Latches:                      0
    Number used as Latch-thrus:                  0
    Number used as AND/OR logics:                0
  Number of Slice LUTs:                      1,308 out of 101,400    1%
    Number used as logic:                    1,304 out of 101,400    1%
      Number using O6 output only:           1,129
      Number using O5 output only:              93
      Number using O5 and O6:                   82
      Number used as ROM:                        0
    Number used as Memory:                       0 out of  35,000    0%
    Number used exclusively as route-thrus:      4
      Number with same-slice register load:      0
      Number with same-slice carry load:         4
      Number with other load:                    0

Slice Logic Distribution:
  Number of occupied Slices:                   536 out of  25,350    2%
  Number of LUT Flip Flop pairs used:        1,341
    Number with an unused Flip Flop:           970 out of   1,341   72%
    Number with an unused LUT:                  33 out of   1,341    2%
    Number of fully used LUT-FF pairs:         338 out of   1,341   25%
    Number of unique control sets:              14
    Number of slice register sites lost
      to control set restrictions:              39 out of 202,800    1%

  A LUT Flip Flop pair for this architecture represents one LUT paired with
  one Flip Flop within a slice.  A control set is a unique combination of
  clock, reset, set, and enable signals for a registered element.
  The Slice Logic Distribution report is not meaningful if the design is
  over-mapped for a non-slice resource or if Placement fails.
  OVERMAPPING of BRAM resources should be ignored if the design is
  over-mapped for a non-BRAM resource or if placement fails.

IO Utilization:
  Number of bonded IOBs:                        59 out of     400   14%
    Number of LOCed IOBs:                       59 out of      59  100%

Specific Feature Utilization:
  Number of RAMB36E1/FIFO36E1s:                  0 out of     325    0%
  Number of RAMB18E1/FIFO18E1s:                  0 out of     650    0%
  Number of BUFG/BUFGCTRLs:                      2 out of      32    6%
    Number used as BUFGs:                        2
    Number used as BUFGCTRLs:                    0
  Number of IDELAYE2/IDELAYE2_FINEDELAYs:        0 out of     400    0%
  Number of ILOGICE2/ILOGICE3/ISERDESE2s:        0 out of     400    0%
  Number of ODELAYE2/ODELAYE2_FINEDELAYs:        0 out of     150    0%
  Number of OLOGICE2/OLOGICE3/OSERDESE2s:        4 out of     400    1%
    Number used as OLOGICE2s:                    4
    Number used as OLOGICE3s:                    0
    Number used as OSERDESE2s:                   0
  Number of PHASER_IN/PHASER_IN_PHYs:            0 out of      32    0%
  Number of PHASER_OUT/PHASER_OUT_PHYs:          0 out of      32    0%
  Number of BSCANs:                              0 out of       4    0%
  Number of BUFHCEs:                             0 out of     120    0%
  Number of BUFRs:                               0 out of      32    0%
  Number of CAPTUREs:                            0 out of       1    0%
  Number of DNA_PORTs:                           0 out of       1    0%
  Number of DSP48E1s:                            0 out of     600    0%
  Number of EFUSE_USRs:                          0 out of       1    0%
  Number of FRAME_ECCs:                          0 out of       1    0%
  Number of GTXE2_CHANNELs:                      0 out of       8    0%
  Number of GTXE2_COMMONs:                       0 out of       2    0%
  Number of IBUFDS_GTE2s:                        0 out of       4    0%
  Number of ICAPs:                               0 out of       2    0%
  Number of IDELAYCTRLs:                         0 out of       8    0%
  Number of IN_FIFOs:                            0 out of      32    0%
  Number of MMCME2_ADVs:                         0 out of       8    0%
  Number of OUT_FIFOs:                           0 out of      32    0%
  Number of PCIE_2_1s:                           0 out of       1    0%
  Number of PHASER_REFs:                         0 out of       8    0%
  Number of PHY_CONTROLs:                        0 out of       8    0%
  Number of PLLE2_ADVs:                          0 out of       8    0%
  Number of STARTUPs:                            0 out of       1    0%
  Number of XADCs:                               0 out of       1    0%

Average Fanout of Non-Clock Nets:                3.46

Peak Memory Usage:  667 MB
Total REAL time to MAP completion:  1 mins 2 secs 
Total CPU time to MAP completion:   1 mins 

Table of Contents
-----------------
Section 1 - Errors
Section 2 - Warnings
Section 3 - Informational
Section 4 - Removed Logic Summary
Section 5 - Removed Logic
Section 6 - IOB Properties
Section 7 - RPMs
Section 8 - Guide Report
Section 9 - Area Group and Partition Summary
Section 10 - Timing Report
Section 11 - Configuration String Information
Section 12 - Control Set Information
Section 13 - Utilization by Hierarchy

Section 1 - Errors
------------------

Section 2 - Warnings
--------------------
WARNING:PhysDesignRules:372 - Gated clock. Clock net XLXI_3/push is sourced by a
   combinatorial pin. This is not good design practice. Use the CE pin to
   control the loading of data into the flip-flop.

Section 3 - Informational
-------------------------
INFO:LIT:244 - All of the single ended outputs in this design are using slew
   rate limited output drivers. The delay on speed critical single ended outputs
   can be dramatically reduced by designating them as fast outputs.
INFO:Pack:1716 - Initializing temperature to 100.000 Celsius. (default - Range:
   0.000 to 100.000 Celsius)
INFO:Pack:1720 - Initializing voltage to 0.970 Volts. (default - Range: 0.970 to
   1.030 Volts)
INFO:Map:215 - The Interim Design Summary has been generated in the MAP Report
   (.mrp).
INFO:Pack:1650 - Map created a placed design.

Section 4 - Removed Logic Summary
---------------------------------
 236 block(s) removed
  46 block(s) optimized away
 196 signal(s) removed

Section 5 - Removed Logic
-------------------------

The trimmed logic report below shows the logic removed from your design due to
sourceless or loadless signals, and VCC or ground connections.  If the removal
of a signal or symbol results in the subsequent removal of an additional signal
or symbol, the message explaining that second removal will be indented.  This
indentation will be repeated as a chain of related logic is removed.

To quickly locate the original cause for the removal of a chain of logic, look
above the place where that logic is listed in the trimming report, then locate
the lines that are least indented (begin at the leftmost edge).

Loadless block "XLXI_31/ADD_32/XLXI_1/XLXI_1/XLXI_5" (OR) removed.
 The signal "XLXI_31/ADD_32/XLXI_1/XLXI_1/XLXN_10" is loadless and has been
removed.
  Loadless block "XLXI_31/ADD_32/XLXI_1/XLXI_1/XLXI_4" (AND) removed.
Loadless block "XLXI_31/ADD_32/XLXI_1/XLXI_2/XLXI_5" (OR) removed.
 The signal "XLXI_31/ADD_32/XLXI_1/XLXI_2/XLXN_10" is loadless and has been
removed.
  Loadless block "XLXI_31/ADD_32/XLXI_1/XLXI_2/XLXI_4" (AND) removed.
Loadless block "XLXI_31/ADD_32/XLXI_1/XLXI_3/XLXI_5" (OR) removed.
 The signal "XLXI_31/ADD_32/XLXI_1/XLXI_3/XLXN_10" is loadless and has been
removed.
  Loadless block "XLXI_31/ADD_32/XLXI_1/XLXI_3/XLXI_4" (AND) removed.
Loadless block "XLXI_31/ADD_32/XLXI_1/XLXI_4/XLXI_5" (OR) removed.
 The signal "XLXI_31/ADD_32/XLXI_1/XLXI_4/XLXN_10" is loadless and has been
removed.
  Loadless block "XLXI_31/ADD_32/XLXI_1/XLXI_4/XLXI_4" (AND) removed.
Loadless block "XLXI_31/ADD_32/XLXI_2/XLXI_1/XLXI_5" (OR) removed.
 The signal "XLXI_31/ADD_32/XLXI_2/XLXI_1/XLXN_10" is loadless and has been
removed.
  Loadless block "XLXI_31/ADD_32/XLXI_2/XLXI_1/XLXI_4" (AND) removed.
Loadless block "XLXI_31/ADD_32/XLXI_2/XLXI_2/XLXI_5" (OR) removed.
 The signal "XLXI_31/ADD_32/XLXI_2/XLXI_2/XLXN_10" is loadless and has been
removed.
  Loadless block "XLXI_31/ADD_32/XLXI_2/XLXI_2/XLXI_4" (AND) removed.
Loadless block "XLXI_31/ADD_32/XLXI_2/XLXI_3/XLXI_5" (OR) removed.
 The signal "XLXI_31/ADD_32/XLXI_2/XLXI_3/XLXN_10" is loadless and has been
removed.
  Loadless block "XLXI_31/ADD_32/XLXI_2/XLXI_3/XLXI_4" (AND) removed.
Loadless block "XLXI_31/ADD_32/XLXI_2/XLXI_4/XLXI_5" (OR) removed.
 The signal "XLXI_31/ADD_32/XLXI_2/XLXI_4/XLXN_10" is loadless and has been
removed.
  Loadless block "XLXI_31/ADD_32/XLXI_2/XLXI_4/XLXI_4" (AND) removed.
Loadless block "XLXI_31/ADD_32/XLXI_3/XLXI_1/XLXI_5" (OR) removed.
 The signal "XLXI_31/ADD_32/XLXI_3/XLXI_1/XLXN_10" is loadless and has been
removed.
  Loadless block "XLXI_31/ADD_32/XLXI_3/XLXI_1/XLXI_4" (AND) removed.
Loadless block "XLXI_31/ADD_32/XLXI_3/XLXI_2/XLXI_5" (OR) removed.
 The signal "XLXI_31/ADD_32/XLXI_3/XLXI_2/XLXN_10" is loadless and has been
removed.
  Loadless block "XLXI_31/ADD_32/XLXI_3/XLXI_2/XLXI_4" (AND) removed.
Loadless block "XLXI_31/ADD_32/XLXI_3/XLXI_3/XLXI_5" (OR) removed.
 The signal "XLXI_31/ADD_32/XLXI_3/XLXI_3/XLXN_10" is loadless and has been
removed.
  Loadless block "XLXI_31/ADD_32/XLXI_3/XLXI_3/XLXI_4" (AND) removed.
Loadless block "XLXI_31/ADD_32/XLXI_3/XLXI_4/XLXI_5" (OR) removed.
 The signal "XLXI_31/ADD_32/XLXI_3/XLXI_4/XLXN_10" is loadless and has been
removed.
  Loadless block "XLXI_31/ADD_32/XLXI_3/XLXI_4/XLXI_4" (AND) removed.
Loadless block "XLXI_31/ADD_32/XLXI_4/XLXI_1/XLXI_5" (OR) removed.
 The signal "XLXI_31/ADD_32/XLXI_4/XLXI_1/XLXN_10" is loadless and has been
removed.
  Loadless block "XLXI_31/ADD_32/XLXI_4/XLXI_1/XLXI_4" (AND) removed.
Loadless block "XLXI_31/ADD_32/XLXI_4/XLXI_2/XLXI_5" (OR) removed.
 The signal "XLXI_31/ADD_32/XLXI_4/XLXI_2/XLXN_10" is loadless and has been
removed.
  Loadless block "XLXI_31/ADD_32/XLXI_4/XLXI_2/XLXI_4" (AND) removed.
Loadless block "XLXI_31/ADD_32/XLXI_4/XLXI_3/XLXI_5" (OR) removed.
 The signal "XLXI_31/ADD_32/XLXI_4/XLXI_3/XLXN_10" is loadless and has been
removed.
  Loadless block "XLXI_31/ADD_32/XLXI_4/XLXI_3/XLXI_4" (AND) removed.
Loadless block "XLXI_31/ADD_32/XLXI_4/XLXI_4/XLXI_5" (OR) removed.
 The signal "XLXI_31/ADD_32/XLXI_4/XLXI_4/XLXN_10" is loadless and has been
removed.
  Loadless block "XLXI_31/ADD_32/XLXI_4/XLXI_4/XLXI_4" (AND) removed.
Loadless block "XLXI_31/ADD_32/XLXI_5/XLXI_1/XLXI_5" (OR) removed.
 The signal "XLXI_31/ADD_32/XLXI_5/XLXI_1/XLXN_10" is loadless and has been
removed.
  Loadless block "XLXI_31/ADD_32/XLXI_5/XLXI_1/XLXI_4" (AND) removed.
Loadless block "XLXI_31/ADD_32/XLXI_5/XLXI_2/XLXI_5" (OR) removed.
 The signal "XLXI_31/ADD_32/XLXI_5/XLXI_2/XLXN_10" is loadless and has been
removed.
  Loadless block "XLXI_31/ADD_32/XLXI_5/XLXI_2/XLXI_4" (AND) removed.
Loadless block "XLXI_31/ADD_32/XLXI_5/XLXI_3/XLXI_5" (OR) removed.
 The signal "XLXI_31/ADD_32/XLXI_5/XLXI_3/XLXN_10" is loadless and has been
removed.
  Loadless block "XLXI_31/ADD_32/XLXI_5/XLXI_3/XLXI_4" (AND) removed.
Loadless block "XLXI_31/ADD_32/XLXI_5/XLXI_4/XLXI_5" (OR) removed.
 The signal "XLXI_31/ADD_32/XLXI_5/XLXI_4/XLXN_10" is loadless and has been
removed.
  Loadless block "XLXI_31/ADD_32/XLXI_5/XLXI_4/XLXI_4" (AND) removed.
Loadless block "XLXI_31/ADD_32/XLXI_6/XLXI_1/XLXI_5" (OR) removed.
 The signal "XLXI_31/ADD_32/XLXI_6/XLXI_1/XLXN_10" is loadless and has been
removed.
  Loadless block "XLXI_31/ADD_32/XLXI_6/XLXI_1/XLXI_4" (AND) removed.
Loadless block "XLXI_31/ADD_32/XLXI_6/XLXI_2/XLXI_5" (OR) removed.
 The signal "XLXI_31/ADD_32/XLXI_6/XLXI_2/XLXN_10" is loadless and has been
removed.
  Loadless block "XLXI_31/ADD_32/XLXI_6/XLXI_2/XLXI_4" (AND) removed.
Loadless block "XLXI_31/ADD_32/XLXI_6/XLXI_3/XLXI_5" (OR) removed.
 The signal "XLXI_31/ADD_32/XLXI_6/XLXI_3/XLXN_10" is loadless and has been
removed.
  Loadless block "XLXI_31/ADD_32/XLXI_6/XLXI_3/XLXI_4" (AND) removed.
Loadless block "XLXI_31/ADD_32/XLXI_6/XLXI_4/XLXI_5" (OR) removed.
 The signal "XLXI_31/ADD_32/XLXI_6/XLXI_4/XLXN_10" is loadless and has been
removed.
  Loadless block "XLXI_31/ADD_32/XLXI_6/XLXI_4/XLXI_4" (AND) removed.
Loadless block "XLXI_31/ADD_32/XLXI_7/XLXI_1/XLXI_5" (OR) removed.
 The signal "XLXI_31/ADD_32/XLXI_7/XLXI_1/XLXN_10" is loadless and has been
removed.
  Loadless block "XLXI_31/ADD_32/XLXI_7/XLXI_1/XLXI_4" (AND) removed.
Loadless block "XLXI_31/ADD_32/XLXI_7/XLXI_2/XLXI_5" (OR) removed.
 The signal "XLXI_31/ADD_32/XLXI_7/XLXI_2/XLXN_10" is loadless and has been
removed.
  Loadless block "XLXI_31/ADD_32/XLXI_7/XLXI_2/XLXI_4" (AND) removed.
Loadless block "XLXI_31/ADD_32/XLXI_7/XLXI_3/XLXI_5" (OR) removed.
 The signal "XLXI_31/ADD_32/XLXI_7/XLXI_3/XLXN_10" is loadless and has been
removed.
  Loadless block "XLXI_31/ADD_32/XLXI_7/XLXI_3/XLXI_4" (AND) removed.
Loadless block "XLXI_31/ADD_32/XLXI_7/XLXI_4/XLXI_5" (OR) removed.
 The signal "XLXI_31/ADD_32/XLXI_7/XLXI_4/XLXN_10" is loadless and has been
removed.
  Loadless block "XLXI_31/ADD_32/XLXI_7/XLXI_4/XLXI_4" (AND) removed.
Loadless block "XLXI_31/ADD_32/XLXI_8/XLXI_1/XLXI_5" (OR) removed.
 The signal "XLXI_31/ADD_32/XLXI_8/XLXI_1/XLXN_10" is loadless and has been
removed.
  Loadless block "XLXI_31/ADD_32/XLXI_8/XLXI_1/XLXI_4" (AND) removed.
Loadless block "XLXI_31/ADD_32/XLXI_8/XLXI_2/XLXI_5" (OR) removed.
 The signal "XLXI_31/ADD_32/XLXI_8/XLXI_2/XLXN_10" is loadless and has been
removed.
  Loadless block "XLXI_31/ADD_32/XLXI_8/XLXI_2/XLXI_4" (AND) removed.
Loadless block "XLXI_31/ADD_32/XLXI_8/XLXI_3/XLXI_5" (OR) removed.
 The signal "XLXI_31/ADD_32/XLXI_8/XLXI_3/XLXN_10" is loadless and has been
removed.
  Loadless block "XLXI_31/ADD_32/XLXI_8/XLXI_3/XLXI_4" (AND) removed.
Loadless block "XLXI_31/ADD_32/XLXI_8/XLXI_4/XLXI_5" (OR) removed.
 The signal "XLXI_31/ADD_32/XLXI_8/XLXI_4/XLXN_10" is loadless and has been
removed.
  Loadless block "XLXI_31/ADD_32/XLXI_8/XLXI_4/XLXI_4" (AND) removed.
Loadless block "XLXI_7/MUX2_blink/XLXI_13" (OR) removed.
 The signal "XLXI_7/MUX2_blink/XLXN_96" is loadless and has been removed.
  Loadless block "XLXI_7/MUX2_blink/XLXI_27" (AND) removed.
   The signal "XLXI_7/MUX2_blink/o1<0>" is loadless and has been removed.
    Loadless block "XLXI_7/MUX2_blink/XLXI_53/XLXI_59" (OR) removed.
     The signal "XLXI_7/MUX2_blink/XLXI_53/XLXN_113" is loadless and has been
removed.
      Loadless block "XLXI_7/MUX2_blink/XLXI_53/XLXI_14" (AND) removed.
       The signal "XLXI_7/MUX2_blink/XLXI_53/XLXN_41" is loadless and has been removed.
        Loadless block "XLXI_7/MUX2_blink/XLXI_53/XLXI_6" (AND) removed.
     The signal "XLXI_7/MUX2_blink/XLXI_53/XLXN_112" is loadless and has been
removed.
      Loadless block "XLXI_7/MUX2_blink/XLXI_53/XLXI_13" (AND) removed.
       The signal "XLXI_7/MUX2_blink/XLXI_53/XLXN_29" is loadless and has been removed.
        Loadless block "XLXI_7/MUX2_blink/XLXI_53/XLXI_5" (AND) removed.
         The signal "XLXI_7/MUX2_blink/XLXI_53/XLXN_8" is loadless and has been removed.
          Loadless block "XLXI_7/MUX2_blink/XLXI_53/XLXI_2" (BUF) removed.
     The signal "XLXI_7/MUX2_blink/XLXI_53/XLXN_108" is loadless and has been
removed.
      Loadless block "XLXI_7/MUX2_blink/XLXI_53/XLXI_12" (AND) removed.
       The signal "XLXI_7/MUX2_blink/XLXI_53/XLXN_20" is loadless and has been removed.
        Loadless block "XLXI_7/MUX2_blink/XLXI_53/XLXI_4" (AND) removed.
         The signal "XLXI_7/MUX2_blink/XLXI_53/XLXN_7" is loadless and has been removed.
          Loadless block "XLXI_7/MUX2_blink/XLXI_53/XLXI_7" (BUF) removed.
     The signal "XLXI_7/MUX2_blink/XLXI_53/XLXN_107" is loadless and has been
removed.
      Loadless block "XLXI_7/MUX2_blink/XLXI_53/XLXI_11" (AND) removed.
       The signal "XLXI_7/MUX2_blink/XLXI_53/XLXN_18" is loadless and has been removed.
        Loadless block "XLXI_7/MUX2_blink/XLXI_53/XLXI_3" (AND) removed.
 The signal "XLXI_7/MUX2_blink/XLXN_95" is loadless and has been removed.
  Loadless block "XLXI_7/MUX2_blink/XLXI_26" (AND) removed.
   The signal "XLXI_7/MUX2_blink/o0<0>" is loadless and has been removed.
    Loadless block "XLXI_7/MUX2_blink/XLXI_52/XLXI_59" (OR) removed.
     The signal "XLXI_7/MUX2_blink/XLXI_52/XLXN_113" is loadless and has been
removed.
      Loadless block "XLXI_7/MUX2_blink/XLXI_52/XLXI_14" (AND) removed.
       The signal "XLXI_7/MUX2_blink/XLXI_52/XLXN_41" is loadless and has been removed.
        Loadless block "XLXI_7/MUX2_blink/XLXI_52/XLXI_6" (AND) removed.
     The signal "XLXI_7/MUX2_blink/XLXI_52/XLXN_112" is loadless and has been
removed.
      Loadless block "XLXI_7/MUX2_blink/XLXI_52/XLXI_13" (AND) removed.
       The signal "XLXI_7/MUX2_blink/XLXI_52/XLXN_29" is loadless and has been removed.
        Loadless block "XLXI_7/MUX2_blink/XLXI_52/XLXI_5" (AND) removed.
         The signal "XLXI_7/MUX2_blink/XLXI_52/XLXN_8" is loadless and has been removed.
          Loadless block "XLXI_7/MUX2_blink/XLXI_52/XLXI_2" (BUF) removed.
     The signal "XLXI_7/MUX2_blink/XLXI_52/XLXN_108" is loadless and has been
removed.
      Loadless block "XLXI_7/MUX2_blink/XLXI_52/XLXI_12" (AND) removed.
       The signal "blink<0>" is loadless and has been removed.
        Loadless block "XLXI_3/Mmux_blink11" (ROM) removed.
       The signal "XLXI_7/MUX2_blink/XLXI_52/XLXN_20" is loadless and has been removed.
        Loadless block "XLXI_7/MUX2_blink/XLXI_52/XLXI_4" (AND) removed.
         The signal "XLXI_7/MUX2_blink/XLXI_52/XLXN_7" is loadless and has been removed.
          Loadless block "XLXI_7/MUX2_blink/XLXI_52/XLXI_7" (BUF) removed.
     The signal "XLXI_7/MUX2_blink/XLXI_52/XLXN_107" is loadless and has been
removed.
      Loadless block "XLXI_7/MUX2_blink/XLXI_52/XLXI_11" (AND) removed.
       The signal "XLXI_7/cpu_blink<0>" is loadless and has been removed.
        Loadless block "XLXI_7/cpu_blink_0" (FF) removed.
       The signal "XLXI_7/MUX2_blink/XLXI_52/XLXN_18" is loadless and has been removed.
        Loadless block "XLXI_7/MUX2_blink/XLXI_52/XLXI_3" (AND) removed.
   The signal "XLXI_7/MUX2_blink/XLXN_124" is loadless and has been removed.
    Loadless block "XLXI_7/MUX2_blink/XLXI_11" (BUF) removed.
Loadless block "XLXI_7/MUX2_blink/XLXI_31" (OR) removed.
 The signal "XLXI_7/MUX2_blink/XLXN_102" is loadless and has been removed.
  Loadless block "XLXI_7/MUX2_blink/XLXI_33" (AND) removed.
   The signal "XLXI_7/MUX2_blink/o1<1>" is loadless and has been removed.
    Loadless block "XLXI_7/MUX2_blink/XLXI_53/XLXI_60" (OR) removed.
     The signal "XLXI_7/MUX2_blink/XLXI_53/XLXN_122" is loadless and has been
removed.
      Loadless block "XLXI_7/MUX2_blink/XLXI_53/XLXI_18" (AND) removed.
     The signal "XLXI_7/MUX2_blink/XLXI_53/XLXN_121" is loadless and has been
removed.
      Loadless block "XLXI_7/MUX2_blink/XLXI_53/XLXI_17" (AND) removed.
     The signal "XLXI_7/MUX2_blink/XLXI_53/XLXN_120" is loadless and has been
removed.
      Loadless block "XLXI_7/MUX2_blink/XLXI_53/XLXI_16" (AND) removed.
     The signal "XLXI_7/MUX2_blink/XLXI_53/XLXN_115" is loadless and has been
removed.
      Loadless block "XLXI_7/MUX2_blink/XLXI_53/XLXI_15" (AND) removed.
 The signal "XLXI_7/MUX2_blink/XLXN_101" is loadless and has been removed.
  Loadless block "XLXI_7/MUX2_blink/XLXI_32" (AND) removed.
   The signal "XLXI_7/MUX2_blink/o0<1>" is loadless and has been removed.
    Loadless block "XLXI_7/MUX2_blink/XLXI_52/XLXI_60" (OR) removed.
     The signal "XLXI_7/MUX2_blink/XLXI_52/XLXN_122" is loadless and has been
removed.
      Loadless block "XLXI_7/MUX2_blink/XLXI_52/XLXI_18" (AND) removed.
     The signal "XLXI_7/MUX2_blink/XLXI_52/XLXN_121" is loadless and has been
removed.
      Loadless block "XLXI_7/MUX2_blink/XLXI_52/XLXI_17" (AND) removed.
     The signal "XLXI_7/MUX2_blink/XLXI_52/XLXN_120" is loadless and has been
removed.
      Loadless block "XLXI_7/MUX2_blink/XLXI_52/XLXI_16" (AND) removed.
       The signal "blink<1>" is loadless and has been removed.
        Loadless block "XLXI_3/Mmux_blink21" (ROM) removed.
     The signal "XLXI_7/MUX2_blink/XLXI_52/XLXN_115" is loadless and has been
removed.
      Loadless block "XLXI_7/MUX2_blink/XLXI_52/XLXI_15" (AND) removed.
       The signal "XLXI_7/cpu_blink<1>" is loadless and has been removed.
        Loadless block "XLXI_7/cpu_blink_1" (FF) removed.
Loadless block "XLXI_7/MUX2_blink/XLXI_34" (OR) removed.
 The signal "XLXI_7/MUX2_blink/XLXN_105" is loadless and has been removed.
  Loadless block "XLXI_7/MUX2_blink/XLXI_36" (AND) removed.
   The signal "XLXI_7/MUX2_blink/o1<2>" is loadless and has been removed.
    Loadless block "XLXI_7/MUX2_blink/XLXI_53/XLXI_61" (OR) removed.
     The signal "XLXI_7/MUX2_blink/XLXI_53/XLXN_126" is loadless and has been
removed.
      Loadless block "XLXI_7/MUX2_blink/XLXI_53/XLXI_22" (AND) removed.
     The signal "XLXI_7/MUX2_blink/XLXI_53/XLXN_127" is loadless and has been
removed.
      Loadless block "XLXI_7/MUX2_blink/XLXI_53/XLXI_21" (AND) removed.
     The signal "XLXI_7/MUX2_blink/XLXI_53/XLXN_124" is loadless and has been
removed.
      Loadless block "XLXI_7/MUX2_blink/XLXI_53/XLXI_20" (AND) removed.
     The signal "XLXI_7/MUX2_blink/XLXI_53/XLXN_123" is loadless and has been
removed.
      Loadless block "XLXI_7/MUX2_blink/XLXI_53/XLXI_19" (AND) removed.
 The signal "XLXI_7/MUX2_blink/XLXN_104" is loadless and has been removed.
  Loadless block "XLXI_7/MUX2_blink/XLXI_35" (AND) removed.
   The signal "XLXI_7/MUX2_blink/o0<2>" is loadless and has been removed.
    Loadless block "XLXI_7/MUX2_blink/XLXI_52/XLXI_61" (OR) removed.
     The signal "XLXI_7/MUX2_blink/XLXI_52/XLXN_126" is loadless and has been
removed.
      Loadless block "XLXI_7/MUX2_blink/XLXI_52/XLXI_22" (AND) removed.
     The signal "XLXI_7/MUX2_blink/XLXI_52/XLXN_127" is loadless and has been
removed.
      Loadless block "XLXI_7/MUX2_blink/XLXI_52/XLXI_21" (AND) removed.
     The signal "XLXI_7/MUX2_blink/XLXI_52/XLXN_124" is loadless and has been
removed.
      Loadless block "XLXI_7/MUX2_blink/XLXI_52/XLXI_20" (AND) removed.
       The signal "blink<2>" is loadless and has been removed.
        Loadless block "XLXI_3/Mmux_blink31" (ROM) removed.
     The signal "XLXI_7/MUX2_blink/XLXI_52/XLXN_123" is loadless and has been
removed.
      Loadless block "XLXI_7/MUX2_blink/XLXI_52/XLXI_19" (AND) removed.
       The signal "XLXI_7/cpu_blink<2>" is loadless and has been removed.
        Loadless block "XLXI_7/cpu_blink_2" (FF) removed.
Loadless block "XLXI_7/MUX2_blink/XLXI_37" (OR) removed.
 The signal "XLXI_7/MUX2_blink/XLXN_108" is loadless and has been removed.
  Loadless block "XLXI_7/MUX2_blink/XLXI_39" (AND) removed.
   The signal "XLXI_7/MUX2_blink/o1<3>" is loadless and has been removed.
    Loadless block "XLXI_7/MUX2_blink/XLXI_53/XLXI_62" (OR) removed.
     The signal "XLXI_7/MUX2_blink/XLXI_53/XLXN_131" is loadless and has been
removed.
      Loadless block "XLXI_7/MUX2_blink/XLXI_53/XLXI_26" (AND) removed.
     The signal "XLXI_7/MUX2_blink/XLXI_53/XLXN_130" is loadless and has been
removed.
      Loadless block "XLXI_7/MUX2_blink/XLXI_53/XLXI_25" (AND) removed.
     The signal "XLXI_7/MUX2_blink/XLXI_53/XLXN_129" is loadless and has been
removed.
      Loadless block "XLXI_7/MUX2_blink/XLXI_53/XLXI_24" (AND) removed.
     The signal "XLXI_7/MUX2_blink/XLXI_53/XLXN_128" is loadless and has been
removed.
      Loadless block "XLXI_7/MUX2_blink/XLXI_53/XLXI_23" (AND) removed.
 The signal "XLXI_7/MUX2_blink/XLXN_107" is loadless and has been removed.
  Loadless block "XLXI_7/MUX2_blink/XLXI_38" (AND) removed.
   The signal "XLXI_7/MUX2_blink/o0<3>" is loadless and has been removed.
    Loadless block "XLXI_7/MUX2_blink/XLXI_52/XLXI_62" (OR) removed.
     The signal "XLXI_7/MUX2_blink/XLXI_52/XLXN_131" is loadless and has been
removed.
      Loadless block "XLXI_7/MUX2_blink/XLXI_52/XLXI_26" (AND) removed.
     The signal "XLXI_7/MUX2_blink/XLXI_52/XLXN_130" is loadless and has been
removed.
      Loadless block "XLXI_7/MUX2_blink/XLXI_52/XLXI_25" (AND) removed.
     The signal "XLXI_7/MUX2_blink/XLXI_52/XLXN_129" is loadless and has been
removed.
      Loadless block "XLXI_7/MUX2_blink/XLXI_52/XLXI_24" (AND) removed.
       The signal "blink<3>" is loadless and has been removed.
        Loadless block "XLXI_3/Mmux_blink41" (ROM) removed.
     The signal "XLXI_7/MUX2_blink/XLXI_52/XLXN_128" is loadless and has been
removed.
      Loadless block "XLXI_7/MUX2_blink/XLXI_52/XLXI_23" (AND) removed.
       The signal "XLXI_7/cpu_blink<3>" is loadless and has been removed.
        Loadless block "XLXI_7/cpu_blink_3" (FF) removed.
Loadless block "XLXI_7/MUX2_blink/XLXI_40" (OR) removed.
 The signal "XLXI_7/MUX2_blink/XLXN_111" is loadless and has been removed.
  Loadless block "XLXI_7/MUX2_blink/XLXI_42" (AND) removed.
   The signal "XLXI_7/MUX2_blink/o3<0>" is loadless and has been removed.
    Loadless block "XLXI_7/MUX2_blink/XLXI_55/XLXI_59" (OR) removed.
     The signal "XLXI_7/MUX2_blink/XLXI_55/XLXN_113" is loadless and has been
removed.
      Loadless block "XLXI_7/MUX2_blink/XLXI_55/XLXI_14" (AND) removed.
       The signal "XLXI_7/MUX2_blink/XLXI_55/XLXN_41" is loadless and has been removed.
        Loadless block "XLXI_7/MUX2_blink/XLXI_55/XLXI_6" (AND) removed.
     The signal "XLXI_7/MUX2_blink/XLXI_55/XLXN_112" is loadless and has been
removed.
      Loadless block "XLXI_7/MUX2_blink/XLXI_55/XLXI_13" (AND) removed.
       The signal "XLXI_7/MUX2_blink/XLXI_55/XLXN_29" is loadless and has been removed.
        Loadless block "XLXI_7/MUX2_blink/XLXI_55/XLXI_5" (AND) removed.
         The signal "XLXI_7/MUX2_blink/XLXI_55/XLXN_8" is loadless and has been removed.
          Loadless block "XLXI_7/MUX2_blink/XLXI_55/XLXI_2" (BUF) removed.
     The signal "XLXI_7/MUX2_blink/XLXI_55/XLXN_108" is loadless and has been
removed.
      Loadless block "XLXI_7/MUX2_blink/XLXI_55/XLXI_12" (AND) removed.
       The signal "XLXI_7/MUX2_blink/XLXI_55/XLXN_20" is loadless and has been removed.
        Loadless block "XLXI_7/MUX2_blink/XLXI_55/XLXI_4" (AND) removed.
         The signal "XLXI_7/MUX2_blink/XLXI_55/XLXN_7" is loadless and has been removed.
          Loadless block "XLXI_7/MUX2_blink/XLXI_55/XLXI_7" (BUF) removed.
     The signal "XLXI_7/MUX2_blink/XLXI_55/XLXN_107" is loadless and has been
removed.
      Loadless block "XLXI_7/MUX2_blink/XLXI_55/XLXI_11" (AND) removed.
       The signal "XLXI_7/MUX2_blink/XLXI_55/XLXN_18" is loadless and has been removed.
        Loadless block "XLXI_7/MUX2_blink/XLXI_55/XLXI_3" (AND) removed.
 The signal "XLXI_7/MUX2_blink/XLXN_110" is loadless and has been removed.
  Loadless block "XLXI_7/MUX2_blink/XLXI_41" (AND) removed.
   The signal "XLXI_7/MUX2_blink/o2<0>" is loadless and has been removed.
    Loadless block "XLXI_7/MUX2_blink/XLXI_54/XLXI_59" (OR) removed.
     The signal "XLXI_7/MUX2_blink/XLXI_54/XLXN_113" is loadless and has been
removed.
      Loadless block "XLXI_7/MUX2_blink/XLXI_54/XLXI_14" (AND) removed.
       The signal "XLXI_7/MUX2_blink/XLXI_54/XLXN_41" is loadless and has been removed.
        Loadless block "XLXI_7/MUX2_blink/XLXI_54/XLXI_6" (AND) removed.
     The signal "XLXI_7/MUX2_blink/XLXI_54/XLXN_112" is loadless and has been
removed.
      Loadless block "XLXI_7/MUX2_blink/XLXI_54/XLXI_13" (AND) removed.
       The signal "XLXI_7/MUX2_blink/XLXI_54/XLXN_29" is loadless and has been removed.
        Loadless block "XLXI_7/MUX2_blink/XLXI_54/XLXI_5" (AND) removed.
         The signal "XLXI_7/MUX2_blink/XLXI_54/XLXN_8" is loadless and has been removed.
          Loadless block "XLXI_7/MUX2_blink/XLXI_54/XLXI_2" (BUF) removed.
     The signal "XLXI_7/MUX2_blink/XLXI_54/XLXN_108" is loadless and has been
removed.
      Loadless block "XLXI_7/MUX2_blink/XLXI_54/XLXI_12" (AND) removed.
       The signal "blink<4>" is loadless and has been removed.
        Loadless block "XLXI_3/Mmux_blink51" (ROM) removed.
       The signal "XLXI_7/MUX2_blink/XLXI_54/XLXN_20" is loadless and has been removed.
        Loadless block "XLXI_7/MUX2_blink/XLXI_54/XLXI_4" (AND) removed.
         The signal "XLXI_7/MUX2_blink/XLXI_54/XLXN_7" is loadless and has been removed.
          Loadless block "XLXI_7/MUX2_blink/XLXI_54/XLXI_7" (BUF) removed.
     The signal "XLXI_7/MUX2_blink/XLXI_54/XLXN_107" is loadless and has been
removed.
      Loadless block "XLXI_7/MUX2_blink/XLXI_54/XLXI_11" (AND) removed.
       The signal "XLXI_7/cpu_blink<4>" is loadless and has been removed.
        Loadless block "XLXI_7/cpu_blink_4" (FF) removed.
       The signal "XLXI_7/MUX2_blink/XLXI_54/XLXN_18" is loadless and has been removed.
        Loadless block "XLXI_7/MUX2_blink/XLXI_54/XLXI_3" (AND) removed.
Loadless block "XLXI_7/MUX2_blink/XLXI_43" (OR) removed.
 The signal "XLXI_7/MUX2_blink/XLXN_114" is loadless and has been removed.
  Loadless block "XLXI_7/MUX2_blink/XLXI_45" (AND) removed.
   The signal "XLXI_7/MUX2_blink/o3<1>" is loadless and has been removed.
    Loadless block "XLXI_7/MUX2_blink/XLXI_55/XLXI_60" (OR) removed.
     The signal "XLXI_7/MUX2_blink/XLXI_55/XLXN_122" is loadless and has been
removed.
      Loadless block "XLXI_7/MUX2_blink/XLXI_55/XLXI_18" (AND) removed.
     The signal "XLXI_7/MUX2_blink/XLXI_55/XLXN_121" is loadless and has been
removed.
      Loadless block "XLXI_7/MUX2_blink/XLXI_55/XLXI_17" (AND) removed.
     The signal "XLXI_7/MUX2_blink/XLXI_55/XLXN_120" is loadless and has been
removed.
      Loadless block "XLXI_7/MUX2_blink/XLXI_55/XLXI_16" (AND) removed.
     The signal "XLXI_7/MUX2_blink/XLXI_55/XLXN_115" is loadless and has been
removed.
      Loadless block "XLXI_7/MUX2_blink/XLXI_55/XLXI_15" (AND) removed.
 The signal "XLXI_7/MUX2_blink/XLXN_113" is loadless and has been removed.
  Loadless block "XLXI_7/MUX2_blink/XLXI_44" (AND) removed.
   The signal "XLXI_7/MUX2_blink/o2<1>" is loadless and has been removed.
    Loadless block "XLXI_7/MUX2_blink/XLXI_54/XLXI_60" (OR) removed.
     The signal "XLXI_7/MUX2_blink/XLXI_54/XLXN_122" is loadless and has been
removed.
      Loadless block "XLXI_7/MUX2_blink/XLXI_54/XLXI_18" (AND) removed.
     The signal "XLXI_7/MUX2_blink/XLXI_54/XLXN_121" is loadless and has been
removed.
      Loadless block "XLXI_7/MUX2_blink/XLXI_54/XLXI_17" (AND) removed.
     The signal "XLXI_7/MUX2_blink/XLXI_54/XLXN_120" is loadless and has been
removed.
      Loadless block "XLXI_7/MUX2_blink/XLXI_54/XLXI_16" (AND) removed.
       The signal "blink<5>" is loadless and has been removed.
        Loadless block "XLXI_3/Mmux_blink61" (ROM) removed.
     The signal "XLXI_7/MUX2_blink/XLXI_54/XLXN_115" is loadless and has been
removed.
      Loadless block "XLXI_7/MUX2_blink/XLXI_54/XLXI_15" (AND) removed.
       The signal "XLXI_7/cpu_blink<5>" is loadless and has been removed.
        Loadless block "XLXI_7/cpu_blink_5" (FF) removed.
Loadless block "XLXI_7/MUX2_blink/XLXI_46" (OR) removed.
 The signal "XLXI_7/MUX2_blink/XLXN_117" is loadless and has been removed.
  Loadless block "XLXI_7/MUX2_blink/XLXI_48" (AND) removed.
   The signal "XLXI_7/MUX2_blink/o3<2>" is loadless and has been removed.
    Loadless block "XLXI_7/MUX2_blink/XLXI_55/XLXI_61" (OR) removed.
     The signal "XLXI_7/MUX2_blink/XLXI_55/XLXN_126" is loadless and has been
removed.
      Loadless block "XLXI_7/MUX2_blink/XLXI_55/XLXI_22" (AND) removed.
     The signal "XLXI_7/MUX2_blink/XLXI_55/XLXN_127" is loadless and has been
removed.
      Loadless block "XLXI_7/MUX2_blink/XLXI_55/XLXI_21" (AND) removed.
     The signal "XLXI_7/MUX2_blink/XLXI_55/XLXN_124" is loadless and has been
removed.
      Loadless block "XLXI_7/MUX2_blink/XLXI_55/XLXI_20" (AND) removed.
     The signal "XLXI_7/MUX2_blink/XLXI_55/XLXN_123" is loadless and has been
removed.
      Loadless block "XLXI_7/MUX2_blink/XLXI_55/XLXI_19" (AND) removed.
 The signal "XLXI_7/MUX2_blink/XLXN_116" is loadless and has been removed.
  Loadless block "XLXI_7/MUX2_blink/XLXI_47" (AND) removed.
   The signal "XLXI_7/MUX2_blink/o2<2>" is loadless and has been removed.
    Loadless block "XLXI_7/MUX2_blink/XLXI_54/XLXI_61" (OR) removed.
     The signal "XLXI_7/MUX2_blink/XLXI_54/XLXN_126" is loadless and has been
removed.
      Loadless block "XLXI_7/MUX2_blink/XLXI_54/XLXI_22" (AND) removed.
     The signal "XLXI_7/MUX2_blink/XLXI_54/XLXN_127" is loadless and has been
removed.
      Loadless block "XLXI_7/MUX2_blink/XLXI_54/XLXI_21" (AND) removed.
     The signal "XLXI_7/MUX2_blink/XLXI_54/XLXN_124" is loadless and has been
removed.
      Loadless block "XLXI_7/MUX2_blink/XLXI_54/XLXI_20" (AND) removed.
       The signal "blink<6>" is loadless and has been removed.
        Loadless block "XLXI_3/Mmux_blink71" (ROM) removed.
     The signal "XLXI_7/MUX2_blink/XLXI_54/XLXN_123" is loadless and has been
removed.
      Loadless block "XLXI_7/MUX2_blink/XLXI_54/XLXI_19" (AND) removed.
       The signal "XLXI_7/cpu_blink<6>" is loadless and has been removed.
        Loadless block "XLXI_7/cpu_blink_6" (FF) removed.
Loadless block "XLXI_7/MUX2_blink/XLXI_49" (OR) removed.
 The signal "XLXI_7/MUX2_blink/XLXN_120" is loadless and has been removed.
  Loadless block "XLXI_7/MUX2_blink/XLXI_51" (AND) removed.
   The signal "XLXI_7/MUX2_blink/o3<3>" is loadless and has been removed.
    Loadless block "XLXI_7/MUX2_blink/XLXI_55/XLXI_62" (OR) removed.
     The signal "XLXI_7/MUX2_blink/XLXI_55/XLXN_131" is loadless and has been
removed.
      Loadless block "XLXI_7/MUX2_blink/XLXI_55/XLXI_26" (AND) removed.
     The signal "XLXI_7/MUX2_blink/XLXI_55/XLXN_130" is loadless and has been
removed.
      Loadless block "XLXI_7/MUX2_blink/XLXI_55/XLXI_25" (AND) removed.
     The signal "XLXI_7/MUX2_blink/XLXI_55/XLXN_129" is loadless and has been
removed.
      Loadless block "XLXI_7/MUX2_blink/XLXI_55/XLXI_24" (AND) removed.
     The signal "XLXI_7/MUX2_blink/XLXI_55/XLXN_128" is loadless and has been
removed.
      Loadless block "XLXI_7/MUX2_blink/XLXI_55/XLXI_23" (AND) removed.
 The signal "XLXI_7/MUX2_blink/XLXN_119" is loadless and has been removed.
  Loadless block "XLXI_7/MUX2_blink/XLXI_50" (AND) removed.
   The signal "XLXI_7/MUX2_blink/o2<3>" is loadless and has been removed.
    Loadless block "XLXI_7/MUX2_blink/XLXI_54/XLXI_62" (OR) removed.
     The signal "XLXI_7/MUX2_blink/XLXI_54/XLXN_131" is loadless and has been
removed.
      Loadless block "XLXI_7/MUX2_blink/XLXI_54/XLXI_26" (AND) removed.
     The signal "XLXI_7/MUX2_blink/XLXI_54/XLXN_130" is loadless and has been
removed.
      Loadless block "XLXI_7/MUX2_blink/XLXI_54/XLXI_25" (AND) removed.
     The signal "XLXI_7/MUX2_blink/XLXI_54/XLXN_129" is loadless and has been
removed.
      Loadless block "XLXI_7/MUX2_blink/XLXI_54/XLXI_24" (AND) removed.
       The signal "blink<7>" is loadless and has been removed.
        Loadless block "XLXI_3/Mmux_blink81" (ROM) removed.
     The signal "XLXI_7/MUX2_blink/XLXI_54/XLXN_128" is loadless and has been
removed.
      Loadless block "XLXI_7/MUX2_blink/XLXI_54/XLXI_23" (AND) removed.
       The signal "XLXI_7/cpu_blink<7>" is loadless and has been removed.
        Loadless block "XLXI_7/cpu_blink_7" (FF) removed.
The signal "XLXI_1/pulse_out<3>" is sourceless and has been removed.
 Sourceless block "XLXI_1/pulse_out_3_rstpot" (ROM) removed.
  The signal "XLXI_1/pulse_out_3_rstpot" is sourceless and has been removed.
   Sourceless block "XLXI_1/pulse_out_3" (FF) removed.
The signal "XLXI_1/SW_OK<14>" is sourceless and has been removed.
 Sourceless block "XLXI_1/SW_OK_14_dpot1" (ROM) removed.
  The signal "XLXI_1/SW_OK_14_dpot1" is sourceless and has been removed.
   Sourceless block "XLXI_1/SW_OK_14" (FF) removed.
The signal "XLXI_1/SW_OK<13>" is sourceless and has been removed.
 Sourceless block "XLXI_1/SW_OK_13_dpot1" (ROM) removed.
  The signal "XLXI_1/SW_OK_13_dpot1" is sourceless and has been removed.
   Sourceless block "XLXI_1/SW_OK_13" (FF) removed.
The signal "XLXI_1/SW_OK<12>" is sourceless and has been removed.
 Sourceless block "XLXI_1/SW_OK_12_dpot1" (ROM) removed.
  The signal "XLXI_1/SW_OK_12_dpot1" is sourceless and has been removed.
   Sourceless block "XLXI_1/SW_OK_12" (FF) removed.
The signal "XLXI_1/SW_OK<11>" is sourceless and has been removed.
 Sourceless block "XLXI_1/SW_OK_11_dpot1" (ROM) removed.
  The signal "XLXI_1/SW_OK_11_dpot1" is sourceless and has been removed.
   Sourceless block "XLXI_1/SW_OK_11" (FF) removed.
The signal "XLXI_1/SW_OK<10>" is sourceless and has been removed.
 Sourceless block "XLXI_1/SW_OK_10_dpot1" (ROM) removed.
  The signal "XLXI_1/SW_OK_10_dpot1" is sourceless and has been removed.
   Sourceless block "XLXI_1/SW_OK_10" (FF) removed.
The signal "XLXI_1/SW_OK<9>" is sourceless and has been removed.
 Sourceless block "XLXI_1/SW_OK_9_dpot1" (ROM) removed.
  The signal "XLXI_1/SW_OK_9_dpot1" is sourceless and has been removed.
   Sourceless block "XLXI_1/SW_OK_9" (FF) removed.
The signal "XLXI_1/SW_OK<8>" is sourceless and has been removed.
 Sourceless block "XLXI_1/SW_OK_8_dpot1" (ROM) removed.
  The signal "XLXI_1/SW_OK_8_dpot1" is sourceless and has been removed.
   Sourceless block "XLXI_1/SW_OK_8" (FF) removed.
The signal "XLXI_1/SW_OK_0_dpot1" is sourceless and has been removed.
 Sourceless block "XLXI_1/SW_OK_0" (FF) removed.
  The signal "SW_OK<0>" is sourceless and has been removed.
   Sourceless block "XLXI_1/SW_OK_0_dpot1" (ROM) removed.
The signal "XLXI_1/Key_out_4_dpot" is sourceless and has been removed.
 Sourceless block "XLXI_1/Key_out_4" (FF) removed.
  The signal "XLXN_23<4>" is sourceless and has been removed.
   Sourceless block "XLXI_1/Key_out_4_dpot" (ROM) removed.

The trimmed logic reported below is either:
   1. part of a cycle
   2. part of disabled logic
   3. a side-effect of other trimmed logic

The signal "XLXI_31/MUX1/XLXI_5/XLXI_53/XLXN_41" is unused and has been removed.
 Unused block "XLXI_31/MUX1/XLXI_5/XLXI_53/XLXI_6" (AND) removed.
The signal "XLXI_31/MUX1/XLXI_5/XLXI_55/XLXN_41" is unused and has been removed.
 Unused block "XLXI_31/MUX1/XLXI_5/XLXI_55/XLXI_6" (AND) removed.
The signal "XLXI_31/MUX1/XLXI_3/XLXI_53/XLXN_41" is unused and has been removed.
 Unused block "XLXI_31/MUX1/XLXI_3/XLXI_53/XLXI_6" (AND) removed.
The signal "XLXI_31/MUX1/XLXI_3/XLXI_55/XLXN_41" is unused and has been removed.
 Unused block "XLXI_31/MUX1/XLXI_3/XLXI_55/XLXI_6" (AND) removed.
The signal "XLXI_31/MUX1/XLXI_2/XLXI_53/XLXN_41" is unused and has been removed.
 Unused block "XLXI_31/MUX1/XLXI_2/XLXI_53/XLXI_6" (AND) removed.
The signal "XLXI_31/MUX1/XLXI_2/XLXI_55/XLXN_41" is unused and has been removed.
 Unused block "XLXI_31/MUX1/XLXI_2/XLXI_55/XLXI_6" (AND) removed.
The signal "XLXI_31/MUX1/XLXI_1/XLXI_55/XLXN_41" is unused and has been removed.
 Unused block "XLXI_31/MUX1/XLXI_1/XLXI_55/XLXI_6" (AND) removed.

Optimized Block(s):
TYPE 		BLOCK
GND 		XLXI_1/XST_GND
VCC 		XLXI_1/XST_VCC
AND2 		XLXI_16/XLXI_3
VCC 		XLXI_16/XLXI_5
GND 		XLXI_16/XLXI_6
AND2 		XLXI_31/MUX1/XLXI_1/XLXI_53/XLXI_18
AND2 		XLXI_31/MUX1/XLXI_1/XLXI_53/XLXI_22
AND2 		XLXI_31/MUX1/XLXI_1/XLXI_53/XLXI_26
AND2 		XLXI_31/MUX1/XLXI_1/XLXI_55/XLXI_14
AND2 		XLXI_31/MUX1/XLXI_1/XLXI_55/XLXI_18
AND2 		XLXI_31/MUX1/XLXI_1/XLXI_55/XLXI_22
AND2 		XLXI_31/MUX1/XLXI_1/XLXI_55/XLXI_26
AND2 		XLXI_31/MUX1/XLXI_2/XLXI_53/XLXI_14
AND2 		XLXI_31/MUX1/XLXI_2/XLXI_53/XLXI_18
AND2 		XLXI_31/MUX1/XLXI_2/XLXI_53/XLXI_22
AND2 		XLXI_31/MUX1/XLXI_2/XLXI_53/XLXI_26
AND2 		XLXI_31/MUX1/XLXI_2/XLXI_55/XLXI_14
AND2 		XLXI_31/MUX1/XLXI_2/XLXI_55/XLXI_18
AND2 		XLXI_31/MUX1/XLXI_2/XLXI_55/XLXI_22
AND2 		XLXI_31/MUX1/XLXI_2/XLXI_55/XLXI_26
AND2 		XLXI_31/MUX1/XLXI_3/XLXI_53/XLXI_14
AND2 		XLXI_31/MUX1/XLXI_3/XLXI_53/XLXI_18
AND2 		XLXI_31/MUX1/XLXI_3/XLXI_53/XLXI_22
AND2 		XLXI_31/MUX1/XLXI_3/XLXI_53/XLXI_26
AND2 		XLXI_31/MUX1/XLXI_3/XLXI_55/XLXI_14
AND2 		XLXI_31/MUX1/XLXI_3/XLXI_55/XLXI_18
AND2 		XLXI_31/MUX1/XLXI_3/XLXI_55/XLXI_22
AND2 		XLXI_31/MUX1/XLXI_3/XLXI_55/XLXI_26
AND2 		XLXI_31/MUX1/XLXI_5/XLXI_53/XLXI_14
AND2 		XLXI_31/MUX1/XLXI_5/XLXI_53/XLXI_18
AND2 		XLXI_31/MUX1/XLXI_5/XLXI_53/XLXI_22
AND2 		XLXI_31/MUX1/XLXI_5/XLXI_53/XLXI_26
AND2 		XLXI_31/MUX1/XLXI_5/XLXI_55/XLXI_14
AND2 		XLXI_31/MUX1/XLXI_5/XLXI_55/XLXI_18
AND2 		XLXI_31/MUX1/XLXI_5/XLXI_55/XLXI_22
AND2 		XLXI_31/MUX1/XLXI_5/XLXI_55/XLXI_26
VCC 		XLXI_5/XLXI_1/XST_VCC
INV 		XLXI_5/XLXI_2/HTS0/MSEG/XLXI_89
INV 		XLXI_5/XLXI_2/HTS1/MSEG/XLXI_89
INV 		XLXI_5/XLXI_2/HTS2/MSEG/XLXI_89
INV 		XLXI_5/XLXI_2/HTS3/MSEG/XLXI_89
INV 		XLXI_5/XLXI_2/HTS4/MSEG/XLXI_89
INV 		XLXI_5/XLXI_2/HTS5/MSEG/XLXI_89
INV 		XLXI_5/XLXI_2/HTS6/MSEG/XLXI_89
INV 		XLXI_5/XLXI_2/HTS7/MSEG/XLXI_89
VCC 		XLXI_8/LED_P2S/XST_VCC

To enable printing of redundant blocks removed and signals merged, set the
detailed map report option and rerun map.

Section 6 - IOB Properties
--------------------------

+---------------------------------------------------------------------------------------------------------------------------------------------------------+
| IOB Name                           | Type             | Direction | IO Standard          | Diff  | Drive    | Slew | Reg (s)      | Resistor | IOB      |
|                                    |                  |           |                      | Term  | Strength | Rate |              |          | Delay    |
+---------------------------------------------------------------------------------------------------------------------------------------------------------+
| AN<0>                              | IOB33            | OUTPUT    | LVCMOS33             |       | 12       | SLOW |              |          |          |
| AN<1>                              | IOB33            | OUTPUT    | LVCMOS33             |       | 12       | SLOW |              |          |          |
| AN<2>                              | IOB33            | OUTPUT    | LVCMOS33             |       | 12       | SLOW |              |          |          |
| AN<3>                              | IOB33            | OUTPUT    | LVCMOS33             |       | 12       | SLOW |              |          |          |
| Buzzer                             | IOB33            | OUTPUT    | LVCMOS33             |       | 12       | SLOW |              |          |          |
| CR                                 | IOB33            | OUTPUT    | LVCMOS33             |       | 12       | SLOW |              |          |          |
| K_COL<0>                           | IOB              | INPUT     | LVCMOS18             |       |          |      |              |          |          |
| K_COL<1>                           | IOB              | INPUT     | LVCMOS18             |       |          |      |              |          |          |
| K_COL<2>                           | IOB              | INPUT     | LVCMOS18             |       |          |      |              |          |          |
| K_COL<3>                           | IOB              | INPUT     | LVCMOS18             |       |          |      |              |          |          |
| K_ROW<0>                           | IOB              | OUTPUT    | LVCMOS18             |       | 12       | SLOW |              |          |          |
| K_ROW<1>                           | IOB              | OUTPUT    | LVCMOS18             |       | 12       | SLOW |              |          |          |
| K_ROW<2>                           | IOB              | OUTPUT    | LVCMOS18             |       | 12       | SLOW |              |          |          |
| K_ROW<3>                           | IOB              | OUTPUT    | LVCMOS18             |       | 12       | SLOW |              |          |          |
| K_ROW<4>                           | IOB              | OUTPUT    | LVCMOS18             |       | 12       | SLOW |              |          |          |
| LED<0>                             | IOB33            | OUTPUT    | LVCMOS33             |       | 12       | SLOW |              |          |          |
| LED<1>                             | IOB33            | OUTPUT    | LVCMOS33             |       | 12       | SLOW |              |          |          |
| LED<2>                             | IOB33            | OUTPUT    | LVCMOS33             |       | 12       | SLOW |              |          |          |
| LED<3>                             | IOB33            | OUTPUT    | LVCMOS33             |       | 12       | SLOW |              |          |          |
| LED<4>                             | IOB33            | OUTPUT    | LVCMOS33             |       | 12       | SLOW |              |          |          |
| LED<5>                             | IOB33            | OUTPUT    | LVCMOS33             |       | 12       | SLOW |              |          |          |
| LED<6>                             | IOB33            | OUTPUT    | LVCMOS33             |       | 12       | SLOW |              |          |          |
| LED<7>                             | IOB33            | OUTPUT    | LVCMOS33             |       | 12       | SLOW |              |          |          |
| LEDCLK                             | IOB33            | OUTPUT    | LVCMOS33             |       | 12       | SLOW |              |          |          |
| LEDCLR                             | IOB33            | OUTPUT    | LVCMOS33             |       | 12       | SLOW |              |          |          |
| LEDDT                              | IOB33            | OUTPUT    | LVCMOS33             |       | 12       | SLOW |              |          |          |
| LEDEN                              | IOB33            | OUTPUT    | LVCMOS33             |       | 12       | SLOW |              |          |          |
| RDY                                | IOB33            | OUTPUT    | LVCMOS33             |       | 12       | SLOW |              |          |          |
| RSTN                               | IOB              | INPUT     | LVCMOS18             |       |          |      |              |          |          |
| SEGCLK                             | IOB33            | OUTPUT    | LVCMOS33             |       | 12       | SLOW |              |          |          |
| SEGCLR                             | IOB33            | OUTPUT    | LVCMOS33             |       | 12       | SLOW |              |          |          |
| SEGDT                              | IOB33            | OUTPUT    | LVCMOS33             |       | 12       | SLOW |              |          |          |
| SEGEN                              | IOB33            | OUTPUT    | LVCMOS33             |       | 12       | SLOW |              |          |          |
| SEGMENT<0>                         | IOB33            | OUTPUT    | LVCMOS33             |       | 12       | SLOW |              |          |          |
| SEGMENT<1>                         | IOB33            | OUTPUT    | LVCMOS33             |       | 12       | SLOW |              |          |          |
| SEGMENT<2>                         | IOB33            | OUTPUT    | LVCMOS33             |       | 12       | SLOW |              |          |          |
| SEGMENT<3>                         | IOB33            | OUTPUT    | LVCMOS33             |       | 12       | SLOW |              |          |          |
| SEGMENT<4>                         | IOB33            | OUTPUT    | LVCMOS33             |       | 12       | SLOW |              |          |          |
| SEGMENT<5>                         | IOB33            | OUTPUT    | LVCMOS33             |       | 12       | SLOW |              |          |          |
| SEGMENT<6>                         | IOB33            | OUTPUT    | LVCMOS33             |       | 12       | SLOW |              |          |          |
| SEGMENT<7>                         | IOB33            | OUTPUT    | LVCMOS33             |       | 12       | SLOW |              |          |          |
| SW<0>                              | IOB              | INPUT     | LVCMOS15             |       |          |      |              |          |          |
| SW<1>                              | IOB              | INPUT     | LVCMOS15             |       |          |      |              |          |          |
| SW<2>                              | IOB              | INPUT     | LVCMOS15             |       |          |      |              |          |          |
| SW<3>                              | IOB              | INPUT     | LVCMOS15             |       |          |      |              |          |          |
| SW<4>                              | IOB              | INPUT     | LVCMOS15             |       |          |      |              |          |          |
| SW<5>                              | IOB              | INPUT     | LVCMOS15             |       |          |      |              |          |          |
| SW<6>                              | IOB              | INPUT     | LVCMOS15             |       |          |      |              |          |          |
| SW<7>                              | IOB              | INPUT     | LVCMOS15             |       |          |      |              |          |          |
| SW<8>                              | IOB              | INPUT     | LVCMOS15             |       |          |      |              |          |          |
| SW<9>                              | IOB              | INPUT     | LVCMOS15             |       |          |      |              |          |          |
| SW<10>                             | IOB              | INPUT     | LVCMOS15             |       |          |      |              |          |          |
| SW<11>                             | IOB              | INPUT     | LVCMOS15             |       |          |      |              |          |          |
| SW<12>                             | IOB              | INPUT     | LVCMOS15             |       |          |      |              |          |          |
| SW<13>                             | IOB              | INPUT     | LVCMOS15             |       |          |      |              |          |          |
| SW<14>                             | IOB              | INPUT     | LVCMOS15             |       |          |      |              |          |          |
| SW<15>                             | IOB              | INPUT     | LVCMOS15             |       |          |      |              |          |          |
| clk_100mhz                         | IOB              | INPUT     | LVCMOS18             |       |          |      |              |          |          |
| readn                              | IOB33            | OUTPUT    | LVCMOS33             |       | 12       | SLOW |              |          |          |
+---------------------------------------------------------------------------------------------------------------------------------------------------------+

Section 7 - RPMs
----------------

Section 8 - Guide Report
------------------------
Guide not run on this design.

Section 9 - Area Group and Partition Summary
--------------------------------------------

Partition Implementation Status
-------------------------------

  No Partitions were found in this design.

-------------------------------

Area Group Information
----------------------

  No area groups were found in this design.

----------------------

Section 10 - Timing Report
--------------------------
A logic-level (pre-route) timing report can be generated by using Xilinx static
timing analysis tools, Timing Analyzer (GUI) or TRCE (command line), with the
mapped NCD and PCF files. Please note that this timing report will be generated
using estimated delay information. For accurate numbers, please generate a
timing report with the post Place and Route NCD file.

For more information about the Timing Analyzer, consult the Xilinx Timing
Analyzer Reference Manual; for more information about TRCE, consult the Xilinx
Command Line Tools User Guide "TRACE" chapter.

Section 11 - Configuration String Details
-----------------------------------------
Use the "-detail" map option to print out Configuration Strings

Section 12 - Control Set Information
------------------------------------
Use the "-detail" map option to print out Control Set Information.

Section 13 - Utilization by Hierarchy
-------------------------------------
Use the "-detail" map option to print out the Utilization by Hierarchy section.
