Running: C:\Xilinx\14.7\ISE_DS\ISE\bin\nt\unwrapped\fuse.exe -intstyle ise -incremental -lib unisims_ver -lib unimacro_ver -lib xilinxcorelib_ver -lib secureip -o C:/Documents and Settings/Administrator/My Documents/3150102418/Exp10/Top_FSM/counter32rev_Test_isim_beh.exe -prj C:/Documents and Settings/Administrator/My Documents/3150102418/Exp10/Top_FSM/counter32rev_Test_beh.prj work.counter32rev_Test work.glbl 
ISim P.20131013 (signature 0x8ef4fb42)
Number of CPUs detected in this system: 2
Turning on mult-threading, number of parallel sub-compilation jobs: 4 
Determining compilation order of HDL files
Analyzing Verilog file "C:/Documents and Settings/Administrator/My Documents/3150102418/Exp10/Top_FSM/counter_32_rev.v" into library work
Analyzing Verilog file "C:/Documents and Settings/Administrator/My Documents/3150102418/Exp10/Top_FSM/counter32rev_Test.v" into library work
Analyzing Verilog file "C:/Xilinx/14.7/ISE_DS/ISE//verilog/src/glbl.v" into library work
Starting static elaboration
Completed static elaboration
Fuse Memory Usage: 65792 KB
Fuse CPU Usage: 577 ms
Compiling module counter_32_rev
Compiling module counter32rev_Test
Compiling module glbl
Time Resolution for simulation is 1ps.
Waiting for 1 sub-compilation(s) to finish...
Compiled 3 Verilog Units
Built simulation executable C:/Documents and Settings/Administrator/My Documents/3150102418/Exp10/Top_FSM/counter32rev_Test_isim_beh.exe
Fuse Memory Usage: 71300 KB
Fuse CPU Usage: 655 ms
