Command line:
   D_74LS138_D_74LS138_sch_tb_isim_beh.exe
     -simmode  gui
     -simrunnum  0
     -socket  4667

Tue Nov 01 16:51:49 2016


 Elaboration Time: 0.078125 sec

 Current Memory Usage: 334.725 Meg

 Total Signals          : 86
 Total Nets             : 36
 Total Signal Drivers   : 28
 Total Blocks           : 20
 Total Primitive Blocks : 18
 Total Processes        : 39
 Total Traceable Variables  : 25
 Total Scalar Nets and Variables : 154
Total Line Count : 37

 Total Simulation Time: 0.265625 sec

 Current Memory Usage: 335.774 Meg

Tue Nov 01 16:53:59 2016

