Running: C:\Xilinx\14.7\ISE_DS\ISE\bin\nt\unwrapped\fuse.exe -intstyle ise -incremental -lib unisims_ver -lib unimacro_ver -lib xilinxcorelib_ver -lib secureip -o C:/Documents and Settings/Administrator/My Documents/3150102418/Exp9/MB_DFF/MB_DFF_MB_DFF_sch_tb_isim_beh.exe -prj C:/Documents and Settings/Administrator/My Documents/3150102418/Exp9/MB_DFF/MB_DFF_MB_DFF_sch_tb_beh.prj work.MB_DFF_MB_DFF_sch_tb work.glbl 
ISim P.20131013 (signature 0x8ef4fb42)
Number of CPUs detected in this system: 2
Turning on mult-threading, number of parallel sub-compilation jobs: 4 
Determining compilation order of HDL files
Analyzing Verilog file "C:/Documents and Settings/Administrator/My Documents/3150102418/Exp9/MB_DFF/MB_DFF.vf" into library work
Analyzing Verilog file "C:/Documents and Settings/Administrator/My Documents/3150102418/Exp9/MB_DFF/MB_DFF.v" into library work
Analyzing Verilog file "C:/Xilinx/14.7/ISE_DS/ISE//verilog/src/glbl.v" into library work
Starting static elaboration
Completed static elaboration
Fuse Memory Usage: 65792 KB
Fuse CPU Usage: 359 ms
Compiling module NAND3
Compiling module MB_DFF
Compiling module MB_DFF_MB_DFF_sch_tb
Compiling module glbl
Time Resolution for simulation is 1ps.
Waiting for 1 sub-compilation(s) to finish...
Compiled 4 Verilog Units
Built simulation executable C:/Documents and Settings/Administrator/My Documents/3150102418/Exp9/MB_DFF/MB_DFF_MB_DFF_sch_tb_isim_beh.exe
Fuse Memory Usage: 71300 KB
Fuse CPU Usage: 436 ms
