--------------------------------------------------------------------------------
Release 14.7 Trace  (nt)
Copyright (c) 1995-2013 Xilinx, Inc.  All rights reserved.

C:\Xilinx\14.7\ISE_DS\ISE\bin\nt\unwrapped\trce.exe -intstyle ise -v 3 -s 2L -n
3 -fastpaths -xml Top_MB_DFF.twx Top_MB_DFF.ncd -o Top_MB_DFF.twr
Top_MB_DFF.pcf -ucf k7.ucf

Design file:              Top_MB_DFF.ncd
Physical constraint file: Top_MB_DFF.pcf
Device,package,speed:     xc7k160t,ffg676,C,-2L (PRODUCTION 1.10 2013-10-13)
Report level:             verbose report

Environment Variable      Effect 
--------------------      ------ 
NONE                      No environment variables were set
--------------------------------------------------------------------------------

INFO:Timing:2698 - No timing constraints found, doing default enumeration.
INFO:Timing:3412 - To improve timing, see the Timing Closure User Guide (UG612).
INFO:Timing:2752 - To get complete path coverage, use the unconstrained paths 
   option. All paths that are not constrained will be reported in the 
   unconstrained paths section(s) of the report.
INFO:Timing:3339 - The clock-to-out numbers in this timing report are based on 
   a 50 Ohm transmission line loading model.  For the details of this model, 
   and for more information on accounting for different loading conditions, 
   please see the device datasheet.



Data Sheet report:
-----------------
All values displayed in nanoseconds (ns)

Pad to Pad
---------------+---------------+---------+
Source Pad     |Destination Pad|  Delay  |
---------------+---------------+---------+
SW<4>          |LED<6>         |    9.645|
SW<4>          |LED<7>         |    9.962|
SW<5>          |LED<6>         |    9.596|
SW<5>          |LED<7>         |    9.913|
SW<6>          |LED<6>         |    9.692|
SW<6>          |LED<7>         |   10.009|
SW<7>          |LED<6>         |    9.022|
SW<7>          |LED<7>         |    9.339|
---------------+---------------+---------+


Analysis completed Wed Nov 30 13:50:24 2016 
--------------------------------------------------------------------------------

Trace Settings:
-------------------------
Trace Settings 

Peak Memory Usage: 471 MB



