--------------------------------------------------------------------------------
Release 14.7 Trace  (nt)
Copyright (c) 1995-2013 Xilinx, Inc.  All rights reserved.

C:\Xilinx\14.7\ISE_DS\ISE\bin\nt\unwrapped\trce.exe -intstyle ise -v 3 -s 1 -n
3 -fastpaths -xml Top.twx Top.ncd -o Top.twr Top.pcf -ucf ucf.ucf

Design file:              Top.ncd
Physical constraint file: Top.pcf
Device,package,speed:     xc7a100t,csg324,C,-1 (PRODUCTION 1.10 2013-10-13)
Report level:             verbose report

Environment Variable      Effect 
--------------------      ------ 
NONE                      No environment variables were set
--------------------------------------------------------------------------------

INFO:Timing:2698 - No timing constraints found, doing default enumeration.
INFO:Timing:3412 - To improve timing, see the Timing Closure User Guide (UG612).
INFO:Timing:2752 - To get complete path coverage, use the unconstrained paths 
   option. All paths that are not constrained will be reported in the 
   unconstrained paths section(s) of the report.
INFO:Timing:3339 - The clock-to-out numbers in this timing report are based on 
   a 50 Ohm transmission line loading model.  For the details of this model, 
   and for more information on accounting for different loading conditions, 
   please see the device datasheet.



Data Sheet report:
-----------------
All values displayed in nanoseconds (ns)

Setup/Hold to clock mclk
------------+------------+------------+------------+------------+------------------+--------+
            |Max Setup to|  Process   |Max Hold to |  Process   |                  | Clock  |
Source      | clk (edge) |   Corner   | clk (edge) |   Corner   |Internal Clock(s) | Phase  |
------------+------------+------------+------------+------------+------------------+--------+
clr         |    1.923(R)|      SLOW  |    1.113(R)|      SLOW  |mclk_BUFGP        |   0.000|
------------+------------+------------+------------+------------+------------------+--------+

Clock mclk to Pad
------------+-----------------+------------+-----------------+------------+------------------+--------+
            |Max (slowest) clk|  Process   |Min (fastest) clk|  Process   |                  | Clock  |
Destination |  (edge) to PAD  |   Corner   |  (edge) to PAD  |   Corner   |Internal Clock(s) | Phase  |
------------+-----------------+------------+-----------------+------------+------------------+--------+
a_to_g<0>   |        14.144(R)|      SLOW  |         4.073(R)|      FAST  |mclk_BUFGP        |   0.000|
a_to_g<1>   |        14.429(R)|      SLOW  |         4.209(R)|      FAST  |mclk_BUFGP        |   0.000|
a_to_g<2>   |        13.705(R)|      SLOW  |         3.968(R)|      FAST  |mclk_BUFGP        |   0.000|
a_to_g<3>   |        14.713(R)|      SLOW  |         4.237(R)|      FAST  |mclk_BUFGP        |   0.000|
a_to_g<4>   |        13.476(R)|      SLOW  |         3.835(R)|      FAST  |mclk_BUFGP        |   0.000|
a_to_g<5>   |        13.698(R)|      SLOW  |         3.867(R)|      FAST  |mclk_BUFGP        |   0.000|
a_to_g<6>   |        13.786(R)|      SLOW  |         3.867(R)|      FAST  |mclk_BUFGP        |   0.000|
an<1>       |        14.387(R)|      SLOW  |         3.866(R)|      FAST  |mclk_BUFGP        |   0.000|
an<2>       |        14.606(R)|      SLOW  |         3.989(R)|      FAST  |mclk_BUFGP        |   0.000|
an<3>       |        14.445(R)|      SLOW  |         4.164(R)|      FAST  |mclk_BUFGP        |   0.000|
------------+-----------------+------------+-----------------+------------+------------------+--------+

Clock to Setup on destination clock mclk
---------------+---------+---------+---------+---------+
               | Src:Rise| Src:Fall| Src:Rise| Src:Fall|
Source Clock   |Dest:Rise|Dest:Rise|Dest:Fall|Dest:Fall|
---------------+---------+---------+---------+---------+
mclk           |   12.756|         |         |         |
---------------+---------+---------+---------+---------+


Analysis completed Mon Jan 09 23:52:24 2017 
--------------------------------------------------------------------------------

Trace Settings:
-------------------------
Trace Settings 

Peak Memory Usage: 402 MB



