Running: C:\Xilinx\14.7\ISE_DS\ISE\bin\nt\unwrapped\fuse.exe -intstyle ise -incremental -lib unisims_ver -lib unimacro_ver -lib xilinxcorelib_ver -lib secureip -o C:/Documents and Settings/Administrator/My Documents/3150102418/Exp8/ADC32/ADD4b_ADD4b_sch_tb_isim_beh.exe -prj C:/Documents and Settings/Administrator/My Documents/3150102418/Exp8/ADC32/ADD4b_ADD4b_sch_tb_beh.prj work.ADD4b_ADD4b_sch_tb work.glbl 
ISim P.20131013 (signature 0x8ef4fb42)
Number of CPUs detected in this system: 2
Turning on mult-threading, number of parallel sub-compilation jobs: 4 
Determining compilation order of HDL files
Analyzing Verilog file "C:/Documents and Settings/Administrator/My Documents/3150102418/Exp8/ADC32/CLA.vf" into library work
Analyzing Verilog file "C:/Documents and Settings/Administrator/My Documents/3150102418/Exp8/ADC32/add.vf" into library work
Analyzing Verilog file "C:/Documents and Settings/Administrator/My Documents/3150102418/Exp8/ADC32/ADD4b.vf" into library work
Analyzing Verilog file "C:/Documents and Settings/Administrator/My Documents/3150102418/Exp8/ADC32/ADD4b.v" into library work
Analyzing Verilog file "C:/Xilinx/14.7/ISE_DS/ISE//verilog/src/glbl.v" into library work
Starting static elaboration
Completed static elaboration
Fuse Memory Usage: 65792 KB
Fuse CPU Usage: 421 ms
Compiling module XOR2
Compiling module AND2
Compiling module OR2
Compiling module add_MUSER_ADD4b
Compiling module AND3
Compiling module AND4
Compiling module OR3
Compiling module OR4
Compiling module CLA_MUSER_ADD4b
Compiling module ADD4b
Compiling module ADD4b_ADD4b_sch_tb
Compiling module glbl
Time Resolution for simulation is 1ps.
Waiting for 9 sub-compilation(s) to finish...
Compiled 12 Verilog Units
Built simulation executable C:/Documents and Settings/Administrator/My Documents/3150102418/Exp8/ADC32/ADD4b_ADD4b_sch_tb_isim_beh.exe
Fuse Memory Usage: 71300 KB
Fuse CPU Usage: 749 ms
