INFO:sim:172 - Generating IP...
Resolving generics for 'bomb'...
Applying external generics to 'bomb'...
Delivering associated files for 'bomb'...
Delivering EJava files for 'bomb'...
Generating implementation netlist for 'bomb'...
INFO:sim - Pre-processing HDL files for 'bomb'...
Running synthesis for 'bomb'
Running ngcbuild...
Writing VEO instantiation template for 'bomb'...
Writing Verilog behavioral simulation model for 'bomb'...
WARNING:sim - Overwriting existing file C:/Documents and
   Settings/Administrator/My Documents/3150102418/ISE
   Piggy/Piggy/ipcore_dir/tmp/_cg/bomb/doc/blk_mem_gen_v7_3_vinfo.html with file
   from view xilinx_documentation
Delivered 1 file into directory C:/Documents and Settings/Administrator/My
Documents/3150102418/ISE Piggy/Piggy/ipcore_dir/tmp/_cg/bomb
Generating ASY schematic symbol...
INFO:sim:949 - Finished generation of ASY schematic symbol.
Generating SYM schematic symbol for 'bomb'...
Generating metadata file...
Regenerating ISE project file for 'bomb'...
Generating ISE project...
XCO file found: bomb.xco
XMDF file found: bomb_xmdf.tcl
Adding C:/Documents and Settings/Administrator/My Documents/3150102418/ISE
Piggy/Piggy/ipcore_dir/tmp/_cg/bomb.asy -view all -origin_type imported
Adding C:/Documents and Settings/Administrator/My Documents/3150102418/ISE
Piggy/Piggy/ipcore_dir/tmp/_cg/bomb.ngc -view all -origin_type created
Checking file "C:/Documents and Settings/Administrator/My
Documents/3150102418/ISE Piggy/Piggy/ipcore_dir/tmp/_cg/bomb.ngc" for project
device match ...
File "C:/Documents and Settings/Administrator/My Documents/3150102418/ISE
Piggy/Piggy/ipcore_dir/tmp/_cg/bomb.ngc" device information matches project
device.
Adding C:/Documents and Settings/Administrator/My Documents/3150102418/ISE
Piggy/Piggy/ipcore_dir/tmp/_cg/bomb.sym -view all -origin_type imported
Adding C:/Documents and Settings/Administrator/My Documents/3150102418/ISE
Piggy/Piggy/ipcore_dir/tmp/_cg/bomb.v -view all -origin_type created
INFO:HDLCompiler:1845 - Analyzing Verilog file "C:/Documents and
   Settings/Administrator/My Documents/3150102418/ISE
   Piggy/Piggy/ipcore_dir/tmp/_cg/bomb.v" into library work
INFO:ProjectMgmt - Parsing design hierarchy completed successfully.
Adding C:/Documents and Settings/Administrator/My Documents/3150102418/ISE
Piggy/Piggy/ipcore_dir/tmp/_cg/bomb.veo -view all -origin_type imported
INFO:TclTasksC:2116 - The automatic calculation of top has been turned-off.
   Please set the new top explicitly by running the "project set top" command.
   To re-calculate the new top automatically, set the "Auto Implementation Top"
   property to true.
Top level has been set to "/bomb"
Generating README file...
Generating FLIST file...
INFO:sim:948 - Finished FLIST file generation.
Launching README viewer...
Moving files to output directory...
Finished moving files to output directory
Wrote CGP file for project 'bomb'.
